nov. 30, 2013 3:14:20 AM org.apache.catalina.startup.HostConfig deployWAR
INFO: Déploiement de l'archive /home/robinovitch/M2ALMA/Projet_CodeLutin/apache-tomcat-7.0.47/webapps/reader-services-0.1-SNAPSHOT.war de l'application web
nov. 30, 2013 3:14:21 AM org.springframework.web.context.ContextLoader initWebApplicationContext
INFO: Root WebApplicationContext: initialization started
nov. 30, 2013 3:14:21 AM org.springframework.web.context.support.XmlWebApplicationContext prepareRefresh
INFO: Refreshing Root WebApplicationContext: startup date [Sat Nov 30 03:14:21 CET 2013]; root of context hierarchy
nov. 30, 2013 3:14:21 AM org.springframework.beans.factory.xml.XmlBeanDefinitionReader loadBeanDefinitions
INFO: Loading XML bean definitions from ServletContext resource [/WEB-INF/rest-context.xml]
nov. 30, 2013 3:14:21 AM org.springframework.beans.factory.support.DefaultListableBeanFactory preInstantiateSingletons
INFO: Pre-instantiating singletons in org.springframework.beans.factory.support.DefaultListableBeanFactory@513212fc: defining beans [streamHandlerController,userHandlerController,h2Handler,org.springframework.context.annotation.internalConfigurationAnnotationProcessor,org.springframework.context.annotation.internalAutowiredAnnotationProcessor,org.springframework.context.annotation.internalRequiredAnnotationProcessor,org.springframework.context.annotation.internalCommonAnnotationProcessor,mvcContentNegotiationManager,org.springframework.web.servlet.mvc.method.annotation.RequestMappingHandlerMapping#0,org.springframework.format.support.FormattingConversionServiceFactoryBean#0,org.springframework.web.servlet.mvc.method.annotation.RequestMappingHandlerAdapter#0,org.springframework.web.servlet.handler.MappedInterceptor#0,org.springframework.web.servlet.mvc.method.annotation.ExceptionHandlerExceptionResolver#0,org.springframework.web.servlet.mvc.annotation.ResponseStatusExceptionResolver#0,org.springframework.web.servlet.mvc.support.DefaultHandlerExceptionResolver#0,org.springframework.web.servlet.handler.BeanNameUrlHandlerMapping,org.springframework.web.servlet.mvc.HttpRequestHandlerAdapter,org.springframework.web.servlet.mvc.SimpleControllerHandlerAdapter,org.springframework.context.annotation.ConfigurationClassPostProcessor.importAwareProcessor]; root of factory hierarchy
H2 handler created
StreamHandlerController created
Driver H2 Database chargé...
Base de données H2 détectée...
Connexion à la base de données H2...
UserHandlerController created
nov. 30, 2013 3:14:23 AM org.springframework.web.servlet.mvc.method.annotation.RequestMappingHandlerMapping registerHandlerMethod
INFO: Mapped "{[/streams/deleteSource],methods=[POST],params=[],headers=[],consumes=[],produces=[],custom=[]}" onto public boolean fr.alma.middleware1314.services.StreamHandlerController.deleteSource(java.lang.String,java.lang.String)
nov. 30, 2013 3:14:23 AM org.springframework.web.servlet.mvc.method.annotation.RequestMappingHandlerMapping registerHandlerMethod
INFO: Mapped "{[/streams/update],methods=[POST],params=[],headers=[],consumes=[],produces=[],custom=[]}" onto public fr.alma.middleware1314.api.Feed fr.alma.middleware1314.services.StreamHandlerController.updateSource(java.lang.String,java.lang.String)
nov. 30, 2013 3:14:23 AM org.springframework.web.servlet.mvc.method.annotation.RequestMappingHandlerMapping registerHandlerMethod
INFO: Mapped "{[/streams/updateAll],methods=[POST],params=[],headers=[],consumes=[],produces=[],custom=[]}" onto public java.util.List<fr.alma.middleware1314.api.Feed> fr.alma.middleware1314.services.StreamHandlerController.updateAll(java.lang.String)
nov. 30, 2013 3:14:23 AM org.springframework.web.servlet.mvc.method.annotation.RequestMappingHandlerMapping registerHandlerMethod
INFO: Mapped "{[/streams/add],methods=[POST],params=[],headers=[],consumes=[],produces=[],custom=[]}" onto public void fr.alma.middleware1314.services.StreamHandlerController.addSource(java.lang.String,java.lang.String)
nov. 30, 2013 3:14:23 AM org.springframework.web.servlet.mvc.method.annotation.RequestMappingHandlerMapping registerHandlerMethod
INFO: Mapped "{[/users/delete],methods=[POST],params=[],headers=[],consumes=[],produces=[],custom=[]}" onto public void fr.alma.middleware1314.services.UserHandlerController.deleteUser(java.lang.String)
nov. 30, 2013 3:14:23 AM org.springframework.web.servlet.mvc.method.annotation.RequestMappingHandlerMapping registerHandlerMethod
INFO: Mapped "{[/users/login],methods=[POST],params=[],headers=[],consumes=[],produces=[],custom=[]}" onto public fr.alma.middleware1314.api.UserToken fr.alma.middleware1314.services.UserHandlerController.login(java.lang.String,java.lang.String)
nov. 30, 2013 3:14:23 AM org.springframework.web.servlet.mvc.method.annotation.RequestMappingHandlerMapping registerHandlerMethod
INFO: Mapped "{[/users/logout],methods=[POST],params=[],headers=[],consumes=[],produces=[],custom=[]}" onto public void fr.alma.middleware1314.services.UserHandlerController.logout(fr.alma.middleware1314.api.UserToken)
nov. 30, 2013 3:14:23 AM org.springframework.web.servlet.mvc.method.annotation.RequestMappingHandlerMapping registerHandlerMethod
INFO: Mapped "{[/users/create],methods=[POST],params=[],headers=[],consumes=[],produces=[],custom=[]}" onto public void fr.alma.middleware1314.services.UserHandlerController.createUser(java.lang.String,java.lang.String)
nov. 30, 2013 3:14:23 AM org.springframework.web.context.ContextLoader initWebApplicationContext
INFO: Root WebApplicationContext: initialization completed in 2110 ms
nov. 30, 2013 3:14:34 AM org.springframework.web.servlet.DispatcherServlet initServletBean
INFO: FrameworkServlet 'rest': initialization started
nov. 30, 2013 3:14:34 AM org.springframework.web.context.support.XmlWebApplicationContext prepareRefresh
INFO: Refreshing WebApplicationContext for namespace 'rest-servlet': startup date [Sat Nov 30 03:14:34 CET 2013]; parent: Root WebApplicationContext
nov. 30, 2013 3:14:34 AM org.springframework.beans.factory.xml.XmlBeanDefinitionReader loadBeanDefinitions
INFO: Loading XML bean definitions from ServletContext resource [/WEB-INF/rest-servlet.xml]
nov. 30, 2013 3:14:35 AM org.springframework.beans.factory.support.DefaultListableBeanFactory preInstantiateSingletons
INFO: Pre-instantiating singletons in org.springframework.beans.factory.support.DefaultListableBeanFactory@3c9b7c09: defining beans [streamHandlerController,userHandlerController,h2Handler,org.springframework.context.annotation.internalConfigurationAnnotationProcessor,org.springframework.context.annotation.internalAutowiredAnnotationProcessor,org.springframework.context.annotation.internalRequiredAnnotationProcessor,org.springframework.context.annotation.internalCommonAnnotationProcessor,mvcContentNegotiationManager,org.springframework.web.servlet.mvc.method.annotation.RequestMappingHandlerMapping#0,org.springframework.format.support.FormattingConversionServiceFactoryBean#0,org.springframework.web.servlet.mvc.method.annotation.RequestMappingHandlerAdapter#0,org.springframework.web.servlet.handler.MappedInterceptor#0,org.springframework.web.servlet.mvc.method.annotation.ExceptionHandlerExceptionResolver#0,org.springframework.web.servlet.mvc.annotation.ResponseStatusExceptionResolver#0,org.springframework.web.servlet.mvc.support.DefaultHandlerExceptionResolver#0,org.springframework.web.servlet.handler.BeanNameUrlHandlerMapping,org.springframework.web.servlet.mvc.HttpRequestHandlerAdapter,org.springframework.web.servlet.mvc.SimpleControllerHandlerAdapter,org.springframework.context.annotation.ConfigurationClassPostProcessor.importAwareProcessor]; parent: org.springframework.beans.factory.support.DefaultListableBeanFactory@513212fc
H2 handler created
StreamHandlerController created
Driver H2 Database chargé...
Base de données H2 détectée...
Connexion à la base de données H2...
UserHandlerController created
nov. 30, 2013 3:14:36 AM org.springframework.web.servlet.mvc.method.annotation.RequestMappingHandlerMapping registerHandlerMethod
INFO: Mapped "{[/streams/deleteSource],methods=[POST],params=[],headers=[],consumes=[],produces=[],custom=[]}" onto public boolean fr.alma.middleware1314.services.StreamHandlerController.deleteSource(java.lang.String,java.lang.String)
nov. 30, 2013 3:14:36 AM org.springframework.web.servlet.mvc.method.annotation.RequestMappingHandlerMapping registerHandlerMethod
INFO: Mapped "{[/streams/update],methods=[POST],params=[],headers=[],consumes=[],produces=[],custom=[]}" onto public fr.alma.middleware1314.api.Feed fr.alma.middleware1314.services.StreamHandlerController.updateSource(java.lang.String,java.lang.String)
nov. 30, 2013 3:14:36 AM org.springframework.web.servlet.mvc.method.annotation.RequestMappingHandlerMapping registerHandlerMethod
INFO: Mapped "{[/streams/updateAll],methods=[POST],params=[],headers=[],consumes=[],produces=[],custom=[]}" onto public java.util.List<fr.alma.middleware1314.api.Feed> fr.alma.middleware1314.services.StreamHandlerController.updateAll(java.lang.String)
nov. 30, 2013 3:14:36 AM org.springframework.web.servlet.mvc.method.annotation.RequestMappingHandlerMapping registerHandlerMethod
INFO: Mapped "{[/streams/add],methods=[POST],params=[],headers=[],consumes=[],produces=[],custom=[]}" onto public void fr.alma.middleware1314.services.StreamHandlerController.addSource(java.lang.String,java.lang.String)
nov. 30, 2013 3:14:36 AM org.springframework.web.servlet.mvc.method.annotation.RequestMappingHandlerMapping registerHandlerMethod
INFO: Mapped "{[/users/delete],methods=[POST],params=[],headers=[],consumes=[],produces=[],custom=[]}" onto public void fr.alma.middleware1314.services.UserHandlerController.deleteUser(java.lang.String)
nov. 30, 2013 3:14:36 AM org.springframework.web.servlet.mvc.method.annotation.RequestMappingHandlerMapping registerHandlerMethod
INFO: Mapped "{[/users/login],methods=[POST],params=[],headers=[],consumes=[],produces=[],custom=[]}" onto public fr.alma.middleware1314.api.UserToken fr.alma.middleware1314.services.UserHandlerController.login(java.lang.String,java.lang.String)
nov. 30, 2013 3:14:36 AM org.springframework.web.servlet.mvc.method.annotation.RequestMappingHandlerMapping registerHandlerMethod
INFO: Mapped "{[/users/logout],methods=[POST],params=[],headers=[],consumes=[],produces=[],custom=[]}" onto public void fr.alma.middleware1314.services.UserHandlerController.logout(fr.alma.middleware1314.api.UserToken)
nov. 30, 2013 3:14:36 AM org.springframework.web.servlet.mvc.method.annotation.RequestMappingHandlerMapping registerHandlerMethod
INFO: Mapped "{[/users/create],methods=[POST],params=[],headers=[],consumes=[],produces=[],custom=[]}" onto public void fr.alma.middleware1314.services.UserHandlerController.createUser(java.lang.String,java.lang.String)
nov. 30, 2013 3:14:36 AM org.springframework.web.servlet.DispatcherServlet initServletBean
INFO: FrameworkServlet 'rest': initialization completed in 1637 ms
Update source
==========================
Table Entries
==========================
|1	|1	|2013-11-30 01:39:33.0	|Ecosse : un hélicoptère s'écrase sur un pub de Glasgow - Le Parisien	|	|clob0: SPACE(3459 /* table: 18 id: 2 */)	|
|2	|1	|2013-11-30 01:30:57.0	|VIDEO. Fillette morte à Berck : une femme suspectée d'être la mère ... - Le Parisien	|	|clob1: SPACE(3593 /* table: 18 id: 4 */)	|
|3	|1	|2013-11-29 21:56:28.0	|Rohani exclut «à 100%» un démantèlement des installations - Tribune de Genève	|	|clob2: SPACE(1270 /* table: 18 id: 6 */)	|
|4	|1	|2013-11-30 01:55:22.0	|Bijoutier de la Marne : le soutien des habitants - Europe1	|	|clob3: SPACE(2794 /* table: 18 id: 8 */)	|
|5	|1	|2013-11-29 16:51:13.0	|Prostitution: l'Assemblée entame les débats, les opposants peu ... - Le Nouvel Observateur	|	|clob4: SPACE(3624 /* table: 18 id: 10 */)	|
|6	|1	|2013-11-30 02:13:15.0	|Evry (Essonne) : Manuel Valls candidat aux municipales - metronews	|	|clob5: SPACE(3337 /* table: 18 id: 12 */)	|
|7	|1	|2013-11-29 12:22:24.0	|Plus de financement dédié aux retraites-chapeaux à Air France - Challenges.fr	|	|clob6: SPACE(3449 /* table: 18 id: 14 */)	|
|8	|1	|2013-11-30 00:08:50.0	|Zone aérienne chinoise: Pékin appelé à réagir "sans hésiter" aux ... - Le Point	|	|clob7: SPACE(2581 /* table: 18 id: 16 */)	|
|9	|1	|2013-11-29 19:22:44.0	|Sécurité routière : un mouchard dans votre voiture - Le Parisien	|	|clob8: SPACE(3772 /* table: 18 id: 18 */)	|
|10	|1	|2013-11-29 19:33:37.0	|Attentats en Corse: 5 mises en examen à Paris - Le Figaro	|	|clob9: SPACE(1299 /* table: 18 id: 20 */)	|
|11	|1	|2013-11-30 01:39:33.0	|Ecosse : un hélicoptère s'écrase sur un pub de Glasgow - Le Parisien	|	|clob10: SPACE(3459 /* table: 18 id: 22 */)	|
|12	|1	|2013-11-30 01:30:57.0	|VIDEO. Fillette morte à Berck : une femme suspectée d'être la mère ... - Le Parisien	|	|clob11: SPACE(3593 /* table: 18 id: 24 */)	|
|13	|1	|2013-11-29 21:56:28.0	|Rohani exclut «à 100%» un démantèlement des installations - Tribune de Genève	|	|clob12: SPACE(1270 /* table: 18 id: 26 */)	|
|14	|1	|2013-11-30 02:00:58.0	|Bijoutier de la Marne : déchainement sur Facebook - Europe1	|	|clob13: SPACE(2812 /* table: 18 id: 28 */)	|
|15	|1	|2013-11-30 00:42:30.0	|Prostitution : première passe d'armes entre députés - Libération	|	|clob14: SPACE(3360 /* table: 18 id: 30 */)	|
|16	|1	|2013-11-30 01:39:33.0	|Ecosse : un hélicoptère s'écrase sur un pub de Glasgow - Le Parisien	|	|clob15: SPACE(3459 /* table: 18 id: 32 */)	|
|17	|1	|2013-11-30 01:30:57.0	|VIDEO. Fillette morte à Berck : une femme suspectée d'être la mère ... - Le Parisien	|	|clob16: SPACE(3593 /* table: 18 id: 34 */)	|
|18	|1	|2013-11-30 01:57:17.0	|Prostitution : le débat s'ouvre devant un hémicycle quasi désert - Le Monde	|	|clob17: SPACE(3110 /* table: 18 id: 36 */)	|
|19	|1	|2013-11-30 02:00:58.0	|Bijoutier de la Marne : déchainement sur Facebook - Europe1	|	|clob18: SPACE(2767 /* table: 18 id: 38 */)	|
|20	|1	|2013-11-30 01:39:33.0	|Ecosse : un hélicoptère s'écrase sur un pub de Glasgow - Le Parisien	|	|clob19: SPACE(3459 /* table: 18 id: 40 */)	|
|21	|1	|2013-11-30 01:30:57.0	|VIDEO. Fillette morte à Berck : une femme suspectée d'être la mère ... - Le Parisien	|	|clob20: SPACE(3593 /* table: 18 id: 42 */)	|
|22	|1	|2013-11-30 01:57:17.0	|Prostitution : le débat s'ouvre devant un hémicycle quasi désert - Le Monde	|	|clob21: SPACE(3110 /* table: 18 id: 44 */)	|
|23	|1	|2013-11-30 02:00:58.0	|Bijoutier de la Marne : déchainement sur Facebook - Europe1	|	|clob22: SPACE(2767 /* table: 18 id: 46 */)	|
|24	|2	|2013-11-30 01:55:58.0	|Police helicopter crash: 'Multiple injuries' at The Clutha pub in Glasgow - BBC News	|	|clob23: SPACE(3495 /* table: 18 id: 48 */)	|
|25	|2	|2013-11-30 01:48:46.0	|White House tree arrives as Obamas mull over next home - NBCNews.com	|	|clob24: SPACE(3132 /* table: 18 id: 50 */)	|
|26	|2	|2013-11-30 02:14:26.0	|Iraq war vet accused in homeless killings dies while awaiting trial - CNN	|	|clob25: SPACE(3047 /* table: 18 id: 52 */)	|
|27	|2	|2013-11-30 01:24:34.0	|Driver Shot Dragging Chicago-Area Police Officer - ABC News	|	|clob26: SPACE(3025 /* table: 18 id: 54 */)	|
|28	|2	|2013-11-30 02:33:00.0	|On Black Friday, Strikes and Counterstrikes at Wal-Mart's Stores - Businessweek	|	|clob27: SPACE(3518 /* table: 18 id: 56 */)	|
|29	|2	|2013-11-30 02:31:28.0	|Black Friday is big, but online shopping is even bigger - USA TODAY	|	|clob28: SPACE(3412 /* table: 18 id: 58 */)	|
|30	|2	|2013-11-30 01:52:39.0	|Obama Visits Activists Fasting for Immigration Reform - TIME	|	|clob29: SPACE(3167 /* table: 18 id: 60 */)	|
|31	|2	|2013-11-30 02:33:45.0	|Hope still for 'dead' Comet Ison - BBC News	|	|clob30: SPACE(3009 /* table: 18 id: 62 */)	|
|32	|2	|2013-11-30 01:01:04.0	|Josh Romney to the rescue! Mitt's son pulls four from mangled SUV - Washington Times	|	|clob31: SPACE(2842 /* table: 18 id: 64 */)	|
|33	|2	|2013-11-30 02:27:45.0	|Lee Rigby killing 'cowardly and callous' - BBC News	|	|clob32: SPACE(3566 /* table: 18 id: 66 */)	|
|34	|2	|2013-11-30 01:55:58.0	|Police helicopter crash: 'Multiple injuries' at The Clutha pub in Glasgow - BBC News	|	|clob33: SPACE(3495 /* table: 18 id: 68 */)	|
|35	|2	|2013-11-30 01:48:46.0	|White House tree arrives as Obamas mull over next home - NBCNews.com	|	|clob34: SPACE(3132 /* table: 18 id: 70 */)	|
|36	|2	|2013-11-30 02:14:26.0	|Iraq war vet accused in homeless killings dies while awaiting trial - CNN	|	|clob35: SPACE(3047 /* table: 18 id: 72 */)	|
|37	|2	|2013-11-30 01:24:34.0	|Driver Shot Dragging Chicago-Area Police Officer - ABC News	|	|clob36: SPACE(3025 /* table: 18 id: 74 */)	|
|38	|2	|2013-11-30 02:33:00.0	|On Black Friday, Strikes and Counterstrikes at Wal-Mart's Stores - Businessweek	|	|clob37: SPACE(3518 /* table: 18 id: 76 */)	|
|39	|2	|2013-11-30 02:31:28.0	|Black Friday is big, but online shopping is even bigger - USA TODAY	|	|clob38: SPACE(3412 /* table: 18 id: 78 */)	|
|40	|2	|2013-11-30 01:52:39.0	|Obama Visits Activists Fasting for Immigration Reform - TIME	|	|clob39: SPACE(3167 /* table: 18 id: 80 */)	|
|41	|2	|2013-11-30 01:55:58.0	|Police helicopter crash: 'Multiple injuries' at The Clutha pub in Glasgow - BBC News	|	|clob40: SPACE(3495 /* table: 18 id: 82 */)	|
|42	|2	|2013-11-30 01:48:46.0	|White House tree arrives as Obamas mull over next home - NBCNews.com	|	|clob41: SPACE(3132 /* table: 18 id: 84 */)	|
|43	|2	|2013-11-30 02:14:26.0	|Iraq war vet accused in homeless killings dies while awaiting trial - CNN	|	|clob42: SPACE(3047 /* table: 18 id: 86 */)	|
|44	|2	|2013-11-30 01:24:34.0	|Driver Shot Dragging Chicago-Area Police Officer - ABC News	|	|clob43: SPACE(3025 /* table: 18 id: 88 */)	|
|45	|2	|2013-11-30 02:33:00.0	|On Black Friday, Strikes and Counterstrikes at Wal-Mart's Stores - Businessweek	|	|clob44: SPACE(3518 /* table: 18 id: 90 */)	|
|46	|2	|2013-11-30 02:31:28.0	|Black Friday is big, but online shopping is even bigger - USA TODAY	|	|clob45: SPACE(3412 /* table: 18 id: 92 */)	|
|47	|2	|2013-11-30 01:52:39.0	|Obama Visits Activists Fasting for Immigration Reform - TIME	|	|clob46: SPACE(3167 /* table: 18 id: 94 */)	|
|48	|2	|2013-11-30 02:39:50.0	|Witness: 'No explosion,' just quiet after helicopter crashes into pub in Scotland - CNN	|	|clob47: SPACE(3210 /* table: 18 id: 96 */)	|
|49	|2	|2013-11-30 02:58:26.0	|On Black Friday, Strikes and Counterstrikes at Wal-Mart's Stores - Businessweek	|	|clob48: SPACE(3509 /* table: 18 id: 98 */)	|
|50	|2	|2013-11-30 02:36:29.0	|Obamas may stay on in D.C. if Sasha wishes - New York Daily News	|	|clob49: SPACE(3214 /* table: 18 id: 100 */)	|
|51	|2	|2013-11-30 02:45:20.0	|Driver shot by police after alleged theft - Chicago Tribune	|	|clob50: SPACE(3262 /* table: 18 id: 102 */)	|
|52	|2	|2013-11-30 02:56:01.0	|Black Friday is big, but online shopping is even bigger - USA TODAY	|	|clob51: SPACE(3531 /* table: 18 id: 104 */)	|
|53	|2	|2013-11-30 02:57:44.0	|Hope still for 'dead' Comet Ison - BBC News	|	|clob52: SPACE(3396 /* table: 18 id: 106 */)	|
|54	|2	|2013-11-30 02:43:46.0	|Lee Rigby killing 'cowardly and callous' - BBC News	|	|clob53: SPACE(3616 /* table: 18 id: 108 */)	|
|55	|2	|2013-11-30 03:02:33.0	|Black Friday is big, but online shopping is even bigger - USA TODAY	|	|clob54: SPACE(3531 /* table: 18 id: 110 */)	|
|56	|2	|2013-11-30 02:59:56.0	|On Black Friday, Strikes and Counterstrikes at Wal-Mart's Stores - Businessweek	|	|clob55: SPACE(3499 /* table: 18 id: 112 */)	|
|57	|2	|2013-11-30 02:59:26.0	|Hope still for 'dead' Comet Ison - BBC News	|	|clob56: SPACE(3232 /* table: 18 id: 114 */)	|
==========================
[TRACE-FeedID] in getFeedID
[TRACE-FeedID] return : 2
[TRACE-getFeedDate]
[TRACE-getFeedDate] return : Sat Nov 30 02:36:18 CET 2013
[TRACE-UserID] in getUserID
[TRACE-UserID] return : 1
[TRACE-FeedID] in getFeedID
[TRACE-FeedID] return : 2
[TRACE-getPublishedDate]
[TRACE-getPublishedDate] return : Sat Nov 30 03:02:33 CET 2013
==========================
Table Entries
==========================
|1	|1	|2013-11-30 01:39:33.0	|Ecosse : un hélicoptère s'écrase sur un pub de Glasgow - Le Parisien	|	|clob57: SPACE(3459 /* table: 18 id: 2 */)	|
|2	|1	|2013-11-30 01:30:57.0	|VIDEO. Fillette morte à Berck : une femme suspectée d'être la mère ... - Le Parisien	|	|clob58: SPACE(3593 /* table: 18 id: 4 */)	|
|3	|1	|2013-11-29 21:56:28.0	|Rohani exclut «à 100%» un démantèlement des installations - Tribune de Genève	|	|clob59: SPACE(1270 /* table: 18 id: 6 */)	|
|4	|1	|2013-11-30 01:55:22.0	|Bijoutier de la Marne : le soutien des habitants - Europe1	|	|clob60: SPACE(2794 /* table: 18 id: 8 */)	|
|5	|1	|2013-11-29 16:51:13.0	|Prostitution: l'Assemblée entame les débats, les opposants peu ... - Le Nouvel Observateur	|	|clob61: SPACE(3624 /* table: 18 id: 10 */)	|
|6	|1	|2013-11-30 02:13:15.0	|Evry (Essonne) : Manuel Valls candidat aux municipales - metronews	|	|clob62: SPACE(3337 /* table: 18 id: 12 */)	|
|7	|1	|2013-11-29 12:22:24.0	|Plus de financement dédié aux retraites-chapeaux à Air France - Challenges.fr	|	|clob63: SPACE(3449 /* table: 18 id: 14 */)	|
|8	|1	|2013-11-30 00:08:50.0	|Zone aérienne chinoise: Pékin appelé à réagir "sans hésiter" aux ... - Le Point	|	|clob64: SPACE(2581 /* table: 18 id: 16 */)	|
|9	|1	|2013-11-29 19:22:44.0	|Sécurité routière : un mouchard dans votre voiture - Le Parisien	|	|clob65: SPACE(3772 /* table: 18 id: 18 */)	|
|10	|1	|2013-11-29 19:33:37.0	|Attentats en Corse: 5 mises en examen à Paris - Le Figaro	|	|clob66: SPACE(1299 /* table: 18 id: 20 */)	|
|11	|1	|2013-11-30 01:39:33.0	|Ecosse : un hélicoptère s'écrase sur un pub de Glasgow - Le Parisien	|	|clob67: SPACE(3459 /* table: 18 id: 22 */)	|
|12	|1	|2013-11-30 01:30:57.0	|VIDEO. Fillette morte à Berck : une femme suspectée d'être la mère ... - Le Parisien	|	|clob68: SPACE(3593 /* table: 18 id: 24 */)	|
|13	|1	|2013-11-29 21:56:28.0	|Rohani exclut «à 100%» un démantèlement des installations - Tribune de Genève	|	|clob69: SPACE(1270 /* table: 18 id: 26 */)	|
|14	|1	|2013-11-30 02:00:58.0	|Bijoutier de la Marne : déchainement sur Facebook - Europe1	|	|clob70: SPACE(2812 /* table: 18 id: 28 */)	|
|15	|1	|2013-11-30 00:42:30.0	|Prostitution : première passe d'armes entre députés - Libération	|	|clob71: SPACE(3360 /* table: 18 id: 30 */)	|
|16	|1	|2013-11-30 01:39:33.0	|Ecosse : un hélicoptère s'écrase sur un pub de Glasgow - Le Parisien	|	|clob72: SPACE(3459 /* table: 18 id: 32 */)	|
|17	|1	|2013-11-30 01:30:57.0	|VIDEO. Fillette morte à Berck : une femme suspectée d'être la mère ... - Le Parisien	|	|clob73: SPACE(3593 /* table: 18 id: 34 */)	|
|18	|1	|2013-11-30 01:57:17.0	|Prostitution : le débat s'ouvre devant un hémicycle quasi désert - Le Monde	|	|clob74: SPACE(3110 /* table: 18 id: 36 */)	|
|19	|1	|2013-11-30 02:00:58.0	|Bijoutier de la Marne : déchainement sur Facebook - Europe1	|	|clob75: SPACE(2767 /* table: 18 id: 38 */)	|
|20	|1	|2013-11-30 01:39:33.0	|Ecosse : un hélicoptère s'écrase sur un pub de Glasgow - Le Parisien	|	|clob76: SPACE(3459 /* table: 18 id: 40 */)	|
|21	|1	|2013-11-30 01:30:57.0	|VIDEO. Fillette morte à Berck : une femme suspectée d'être la mère ... - Le Parisien	|	|clob77: SPACE(3593 /* table: 18 id: 42 */)	|
|22	|1	|2013-11-30 01:57:17.0	|Prostitution : le débat s'ouvre devant un hémicycle quasi désert - Le Monde	|	|clob78: SPACE(3110 /* table: 18 id: 44 */)	|
|23	|1	|2013-11-30 02:00:58.0	|Bijoutier de la Marne : déchainement sur Facebook - Europe1	|	|clob79: SPACE(2767 /* table: 18 id: 46 */)	|
|24	|2	|2013-11-30 01:55:58.0	|Police helicopter crash: 'Multiple injuries' at The Clutha pub in Glasgow - BBC News	|	|clob80: SPACE(3495 /* table: 18 id: 48 */)	|
|25	|2	|2013-11-30 01:48:46.0	|White House tree arrives as Obamas mull over next home - NBCNews.com	|	|clob81: SPACE(3132 /* table: 18 id: 50 */)	|
|26	|2	|2013-11-30 02:14:26.0	|Iraq war vet accused in homeless killings dies while awaiting trial - CNN	|	|clob82: SPACE(3047 /* table: 18 id: 52 */)	|
|27	|2	|2013-11-30 01:24:34.0	|Driver Shot Dragging Chicago-Area Police Officer - ABC News	|	|clob83: SPACE(3025 /* table: 18 id: 54 */)	|
|28	|2	|2013-11-30 02:33:00.0	|On Black Friday, Strikes and Counterstrikes at Wal-Mart's Stores - Businessweek	|	|clob84: SPACE(3518 /* table: 18 id: 56 */)	|
|29	|2	|2013-11-30 02:31:28.0	|Black Friday is big, but online shopping is even bigger - USA TODAY	|	|clob85: SPACE(3412 /* table: 18 id: 58 */)	|
|30	|2	|2013-11-30 01:52:39.0	|Obama Visits Activists Fasting for Immigration Reform - TIME	|	|clob86: SPACE(3167 /* table: 18 id: 60 */)	|
|31	|2	|2013-11-30 02:33:45.0	|Hope still for 'dead' Comet Ison - BBC News	|	|clob87: SPACE(3009 /* table: 18 id: 62 */)	|
|32	|2	|2013-11-30 01:01:04.0	|Josh Romney to the rescue! Mitt's son pulls four from mangled SUV - Washington Times	|	|clob88: SPACE(2842 /* table: 18 id: 64 */)	|
|33	|2	|2013-11-30 02:27:45.0	|Lee Rigby killing 'cowardly and callous' - BBC News	|	|clob89: SPACE(3566 /* table: 18 id: 66 */)	|
|34	|2	|2013-11-30 01:55:58.0	|Police helicopter crash: 'Multiple injuries' at The Clutha pub in Glasgow - BBC News	|	|clob90: SPACE(3495 /* table: 18 id: 68 */)	|
|35	|2	|2013-11-30 01:48:46.0	|White House tree arrives as Obamas mull over next home - NBCNews.com	|	|clob91: SPACE(3132 /* table: 18 id: 70 */)	|
|36	|2	|2013-11-30 02:14:26.0	|Iraq war vet accused in homeless killings dies while awaiting trial - CNN	|	|clob92: SPACE(3047 /* table: 18 id: 72 */)	|
|37	|2	|2013-11-30 01:24:34.0	|Driver Shot Dragging Chicago-Area Police Officer - ABC News	|	|clob93: SPACE(3025 /* table: 18 id: 74 */)	|
|38	|2	|2013-11-30 02:33:00.0	|On Black Friday, Strikes and Counterstrikes at Wal-Mart's Stores - Businessweek	|	|clob94: SPACE(3518 /* table: 18 id: 76 */)	|
|39	|2	|2013-11-30 02:31:28.0	|Black Friday is big, but online shopping is even bigger - USA TODAY	|	|clob95: SPACE(3412 /* table: 18 id: 78 */)	|
|40	|2	|2013-11-30 01:52:39.0	|Obama Visits Activists Fasting for Immigration Reform - TIME	|	|clob96: SPACE(3167 /* table: 18 id: 80 */)	|
|41	|2	|2013-11-30 01:55:58.0	|Police helicopter crash: 'Multiple injuries' at The Clutha pub in Glasgow - BBC News	|	|clob97: SPACE(3495 /* table: 18 id: 82 */)	|
|42	|2	|2013-11-30 01:48:46.0	|White House tree arrives as Obamas mull over next home - NBCNews.com	|	|clob98: SPACE(3132 /* table: 18 id: 84 */)	|
|43	|2	|2013-11-30 02:14:26.0	|Iraq war vet accused in homeless killings dies while awaiting trial - CNN	|	|clob99: SPACE(3047 /* table: 18 id: 86 */)	|
|44	|2	|2013-11-30 01:24:34.0	|Driver Shot Dragging Chicago-Area Police Officer - ABC News	|	|clob100: SPACE(3025 /* table: 18 id: 88 */)	|
|45	|2	|2013-11-30 02:33:00.0	|On Black Friday, Strikes and Counterstrikes at Wal-Mart's Stores - Businessweek	|	|clob101: SPACE(3518 /* table: 18 id: 90 */)	|
|46	|2	|2013-11-30 02:31:28.0	|Black Friday is big, but online shopping is even bigger - USA TODAY	|	|clob102: SPACE(3412 /* table: 18 id: 92 */)	|
|47	|2	|2013-11-30 01:52:39.0	|Obama Visits Activists Fasting for Immigration Reform - TIME	|	|clob103: SPACE(3167 /* table: 18 id: 94 */)	|
|48	|2	|2013-11-30 02:39:50.0	|Witness: 'No explosion,' just quiet after helicopter crashes into pub in Scotland - CNN	|	|clob104: SPACE(3210 /* table: 18 id: 96 */)	|
|49	|2	|2013-11-30 02:58:26.0	|On Black Friday, Strikes and Counterstrikes at Wal-Mart's Stores - Businessweek	|	|clob105: SPACE(3509 /* table: 18 id: 98 */)	|
|50	|2	|2013-11-30 02:36:29.0	|Obamas may stay on in D.C. if Sasha wishes - New York Daily News	|	|clob106: SPACE(3214 /* table: 18 id: 100 */)	|
|51	|2	|2013-11-30 02:45:20.0	|Driver shot by police after alleged theft - Chicago Tribune	|	|clob107: SPACE(3262 /* table: 18 id: 102 */)	|
|52	|2	|2013-11-30 02:56:01.0	|Black Friday is big, but online shopping is even bigger - USA TODAY	|	|clob108: SPACE(3531 /* table: 18 id: 104 */)	|
|53	|2	|2013-11-30 02:57:44.0	|Hope still for 'dead' Comet Ison - BBC News	|	|clob109: SPACE(3396 /* table: 18 id: 106 */)	|
|54	|2	|2013-11-30 02:43:46.0	|Lee Rigby killing 'cowardly and callous' - BBC News	|	|clob110: SPACE(3616 /* table: 18 id: 108 */)	|
|55	|2	|2013-11-30 03:02:33.0	|Black Friday is big, but online shopping is even bigger - USA TODAY	|	|clob111: SPACE(3531 /* table: 18 id: 110 */)	|
|56	|2	|2013-11-30 02:59:56.0	|On Black Friday, Strikes and Counterstrikes at Wal-Mart's Stores - Businessweek	|	|clob112: SPACE(3499 /* table: 18 id: 112 */)	|
|57	|2	|2013-11-30 02:59:26.0	|Hope still for 'dead' Comet Ison - BBC News	|	|clob113: SPACE(3232 /* table: 18 id: 114 */)	|
==========================
on passe par update
[TRACE-FeedID] in getFeedID
[TRACE-FeedID] return : 2
 *************** Feed : Top Stories - Google News*****************
in readFeedEntries
 **** entry ****
 **** entry ****
 **** entry ****
 **** entry ****
 **** entry ****
 **** entry ****
 **** entry ****
 **** entry ****
 **** entry ****
 **** entry ****
Size of getENtries y updteFeed : 10
[TRACE-FeedID] in getFeedID
[TRACE-FeedID] return : 2
[TRACE-getLastPublishedinFeed]
[TRACE-getLastPublishedinFeed] return : Sat Nov 30 03:02:33 CET 2013
Entry published : Sat Nov 30 02:39:50 CET 2013
Entry published : Sat Nov 30 02:36:29 CET 2013
Entry published : Sat Nov 30 02:14:26 CET 2013
Entry published : Sat Nov 30 02:26:29 CET 2013
Entry published : Sat Nov 30 02:16:57 CET 2013
Entry published : Sat Nov 30 02:16:13 CET 2013
Entry published : Sat Nov 30 02:55:59 CET 2013
Entry published : Sat Nov 30 03:09:14 CET 2013
[TRACE-Entry] in addEntry
getTimestamp : Sat Nov 30 03:09:14 CET 2013
	 Timestamp : 2013-11-30 03:09:14.0
[TRACE-Entry] return : true
==========================
Table Entries
==========================
|1	|1	|2013-11-30 01:39:33.0	|Ecosse : un hélicoptère s'écrase sur un pub de Glasgow - Le Parisien	|	|clob115: SPACE(3459 /* table: 18 id: 2 */)	|
|2	|1	|2013-11-30 01:30:57.0	|VIDEO. Fillette morte à Berck : une femme suspectée d'être la mère ... - Le Parisien	|	|clob116: SPACE(3593 /* table: 18 id: 4 */)	|
|3	|1	|2013-11-29 21:56:28.0	|Rohani exclut «à 100%» un démantèlement des installations - Tribune de Genève	|	|clob117: SPACE(1270 /* table: 18 id: 6 */)	|
|4	|1	|2013-11-30 01:55:22.0	|Bijoutier de la Marne : le soutien des habitants - Europe1	|	|clob118: SPACE(2794 /* table: 18 id: 8 */)	|
|5	|1	|2013-11-29 16:51:13.0	|Prostitution: l'Assemblée entame les débats, les opposants peu ... - Le Nouvel Observateur	|	|clob119: SPACE(3624 /* table: 18 id: 10 */)	|
|6	|1	|2013-11-30 02:13:15.0	|Evry (Essonne) : Manuel Valls candidat aux municipales - metronews	|	|clob120: SPACE(3337 /* table: 18 id: 12 */)	|
|7	|1	|2013-11-29 12:22:24.0	|Plus de financement dédié aux retraites-chapeaux à Air France - Challenges.fr	|	|clob121: SPACE(3449 /* table: 18 id: 14 */)	|
|8	|1	|2013-11-30 00:08:50.0	|Zone aérienne chinoise: Pékin appelé à réagir "sans hésiter" aux ... - Le Point	|	|clob122: SPACE(2581 /* table: 18 id: 16 */)	|
|9	|1	|2013-11-29 19:22:44.0	|Sécurité routière : un mouchard dans votre voiture - Le Parisien	|	|clob123: SPACE(3772 /* table: 18 id: 18 */)	|
|10	|1	|2013-11-29 19:33:37.0	|Attentats en Corse: 5 mises en examen à Paris - Le Figaro	|	|clob124: SPACE(1299 /* table: 18 id: 20 */)	|
|11	|1	|2013-11-30 01:39:33.0	|Ecosse : un hélicoptère s'écrase sur un pub de Glasgow - Le Parisien	|	|clob125: SPACE(3459 /* table: 18 id: 22 */)	|
|12	|1	|2013-11-30 01:30:57.0	|VIDEO. Fillette morte à Berck : une femme suspectée d'être la mère ... - Le Parisien	|	|clob126: SPACE(3593 /* table: 18 id: 24 */)	|
|13	|1	|2013-11-29 21:56:28.0	|Rohani exclut «à 100%» un démantèlement des installations - Tribune de Genève	|	|clob127: SPACE(1270 /* table: 18 id: 26 */)	|
|14	|1	|2013-11-30 02:00:58.0	|Bijoutier de la Marne : déchainement sur Facebook - Europe1	|	|clob128: SPACE(2812 /* table: 18 id: 28 */)	|
|15	|1	|2013-11-30 00:42:30.0	|Prostitution : première passe d'armes entre députés - Libération	|	|clob129: SPACE(3360 /* table: 18 id: 30 */)	|
|16	|1	|2013-11-30 01:39:33.0	|Ecosse : un hélicoptère s'écrase sur un pub de Glasgow - Le Parisien	|	|clob130: SPACE(3459 /* table: 18 id: 32 */)	|
|17	|1	|2013-11-30 01:30:57.0	|VIDEO. Fillette morte à Berck : une femme suspectée d'être la mère ... - Le Parisien	|	|clob131: SPACE(3593 /* table: 18 id: 34 */)	|
|18	|1	|2013-11-30 01:57:17.0	|Prostitution : le débat s'ouvre devant un hémicycle quasi désert - Le Monde	|	|clob132: SPACE(3110 /* table: 18 id: 36 */)	|
|19	|1	|2013-11-30 02:00:58.0	|Bijoutier de la Marne : déchainement sur Facebook - Europe1	|	|clob133: SPACE(2767 /* table: 18 id: 38 */)	|
|20	|1	|2013-11-30 01:39:33.0	|Ecosse : un hélicoptère s'écrase sur un pub de Glasgow - Le Parisien	|	|clob134: SPACE(3459 /* table: 18 id: 40 */)	|
|21	|1	|2013-11-30 01:30:57.0	|VIDEO. Fillette morte à Berck : une femme suspectée d'être la mère ... - Le Parisien	|	|clob135: SPACE(3593 /* table: 18 id: 42 */)	|
|22	|1	|2013-11-30 01:57:17.0	|Prostitution : le débat s'ouvre devant un hémicycle quasi désert - Le Monde	|	|clob136: SPACE(3110 /* table: 18 id: 44 */)	|
|23	|1	|2013-11-30 02:00:58.0	|Bijoutier de la Marne : déchainement sur Facebook - Europe1	|	|clob137: SPACE(2767 /* table: 18 id: 46 */)	|
|24	|2	|2013-11-30 01:55:58.0	|Police helicopter crash: 'Multiple injuries' at The Clutha pub in Glasgow - BBC News	|	|clob138: SPACE(3495 /* table: 18 id: 48 */)	|
|25	|2	|2013-11-30 01:48:46.0	|White House tree arrives as Obamas mull over next home - NBCNews.com	|	|clob139: SPACE(3132 /* table: 18 id: 50 */)	|
|26	|2	|2013-11-30 02:14:26.0	|Iraq war vet accused in homeless killings dies while awaiting trial - CNN	|	|clob140: SPACE(3047 /* table: 18 id: 52 */)	|
|27	|2	|2013-11-30 01:24:34.0	|Driver Shot Dragging Chicago-Area Police Officer - ABC News	|	|clob141: SPACE(3025 /* table: 18 id: 54 */)	|
|28	|2	|2013-11-30 02:33:00.0	|On Black Friday, Strikes and Counterstrikes at Wal-Mart's Stores - Businessweek	|	|clob142: SPACE(3518 /* table: 18 id: 56 */)	|
|29	|2	|2013-11-30 02:31:28.0	|Black Friday is big, but online shopping is even bigger - USA TODAY	|	|clob143: SPACE(3412 /* table: 18 id: 58 */)	|
|30	|2	|2013-11-30 01:52:39.0	|Obama Visits Activists Fasting for Immigration Reform - TIME	|	|clob144: SPACE(3167 /* table: 18 id: 60 */)	|
|31	|2	|2013-11-30 02:33:45.0	|Hope still for 'dead' Comet Ison - BBC News	|	|clob145: SPACE(3009 /* table: 18 id: 62 */)	|
|32	|2	|2013-11-30 01:01:04.0	|Josh Romney to the rescue! Mitt's son pulls four from mangled SUV - Washington Times	|	|clob146: SPACE(2842 /* table: 18 id: 64 */)	|
|33	|2	|2013-11-30 02:27:45.0	|Lee Rigby killing 'cowardly and callous' - BBC News	|	|clob147: SPACE(3566 /* table: 18 id: 66 */)	|
|34	|2	|2013-11-30 01:55:58.0	|Police helicopter crash: 'Multiple injuries' at The Clutha pub in Glasgow - BBC News	|	|clob148: SPACE(3495 /* table: 18 id: 68 */)	|
|35	|2	|2013-11-30 01:48:46.0	|White House tree arrives as Obamas mull over next home - NBCNews.com	|	|clob149: SPACE(3132 /* table: 18 id: 70 */)	|
|36	|2	|2013-11-30 02:14:26.0	|Iraq war vet accused in homeless killings dies while awaiting trial - CNN	|	|clob150: SPACE(3047 /* table: 18 id: 72 */)	|
|37	|2	|2013-11-30 01:24:34.0	|Driver Shot Dragging Chicago-Area Police Officer - ABC News	|	|clob151: SPACE(3025 /* table: 18 id: 74 */)	|
|38	|2	|2013-11-30 02:33:00.0	|On Black Friday, Strikes and Counterstrikes at Wal-Mart's Stores - Businessweek	|	|clob152: SPACE(3518 /* table: 18 id: 76 */)	|
|39	|2	|2013-11-30 02:31:28.0	|Black Friday is big, but online shopping is even bigger - USA TODAY	|	|clob153: SPACE(3412 /* table: 18 id: 78 */)	|
|40	|2	|2013-11-30 01:52:39.0	|Obama Visits Activists Fasting for Immigration Reform - TIME	|	|clob154: SPACE(3167 /* table: 18 id: 80 */)	|
|41	|2	|2013-11-30 01:55:58.0	|Police helicopter crash: 'Multiple injuries' at The Clutha pub in Glasgow - BBC News	|	|clob155: SPACE(3495 /* table: 18 id: 82 */)	|
|42	|2	|2013-11-30 01:48:46.0	|White House tree arrives as Obamas mull over next home - NBCNews.com	|	|clob156: SPACE(3132 /* table: 18 id: 84 */)	|
|43	|2	|2013-11-30 02:14:26.0	|Iraq war vet accused in homeless killings dies while awaiting trial - CNN	|	|clob157: SPACE(3047 /* table: 18 id: 86 */)	|
|44	|2	|2013-11-30 01:24:34.0	|Driver Shot Dragging Chicago-Area Police Officer - ABC News	|	|clob158: SPACE(3025 /* table: 18 id: 88 */)	|
|45	|2	|2013-11-30 02:33:00.0	|On Black Friday, Strikes and Counterstrikes at Wal-Mart's Stores - Businessweek	|	|clob159: SPACE(3518 /* table: 18 id: 90 */)	|
|46	|2	|2013-11-30 02:31:28.0	|Black Friday is big, but online shopping is even bigger - USA TODAY	|	|clob160: SPACE(3412 /* table: 18 id: 92 */)	|
|47	|2	|2013-11-30 01:52:39.0	|Obama Visits Activists Fasting for Immigration Reform - TIME	|	|clob161: SPACE(3167 /* table: 18 id: 94 */)	|
|48	|2	|2013-11-30 02:39:50.0	|Witness: 'No explosion,' just quiet after helicopter crashes into pub in Scotland - CNN	|	|clob162: SPACE(3210 /* table: 18 id: 96 */)	|
|49	|2	|2013-11-30 02:58:26.0	|On Black Friday, Strikes and Counterstrikes at Wal-Mart's Stores - Businessweek	|	|clob163: SPACE(3509 /* table: 18 id: 98 */)	|
|50	|2	|2013-11-30 02:36:29.0	|Obamas may stay on in D.C. if Sasha wishes - New York Daily News	|	|clob164: SPACE(3214 /* table: 18 id: 100 */)	|
|51	|2	|2013-11-30 02:45:20.0	|Driver shot by police after alleged theft - Chicago Tribune	|	|clob165: SPACE(3262 /* table: 18 id: 102 */)	|
|52	|2	|2013-11-30 02:56:01.0	|Black Friday is big, but online shopping is even bigger - USA TODAY	|	|clob166: SPACE(3531 /* table: 18 id: 104 */)	|
|53	|2	|2013-11-30 02:57:44.0	|Hope still for 'dead' Comet Ison - BBC News	|	|clob167: SPACE(3396 /* table: 18 id: 106 */)	|
|54	|2	|2013-11-30 02:43:46.0	|Lee Rigby killing 'cowardly and callous' - BBC News	|	|clob168: SPACE(3616 /* table: 18 id: 108 */)	|
|55	|2	|2013-11-30 03:02:33.0	|Black Friday is big, but online shopping is even bigger - USA TODAY	|	|clob169: SPACE(3531 /* table: 18 id: 110 */)	|
|56	|2	|2013-11-30 02:59:56.0	|On Black Friday, Strikes and Counterstrikes at Wal-Mart's Stores - Businessweek	|	|clob170: SPACE(3499 /* table: 18 id: 112 */)	|
|57	|2	|2013-11-30 02:59:26.0	|Hope still for 'dead' Comet Ison - BBC News	|	|clob171: SPACE(3232 /* table: 18 id: 114 */)	|
|58	|2	|2013-11-30 03:09:14.0	|Hope still for 'dead' Comet Ison - BBC News	|	|clob172: SPACE(3232 /* table: 18 id: 116 */)	|
==========================
Entry published : Sat Nov 30 02:57:15 CET 2013
Entry published : Thu Nov 28 22:00:25 CET 2013
[TRACE-FeedID] in getFeedID
[TRACE-FeedID] return : 2
[TRACE-retrieveEntries]
getTimestamp : Sat Nov 30 03:02:33 CET 2013
	 Timestamp : 2013-11-30 03:02:33.0
[TRACE-retrieveEntries] nbEntries : 1 ; for pusblishedDate > Sat Nov 30 03:02:33 CET 2013
[TRACE-FeedID] in getFeedID
[TRACE-FeedID] return : 2
[TRACE-getFeedTitle] in getFeedID
[TRACE-getFeedTitle] return : Top Stories - Google News
[TRACE-FeedID] in getFeedID
[TRACE-FeedID] return : 2
[TRACE-getLastPublishedinFeed]
[TRACE-getLastPublishedinFeed] return : Sat Nov 30 03:09:14 CET 2013
==========================
Table Subscriptions
==========================
|1	|1	|2013-11-30 02:32:56.0	|2013-11-30 02:13:15.0	|
|1	|2	|2013-11-30 03:04:13.0	|2013-11-30 03:02:33.0	|
==========================
[TRACE-updateSubscription]
[TRACE-FeedID] in getFeedID
[TRACE-FeedID] return : 2
[TRACE-UserID] in getUserID
[TRACE-UserID] return : 1
getTimestamp : Sat Nov 30 03:14:36 CET 2013
	 Timestamp : 2013-11-30 03:14:36.625
getTimestamp : Sat Nov 30 03:09:14 CET 2013
	 Timestamp : 2013-11-30 03:09:14.0
[TRACE-updateSubscription] return : true
==========================
Table Subscriptions
==========================
|1	|1	|2013-11-30 02:32:56.0	|2013-11-30 02:13:15.0	|
|1	|2	|2013-11-30 03:14:36.0	|2013-11-30 03:09:14.0	|
==========================
==========================
Table Entries
==========================
|1	|1	|2013-11-30 01:39:33.0	|Ecosse : un hélicoptère s'écrase sur un pub de Glasgow - Le Parisien	|	|clob173: SPACE(3459 /* table: 18 id: 2 */)	|
|2	|1	|2013-11-30 01:30:57.0	|VIDEO. Fillette morte à Berck : une femme suspectée d'être la mère ... - Le Parisien	|	|clob174: SPACE(3593 /* table: 18 id: 4 */)	|
|3	|1	|2013-11-29 21:56:28.0	|Rohani exclut «à 100%» un démantèlement des installations - Tribune de Genève	|	|clob175: SPACE(1270 /* table: 18 id: 6 */)	|
|4	|1	|2013-11-30 01:55:22.0	|Bijoutier de la Marne : le soutien des habitants - Europe1	|	|clob176: SPACE(2794 /* table: 18 id: 8 */)	|
|5	|1	|2013-11-29 16:51:13.0	|Prostitution: l'Assemblée entame les débats, les opposants peu ... - Le Nouvel Observateur	|	|clob177: SPACE(3624 /* table: 18 id: 10 */)	|
|6	|1	|2013-11-30 02:13:15.0	|Evry (Essonne) : Manuel Valls candidat aux municipales - metronews	|	|clob178: SPACE(3337 /* table: 18 id: 12 */)	|
|7	|1	|2013-11-29 12:22:24.0	|Plus de financement dédié aux retraites-chapeaux à Air France - Challenges.fr	|	|clob179: SPACE(3449 /* table: 18 id: 14 */)	|
|8	|1	|2013-11-30 00:08:50.0	|Zone aérienne chinoise: Pékin appelé à réagir "sans hésiter" aux ... - Le Point	|	|clob180: SPACE(2581 /* table: 18 id: 16 */)	|
|9	|1	|2013-11-29 19:22:44.0	|Sécurité routière : un mouchard dans votre voiture - Le Parisien	|	|clob181: SPACE(3772 /* table: 18 id: 18 */)	|
|10	|1	|2013-11-29 19:33:37.0	|Attentats en Corse: 5 mises en examen à Paris - Le Figaro	|	|clob182: SPACE(1299 /* table: 18 id: 20 */)	|
|11	|1	|2013-11-30 01:39:33.0	|Ecosse : un hélicoptère s'écrase sur un pub de Glasgow - Le Parisien	|	|clob183: SPACE(3459 /* table: 18 id: 22 */)	|
|12	|1	|2013-11-30 01:30:57.0	|VIDEO. Fillette morte à Berck : une femme suspectée d'être la mère ... - Le Parisien	|	|clob184: SPACE(3593 /* table: 18 id: 24 */)	|
|13	|1	|2013-11-29 21:56:28.0	|Rohani exclut «à 100%» un démantèlement des installations - Tribune de Genève	|	|clob185: SPACE(1270 /* table: 18 id: 26 */)	|
|14	|1	|2013-11-30 02:00:58.0	|Bijoutier de la Marne : déchainement sur Facebook - Europe1	|	|clob186: SPACE(2812 /* table: 18 id: 28 */)	|
|15	|1	|2013-11-30 00:42:30.0	|Prostitution : première passe d'armes entre députés - Libération	|	|clob187: SPACE(3360 /* table: 18 id: 30 */)	|
|16	|1	|2013-11-30 01:39:33.0	|Ecosse : un hélicoptère s'écrase sur un pub de Glasgow - Le Parisien	|	|clob188: SPACE(3459 /* table: 18 id: 32 */)	|
|17	|1	|2013-11-30 01:30:57.0	|VIDEO. Fillette morte à Berck : une femme suspectée d'être la mère ... - Le Parisien	|	|clob189: SPACE(3593 /* table: 18 id: 34 */)	|
|18	|1	|2013-11-30 01:57:17.0	|Prostitution : le débat s'ouvre devant un hémicycle quasi désert - Le Monde	|	|clob190: SPACE(3110 /* table: 18 id: 36 */)	|
|19	|1	|2013-11-30 02:00:58.0	|Bijoutier de la Marne : déchainement sur Facebook - Europe1	|	|clob191: SPACE(2767 /* table: 18 id: 38 */)	|
|20	|1	|2013-11-30 01:39:33.0	|Ecosse : un hélicoptère s'écrase sur un pub de Glasgow - Le Parisien	|	|clob192: SPACE(3459 /* table: 18 id: 40 */)	|
|21	|1	|2013-11-30 01:30:57.0	|VIDEO. Fillette morte à Berck : une femme suspectée d'être la mère ... - Le Parisien	|	|clob193: SPACE(3593 /* table: 18 id: 42 */)	|
|22	|1	|2013-11-30 01:57:17.0	|Prostitution : le débat s'ouvre devant un hémicycle quasi désert - Le Monde	|	|clob194: SPACE(3110 /* table: 18 id: 44 */)	|
|23	|1	|2013-11-30 02:00:58.0	|Bijoutier de la Marne : déchainement sur Facebook - Europe1	|	|clob195: SPACE(2767 /* table: 18 id: 46 */)	|
|24	|2	|2013-11-30 01:55:58.0	|Police helicopter crash: 'Multiple injuries' at The Clutha pub in Glasgow - BBC News	|	|clob196: SPACE(3495 /* table: 18 id: 48 */)	|
|25	|2	|2013-11-30 01:48:46.0	|White House tree arrives as Obamas mull over next home - NBCNews.com	|	|clob197: SPACE(3132 /* table: 18 id: 50 */)	|
|26	|2	|2013-11-30 02:14:26.0	|Iraq war vet accused in homeless killings dies while awaiting trial - CNN	|	|clob198: SPACE(3047 /* table: 18 id: 52 */)	|
|27	|2	|2013-11-30 01:24:34.0	|Driver Shot Dragging Chicago-Area Police Officer - ABC News	|	|clob199: SPACE(3025 /* table: 18 id: 54 */)	|
|28	|2	|2013-11-30 02:33:00.0	|On Black Friday, Strikes and Counterstrikes at Wal-Mart's Stores - Businessweek	|	|clob200: SPACE(3518 /* table: 18 id: 56 */)	|
|29	|2	|2013-11-30 02:31:28.0	|Black Friday is big, but online shopping is even bigger - USA TODAY	|	|clob201: SPACE(3412 /* table: 18 id: 58 */)	|
|30	|2	|2013-11-30 01:52:39.0	|Obama Visits Activists Fasting for Immigration Reform - TIME	|	|clob202: SPACE(3167 /* table: 18 id: 60 */)	|
|31	|2	|2013-11-30 02:33:45.0	|Hope still for 'dead' Comet Ison - BBC News	|	|clob203: SPACE(3009 /* table: 18 id: 62 */)	|
|32	|2	|2013-11-30 01:01:04.0	|Josh Romney to the rescue! Mitt's son pulls four from mangled SUV - Washington Times	|	|clob204: SPACE(2842 /* table: 18 id: 64 */)	|
|33	|2	|2013-11-30 02:27:45.0	|Lee Rigby killing 'cowardly and callous' - BBC News	|	|clob205: SPACE(3566 /* table: 18 id: 66 */)	|
|34	|2	|2013-11-30 01:55:58.0	|Police helicopter crash: 'Multiple injuries' at The Clutha pub in Glasgow - BBC News	|	|clob206: SPACE(3495 /* table: 18 id: 68 */)	|
|35	|2	|2013-11-30 01:48:46.0	|White House tree arrives as Obamas mull over next home - NBCNews.com	|	|clob207: SPACE(3132 /* table: 18 id: 70 */)	|
|36	|2	|2013-11-30 02:14:26.0	|Iraq war vet accused in homeless killings dies while awaiting trial - CNN	|	|clob208: SPACE(3047 /* table: 18 id: 72 */)	|
|37	|2	|2013-11-30 01:24:34.0	|Driver Shot Dragging Chicago-Area Police Officer - ABC News	|	|clob209: SPACE(3025 /* table: 18 id: 74 */)	|
|38	|2	|2013-11-30 02:33:00.0	|On Black Friday, Strikes and Counterstrikes at Wal-Mart's Stores - Businessweek	|	|clob210: SPACE(3518 /* table: 18 id: 76 */)	|
|39	|2	|2013-11-30 02:31:28.0	|Black Friday is big, but online shopping is even bigger - USA TODAY	|	|clob211: SPACE(3412 /* table: 18 id: 78 */)	|
|40	|2	|2013-11-30 01:52:39.0	|Obama Visits Activists Fasting for Immigration Reform - TIME	|	|clob212: SPACE(3167 /* table: 18 id: 80 */)	|
|41	|2	|2013-11-30 01:55:58.0	|Police helicopter crash: 'Multiple injuries' at The Clutha pub in Glasgow - BBC News	|	|clob213: SPACE(3495 /* table: 18 id: 82 */)	|
|42	|2	|2013-11-30 01:48:46.0	|White House tree arrives as Obamas mull over next home - NBCNews.com	|	|clob214: SPACE(3132 /* table: 18 id: 84 */)	|
|43	|2	|2013-11-30 02:14:26.0	|Iraq war vet accused in homeless killings dies while awaiting trial - CNN	|	|clob215: SPACE(3047 /* table: 18 id: 86 */)	|
|44	|2	|2013-11-30 01:24:34.0	|Driver Shot Dragging Chicago-Area Police Officer - ABC News	|	|clob216: SPACE(3025 /* table: 18 id: 88 */)	|
|45	|2	|2013-11-30 02:33:00.0	|On Black Friday, Strikes and Counterstrikes at Wal-Mart's Stores - Businessweek	|	|clob217: SPACE(3518 /* table: 18 id: 90 */)	|
|46	|2	|2013-11-30 02:31:28.0	|Black Friday is big, but online shopping is even bigger - USA TODAY	|	|clob218: SPACE(3412 /* table: 18 id: 92 */)	|
|47	|2	|2013-11-30 01:52:39.0	|Obama Visits Activists Fasting for Immigration Reform - TIME	|	|clob219: SPACE(3167 /* table: 18 id: 94 */)	|
|48	|2	|2013-11-30 02:39:50.0	|Witness: 'No explosion,' just quiet after helicopter crashes into pub in Scotland - CNN	|	|clob220: SPACE(3210 /* table: 18 id: 96 */)	|
|49	|2	|2013-11-30 02:58:26.0	|On Black Friday, Strikes and Counterstrikes at Wal-Mart's Stores - Businessweek	|	|clob221: SPACE(3509 /* table: 18 id: 98 */)	|
|50	|2	|2013-11-30 02:36:29.0	|Obamas may stay on in D.C. if Sasha wishes - New York Daily News	|	|clob222: SPACE(3214 /* table: 18 id: 100 */)	|
|51	|2	|2013-11-30 02:45:20.0	|Driver shot by police after alleged theft - Chicago Tribune	|	|clob223: SPACE(3262 /* table: 18 id: 102 */)	|
|52	|2	|2013-11-30 02:56:01.0	|Black Friday is big, but online shopping is even bigger - USA TODAY	|	|clob224: SPACE(3531 /* table: 18 id: 104 */)	|
|53	|2	|2013-11-30 02:57:44.0	|Hope still for 'dead' Comet Ison - BBC News	|	|clob225: SPACE(3396 /* table: 18 id: 106 */)	|
|54	|2	|2013-11-30 02:43:46.0	|Lee Rigby killing 'cowardly and callous' - BBC News	|	|clob226: SPACE(3616 /* table: 18 id: 108 */)	|
|55	|2	|2013-11-30 03:02:33.0	|Black Friday is big, but online shopping is even bigger - USA TODAY	|	|clob227: SPACE(3531 /* table: 18 id: 110 */)	|
|56	|2	|2013-11-30 02:59:56.0	|On Black Friday, Strikes and Counterstrikes at Wal-Mart's Stores - Businessweek	|	|clob228: SPACE(3499 /* table: 18 id: 112 */)	|
|57	|2	|2013-11-30 02:59:26.0	|Hope still for 'dead' Comet Ison - BBC News	|	|clob229: SPACE(3232 /* table: 18 id: 114 */)	|
|58	|2	|2013-11-30 03:09:14.0	|Hope still for 'dead' Comet Ison - BBC News	|	|clob230: SPACE(3232 /* table: 18 id: 116 */)	|
==========================
Feed returned : Top Stories - Google News 
	size content : 1
nov. 30, 2013 3:14:52 AM org.springframework.web.servlet.PageNotFound noHandlerFound
WARNING: No mapping found for HTTP request with URI [/reader-services-0.1-SNAPSHOT/streams/streams/update] in DispatcherServlet with name 'rest'
Update source
==========================
Table Entries
==========================
|1	|1	|2013-11-30 01:39:33.0	|Ecosse : un hélicoptère s'écrase sur un pub de Glasgow - Le Parisien	|	|clob231: SPACE(3459 /* table: 18 id: 2 */)	|
|2	|1	|2013-11-30 01:30:57.0	|VIDEO. Fillette morte à Berck : une femme suspectée d'être la mère ... - Le Parisien	|	|clob232: SPACE(3593 /* table: 18 id: 4 */)	|
|3	|1	|2013-11-29 21:56:28.0	|Rohani exclut «à 100%» un démantèlement des installations - Tribune de Genève	|	|clob233: SPACE(1270 /* table: 18 id: 6 */)	|
|4	|1	|2013-11-30 01:55:22.0	|Bijoutier de la Marne : le soutien des habitants - Europe1	|	|clob234: SPACE(2794 /* table: 18 id: 8 */)	|
|5	|1	|2013-11-29 16:51:13.0	|Prostitution: l'Assemblée entame les débats, les opposants peu ... - Le Nouvel Observateur	|	|clob235: SPACE(3624 /* table: 18 id: 10 */)	|
|6	|1	|2013-11-30 02:13:15.0	|Evry (Essonne) : Manuel Valls candidat aux municipales - metronews	|	|clob236: SPACE(3337 /* table: 18 id: 12 */)	|
|7	|1	|2013-11-29 12:22:24.0	|Plus de financement dédié aux retraites-chapeaux à Air France - Challenges.fr	|	|clob237: SPACE(3449 /* table: 18 id: 14 */)	|
|8	|1	|2013-11-30 00:08:50.0	|Zone aérienne chinoise: Pékin appelé à réagir "sans hésiter" aux ... - Le Point	|	|clob238: SPACE(2581 /* table: 18 id: 16 */)	|
|9	|1	|2013-11-29 19:22:44.0	|Sécurité routière : un mouchard dans votre voiture - Le Parisien	|	|clob239: SPACE(3772 /* table: 18 id: 18 */)	|
|10	|1	|2013-11-29 19:33:37.0	|Attentats en Corse: 5 mises en examen à Paris - Le Figaro	|	|clob240: SPACE(1299 /* table: 18 id: 20 */)	|
|11	|1	|2013-11-30 01:39:33.0	|Ecosse : un hélicoptère s'écrase sur un pub de Glasgow - Le Parisien	|	|clob241: SPACE(3459 /* table: 18 id: 22 */)	|
|12	|1	|2013-11-30 01:30:57.0	|VIDEO. Fillette morte à Berck : une femme suspectée d'être la mère ... - Le Parisien	|	|clob242: SPACE(3593 /* table: 18 id: 24 */)	|
|13	|1	|2013-11-29 21:56:28.0	|Rohani exclut «à 100%» un démantèlement des installations - Tribune de Genève	|	|clob243: SPACE(1270 /* table: 18 id: 26 */)	|
|14	|1	|2013-11-30 02:00:58.0	|Bijoutier de la Marne : déchainement sur Facebook - Europe1	|	|clob244: SPACE(2812 /* table: 18 id: 28 */)	|
|15	|1	|2013-11-30 00:42:30.0	|Prostitution : première passe d'armes entre députés - Libération	|	|clob245: SPACE(3360 /* table: 18 id: 30 */)	|
|16	|1	|2013-11-30 01:39:33.0	|Ecosse : un hélicoptère s'écrase sur un pub de Glasgow - Le Parisien	|	|clob246: SPACE(3459 /* table: 18 id: 32 */)	|
|17	|1	|2013-11-30 01:30:57.0	|VIDEO. Fillette morte à Berck : une femme suspectée d'être la mère ... - Le Parisien	|	|clob247: SPACE(3593 /* table: 18 id: 34 */)	|
|18	|1	|2013-11-30 01:57:17.0	|Prostitution : le débat s'ouvre devant un hémicycle quasi désert - Le Monde	|	|clob248: SPACE(3110 /* table: 18 id: 36 */)	|
|19	|1	|2013-11-30 02:00:58.0	|Bijoutier de la Marne : déchainement sur Facebook - Europe1	|	|clob249: SPACE(2767 /* table: 18 id: 38 */)	|
|20	|1	|2013-11-30 01:39:33.0	|Ecosse : un hélicoptère s'écrase sur un pub de Glasgow - Le Parisien	|	|clob250: SPACE(3459 /* table: 18 id: 40 */)	|
|21	|1	|2013-11-30 01:30:57.0	|VIDEO. Fillette morte à Berck : une femme suspectée d'être la mère ... - Le Parisien	|	|clob251: SPACE(3593 /* table: 18 id: 42 */)	|
|22	|1	|2013-11-30 01:57:17.0	|Prostitution : le débat s'ouvre devant un hémicycle quasi désert - Le Monde	|	|clob252: SPACE(3110 /* table: 18 id: 44 */)	|
|23	|1	|2013-11-30 02:00:58.0	|Bijoutier de la Marne : déchainement sur Facebook - Europe1	|	|clob253: SPACE(2767 /* table: 18 id: 46 */)	|
|24	|2	|2013-11-30 01:55:58.0	|Police helicopter crash: 'Multiple injuries' at The Clutha pub in Glasgow - BBC News	|	|clob254: SPACE(3495 /* table: 18 id: 48 */)	|
|25	|2	|2013-11-30 01:48:46.0	|White House tree arrives as Obamas mull over next home - NBCNews.com	|	|clob255: SPACE(3132 /* table: 18 id: 50 */)	|
|26	|2	|2013-11-30 02:14:26.0	|Iraq war vet accused in homeless killings dies while awaiting trial - CNN	|	|clob256: SPACE(3047 /* table: 18 id: 52 */)	|
|27	|2	|2013-11-30 01:24:34.0	|Driver Shot Dragging Chicago-Area Police Officer - ABC News	|	|clob257: SPACE(3025 /* table: 18 id: 54 */)	|
|28	|2	|2013-11-30 02:33:00.0	|On Black Friday, Strikes and Counterstrikes at Wal-Mart's Stores - Businessweek	|	|clob258: SPACE(3518 /* table: 18 id: 56 */)	|
|29	|2	|2013-11-30 02:31:28.0	|Black Friday is big, but online shopping is even bigger - USA TODAY	|	|clob259: SPACE(3412 /* table: 18 id: 58 */)	|
|30	|2	|2013-11-30 01:52:39.0	|Obama Visits Activists Fasting for Immigration Reform - TIME	|	|clob260: SPACE(3167 /* table: 18 id: 60 */)	|
|31	|2	|2013-11-30 02:33:45.0	|Hope still for 'dead' Comet Ison - BBC News	|	|clob261: SPACE(3009 /* table: 18 id: 62 */)	|
|32	|2	|2013-11-30 01:01:04.0	|Josh Romney to the rescue! Mitt's son pulls four from mangled SUV - Washington Times	|	|clob262: SPACE(2842 /* table: 18 id: 64 */)	|
|33	|2	|2013-11-30 02:27:45.0	|Lee Rigby killing 'cowardly and callous' - BBC News	|	|clob263: SPACE(3566 /* table: 18 id: 66 */)	|
|34	|2	|2013-11-30 01:55:58.0	|Police helicopter crash: 'Multiple injuries' at The Clutha pub in Glasgow - BBC News	|	|clob264: SPACE(3495 /* table: 18 id: 68 */)	|
|35	|2	|2013-11-30 01:48:46.0	|White House tree arrives as Obamas mull over next home - NBCNews.com	|	|clob265: SPACE(3132 /* table: 18 id: 70 */)	|
|36	|2	|2013-11-30 02:14:26.0	|Iraq war vet accused in homeless killings dies while awaiting trial - CNN	|	|clob266: SPACE(3047 /* table: 18 id: 72 */)	|
|37	|2	|2013-11-30 01:24:34.0	|Driver Shot Dragging Chicago-Area Police Officer - ABC News	|	|clob267: SPACE(3025 /* table: 18 id: 74 */)	|
|38	|2	|2013-11-30 02:33:00.0	|On Black Friday, Strikes and Counterstrikes at Wal-Mart's Stores - Businessweek	|	|clob268: SPACE(3518 /* table: 18 id: 76 */)	|
|39	|2	|2013-11-30 02:31:28.0	|Black Friday is big, but online shopping is even bigger - USA TODAY	|	|clob269: SPACE(3412 /* table: 18 id: 78 */)	|
|40	|2	|2013-11-30 01:52:39.0	|Obama Visits Activists Fasting for Immigration Reform - TIME	|	|clob270: SPACE(3167 /* table: 18 id: 80 */)	|
|41	|2	|2013-11-30 01:55:58.0	|Police helicopter crash: 'Multiple injuries' at The Clutha pub in Glasgow - BBC News	|	|clob271: SPACE(3495 /* table: 18 id: 82 */)	|
|42	|2	|2013-11-30 01:48:46.0	|White House tree arrives as Obamas mull over next home - NBCNews.com	|	|clob272: SPACE(3132 /* table: 18 id: 84 */)	|
|43	|2	|2013-11-30 02:14:26.0	|Iraq war vet accused in homeless killings dies while awaiting trial - CNN	|	|clob273: SPACE(3047 /* table: 18 id: 86 */)	|
|44	|2	|2013-11-30 01:24:34.0	|Driver Shot Dragging Chicago-Area Police Officer - ABC News	|	|clob274: SPACE(3025 /* table: 18 id: 88 */)	|
|45	|2	|2013-11-30 02:33:00.0	|On Black Friday, Strikes and Counterstrikes at Wal-Mart's Stores - Businessweek	|	|clob275: SPACE(3518 /* table: 18 id: 90 */)	|
|46	|2	|2013-11-30 02:31:28.0	|Black Friday is big, but online shopping is even bigger - USA TODAY	|	|clob276: SPACE(3412 /* table: 18 id: 92 */)	|
|47	|2	|2013-11-30 01:52:39.0	|Obama Visits Activists Fasting for Immigration Reform - TIME	|	|clob277: SPACE(3167 /* table: 18 id: 94 */)	|
|48	|2	|2013-11-30 02:39:50.0	|Witness: 'No explosion,' just quiet after helicopter crashes into pub in Scotland - CNN	|	|clob278: SPACE(3210 /* table: 18 id: 96 */)	|
|49	|2	|2013-11-30 02:58:26.0	|On Black Friday, Strikes and Counterstrikes at Wal-Mart's Stores - Businessweek	|	|clob279: SPACE(3509 /* table: 18 id: 98 */)	|
|50	|2	|2013-11-30 02:36:29.0	|Obamas may stay on in D.C. if Sasha wishes - New York Daily News	|	|clob280: SPACE(3214 /* table: 18 id: 100 */)	|
|51	|2	|2013-11-30 02:45:20.0	|Driver shot by police after alleged theft - Chicago Tribune	|	|clob281: SPACE(3262 /* table: 18 id: 102 */)	|
|52	|2	|2013-11-30 02:56:01.0	|Black Friday is big, but online shopping is even bigger - USA TODAY	|	|clob282: SPACE(3531 /* table: 18 id: 104 */)	|
|53	|2	|2013-11-30 02:57:44.0	|Hope still for 'dead' Comet Ison - BBC News	|	|clob283: SPACE(3396 /* table: 18 id: 106 */)	|
|54	|2	|2013-11-30 02:43:46.0	|Lee Rigby killing 'cowardly and callous' - BBC News	|	|clob284: SPACE(3616 /* table: 18 id: 108 */)	|
|55	|2	|2013-11-30 03:02:33.0	|Black Friday is big, but online shopping is even bigger - USA TODAY	|	|clob285: SPACE(3531 /* table: 18 id: 110 */)	|
|56	|2	|2013-11-30 02:59:56.0	|On Black Friday, Strikes and Counterstrikes at Wal-Mart's Stores - Businessweek	|	|clob286: SPACE(3499 /* table: 18 id: 112 */)	|
|57	|2	|2013-11-30 02:59:26.0	|Hope still for 'dead' Comet Ison - BBC News	|	|clob287: SPACE(3232 /* table: 18 id: 114 */)	|
|58	|2	|2013-11-30 03:09:14.0	|Hope still for 'dead' Comet Ison - BBC News	|	|clob288: SPACE(3232 /* table: 18 id: 116 */)	|
==========================
[TRACE-FeedID] in getFeedID
[TRACE-FeedID] return : 2
[TRACE-getFeedDate]
[TRACE-getFeedDate] return : Sat Nov 30 02:36:18 CET 2013
[TRACE-UserID] in getUserID
[TRACE-UserID] return : 1
[TRACE-FeedID] in getFeedID
[TRACE-FeedID] return : 2
[TRACE-getPublishedDate]
[TRACE-getPublishedDate] return : Sat Nov 30 03:09:14 CET 2013
==========================
Table Entries
==========================
|1	|1	|2013-11-30 01:39:33.0	|Ecosse : un hélicoptère s'écrase sur un pub de Glasgow - Le Parisien	|	|clob289: SPACE(3459 /* table: 18 id: 2 */)	|
|2	|1	|2013-11-30 01:30:57.0	|VIDEO. Fillette morte à Berck : une femme suspectée d'être la mère ... - Le Parisien	|	|clob290: SPACE(3593 /* table: 18 id: 4 */)	|
|3	|1	|2013-11-29 21:56:28.0	|Rohani exclut «à 100%» un démantèlement des installations - Tribune de Genève	|	|clob291: SPACE(1270 /* table: 18 id: 6 */)	|
|4	|1	|2013-11-30 01:55:22.0	|Bijoutier de la Marne : le soutien des habitants - Europe1	|	|clob292: SPACE(2794 /* table: 18 id: 8 */)	|
|5	|1	|2013-11-29 16:51:13.0	|Prostitution: l'Assemblée entame les débats, les opposants peu ... - Le Nouvel Observateur	|	|clob293: SPACE(3624 /* table: 18 id: 10 */)	|
|6	|1	|2013-11-30 02:13:15.0	|Evry (Essonne) : Manuel Valls candidat aux municipales - metronews	|	|clob294: SPACE(3337 /* table: 18 id: 12 */)	|
|7	|1	|2013-11-29 12:22:24.0	|Plus de financement dédié aux retraites-chapeaux à Air France - Challenges.fr	|	|clob295: SPACE(3449 /* table: 18 id: 14 */)	|
|8	|1	|2013-11-30 00:08:50.0	|Zone aérienne chinoise: Pékin appelé à réagir "sans hésiter" aux ... - Le Point	|	|clob296: SPACE(2581 /* table: 18 id: 16 */)	|
|9	|1	|2013-11-29 19:22:44.0	|Sécurité routière : un mouchard dans votre voiture - Le Parisien	|	|clob297: SPACE(3772 /* table: 18 id: 18 */)	|
|10	|1	|2013-11-29 19:33:37.0	|Attentats en Corse: 5 mises en examen à Paris - Le Figaro	|	|clob298: SPACE(1299 /* table: 18 id: 20 */)	|
|11	|1	|2013-11-30 01:39:33.0	|Ecosse : un hélicoptère s'écrase sur un pub de Glasgow - Le Parisien	|	|clob299: SPACE(3459 /* table: 18 id: 22 */)	|
|12	|1	|2013-11-30 01:30:57.0	|VIDEO. Fillette morte à Berck : une femme suspectée d'être la mère ... - Le Parisien	|	|clob300: SPACE(3593 /* table: 18 id: 24 */)	|
|13	|1	|2013-11-29 21:56:28.0	|Rohani exclut «à 100%» un démantèlement des installations - Tribune de Genève	|	|clob301: SPACE(1270 /* table: 18 id: 26 */)	|
|14	|1	|2013-11-30 02:00:58.0	|Bijoutier de la Marne : déchainement sur Facebook - Europe1	|	|clob302: SPACE(2812 /* table: 18 id: 28 */)	|
|15	|1	|2013-11-30 00:42:30.0	|Prostitution : première passe d'armes entre députés - Libération	|	|clob303: SPACE(3360 /* table: 18 id: 30 */)	|
|16	|1	|2013-11-30 01:39:33.0	|Ecosse : un hélicoptère s'écrase sur un pub de Glasgow - Le Parisien	|	|clob304: SPACE(3459 /* table: 18 id: 32 */)	|
|17	|1	|2013-11-30 01:30:57.0	|VIDEO. Fillette morte à Berck : une femme suspectée d'être la mère ... - Le Parisien	|	|clob305: SPACE(3593 /* table: 18 id: 34 */)	|
|18	|1	|2013-11-30 01:57:17.0	|Prostitution : le débat s'ouvre devant un hémicycle quasi désert - Le Monde	|	|clob306: SPACE(3110 /* table: 18 id: 36 */)	|
|19	|1	|2013-11-30 02:00:58.0	|Bijoutier de la Marne : déchainement sur Facebook - Europe1	|	|clob307: SPACE(2767 /* table: 18 id: 38 */)	|
|20	|1	|2013-11-30 01:39:33.0	|Ecosse : un hélicoptère s'écrase sur un pub de Glasgow - Le Parisien	|	|clob308: SPACE(3459 /* table: 18 id: 40 */)	|
|21	|1	|2013-11-30 01:30:57.0	|VIDEO. Fillette morte à Berck : une femme suspectée d'être la mère ... - Le Parisien	|	|clob309: SPACE(3593 /* table: 18 id: 42 */)	|
|22	|1	|2013-11-30 01:57:17.0	|Prostitution : le débat s'ouvre devant un hémicycle quasi désert - Le Monde	|	|clob310: SPACE(3110 /* table: 18 id: 44 */)	|
|23	|1	|2013-11-30 02:00:58.0	|Bijoutier de la Marne : déchainement sur Facebook - Europe1	|	|clob311: SPACE(2767 /* table: 18 id: 46 */)	|
|24	|2	|2013-11-30 01:55:58.0	|Police helicopter crash: 'Multiple injuries' at The Clutha pub in Glasgow - BBC News	|	|clob312: SPACE(3495 /* table: 18 id: 48 */)	|
|25	|2	|2013-11-30 01:48:46.0	|White House tree arrives as Obamas mull over next home - NBCNews.com	|	|clob313: SPACE(3132 /* table: 18 id: 50 */)	|
|26	|2	|2013-11-30 02:14:26.0	|Iraq war vet accused in homeless killings dies while awaiting trial - CNN	|	|clob314: SPACE(3047 /* table: 18 id: 52 */)	|
|27	|2	|2013-11-30 01:24:34.0	|Driver Shot Dragging Chicago-Area Police Officer - ABC News	|	|clob315: SPACE(3025 /* table: 18 id: 54 */)	|
|28	|2	|2013-11-30 02:33:00.0	|On Black Friday, Strikes and Counterstrikes at Wal-Mart's Stores - Businessweek	|	|clob316: SPACE(3518 /* table: 18 id: 56 */)	|
|29	|2	|2013-11-30 02:31:28.0	|Black Friday is big, but online shopping is even bigger - USA TODAY	|	|clob317: SPACE(3412 /* table: 18 id: 58 */)	|
|30	|2	|2013-11-30 01:52:39.0	|Obama Visits Activists Fasting for Immigration Reform - TIME	|	|clob318: SPACE(3167 /* table: 18 id: 60 */)	|
|31	|2	|2013-11-30 02:33:45.0	|Hope still for 'dead' Comet Ison - BBC News	|	|clob319: SPACE(3009 /* table: 18 id: 62 */)	|
|32	|2	|2013-11-30 01:01:04.0	|Josh Romney to the rescue! Mitt's son pulls four from mangled SUV - Washington Times	|	|clob320: SPACE(2842 /* table: 18 id: 64 */)	|
|33	|2	|2013-11-30 02:27:45.0	|Lee Rigby killing 'cowardly and callous' - BBC News	|	|clob321: SPACE(3566 /* table: 18 id: 66 */)	|
|34	|2	|2013-11-30 01:55:58.0	|Police helicopter crash: 'Multiple injuries' at The Clutha pub in Glasgow - BBC News	|	|clob322: SPACE(3495 /* table: 18 id: 68 */)	|
|35	|2	|2013-11-30 01:48:46.0	|White House tree arrives as Obamas mull over next home - NBCNews.com	|	|clob323: SPACE(3132 /* table: 18 id: 70 */)	|
|36	|2	|2013-11-30 02:14:26.0	|Iraq war vet accused in homeless killings dies while awaiting trial - CNN	|	|clob324: SPACE(3047 /* table: 18 id: 72 */)	|
|37	|2	|2013-11-30 01:24:34.0	|Driver Shot Dragging Chicago-Area Police Officer - ABC News	|	|clob325: SPACE(3025 /* table: 18 id: 74 */)	|
|38	|2	|2013-11-30 02:33:00.0	|On Black Friday, Strikes and Counterstrikes at Wal-Mart's Stores - Businessweek	|	|clob326: SPACE(3518 /* table: 18 id: 76 */)	|
|39	|2	|2013-11-30 02:31:28.0	|Black Friday is big, but online shopping is even bigger - USA TODAY	|	|clob327: SPACE(3412 /* table: 18 id: 78 */)	|
|40	|2	|2013-11-30 01:52:39.0	|Obama Visits Activists Fasting for Immigration Reform - TIME	|	|clob328: SPACE(3167 /* table: 18 id: 80 */)	|
|41	|2	|2013-11-30 01:55:58.0	|Police helicopter crash: 'Multiple injuries' at The Clutha pub in Glasgow - BBC News	|	|clob329: SPACE(3495 /* table: 18 id: 82 */)	|
|42	|2	|2013-11-30 01:48:46.0	|White House tree arrives as Obamas mull over next home - NBCNews.com	|	|clob330: SPACE(3132 /* table: 18 id: 84 */)	|
|43	|2	|2013-11-30 02:14:26.0	|Iraq war vet accused in homeless killings dies while awaiting trial - CNN	|	|clob331: SPACE(3047 /* table: 18 id: 86 */)	|
|44	|2	|2013-11-30 01:24:34.0	|Driver Shot Dragging Chicago-Area Police Officer - ABC News	|	|clob332: SPACE(3025 /* table: 18 id: 88 */)	|
|45	|2	|2013-11-30 02:33:00.0	|On Black Friday, Strikes and Counterstrikes at Wal-Mart's Stores - Businessweek	|	|clob333: SPACE(3518 /* table: 18 id: 90 */)	|
|46	|2	|2013-11-30 02:31:28.0	|Black Friday is big, but online shopping is even bigger - USA TODAY	|	|clob334: SPACE(3412 /* table: 18 id: 92 */)	|
|47	|2	|2013-11-30 01:52:39.0	|Obama Visits Activists Fasting for Immigration Reform - TIME	|	|clob335: SPACE(3167 /* table: 18 id: 94 */)	|
|48	|2	|2013-11-30 02:39:50.0	|Witness: 'No explosion,' just quiet after helicopter crashes into pub in Scotland - CNN	|	|clob336: SPACE(3210 /* table: 18 id: 96 */)	|
|49	|2	|2013-11-30 02:58:26.0	|On Black Friday, Strikes and Counterstrikes at Wal-Mart's Stores - Businessweek	|	|clob337: SPACE(3509 /* table: 18 id: 98 */)	|
|50	|2	|2013-11-30 02:36:29.0	|Obamas may stay on in D.C. if Sasha wishes - New York Daily News	|	|clob338: SPACE(3214 /* table: 18 id: 100 */)	|
|51	|2	|2013-11-30 02:45:20.0	|Driver shot by police after alleged theft - Chicago Tribune	|	|clob339: SPACE(3262 /* table: 18 id: 102 */)	|
|52	|2	|2013-11-30 02:56:01.0	|Black Friday is big, but online shopping is even bigger - USA TODAY	|	|clob340: SPACE(3531 /* table: 18 id: 104 */)	|
|53	|2	|2013-11-30 02:57:44.0	|Hope still for 'dead' Comet Ison - BBC News	|	|clob341: SPACE(3396 /* table: 18 id: 106 */)	|
|54	|2	|2013-11-30 02:43:46.0	|Lee Rigby killing 'cowardly and callous' - BBC News	|	|clob342: SPACE(3616 /* table: 18 id: 108 */)	|
|55	|2	|2013-11-30 03:02:33.0	|Black Friday is big, but online shopping is even bigger - USA TODAY	|	|clob343: SPACE(3531 /* table: 18 id: 110 */)	|
|56	|2	|2013-11-30 02:59:56.0	|On Black Friday, Strikes and Counterstrikes at Wal-Mart's Stores - Businessweek	|	|clob344: SPACE(3499 /* table: 18 id: 112 */)	|
|57	|2	|2013-11-30 02:59:26.0	|Hope still for 'dead' Comet Ison - BBC News	|	|clob345: SPACE(3232 /* table: 18 id: 114 */)	|
|58	|2	|2013-11-30 03:09:14.0	|Hope still for 'dead' Comet Ison - BBC News	|	|clob346: SPACE(3232 /* table: 18 id: 116 */)	|
==========================
on passe par update
[TRACE-FeedID] in getFeedID
[TRACE-FeedID] return : 2
 *************** Feed : Top Stories - Google News*****************
in readFeedEntries
 **** entry ****
 **** entry ****
 **** entry ****
 **** entry ****
 **** entry ****
 **** entry ****
 **** entry ****
 **** entry ****
 **** entry ****
 **** entry ****
Size of getENtries y updteFeed : 10
[TRACE-FeedID] in getFeedID
[TRACE-FeedID] return : 2
[TRACE-getLastPublishedinFeed]
[TRACE-getLastPublishedinFeed] return : Sat Nov 30 03:09:14 CET 2013
Entry published : Sat Nov 30 02:39:50 CET 2013
Entry published : Sat Nov 30 02:36:29 CET 2013
Entry published : Sat Nov 30 02:14:26 CET 2013
Entry published : Sat Nov 30 02:26:29 CET 2013
Entry published : Sat Nov 30 02:16:57 CET 2013
Entry published : Sat Nov 30 02:16:13 CET 2013
Entry published : Sat Nov 30 02:55:59 CET 2013
Entry published : Sat Nov 30 03:09:14 CET 2013
Entry published : Sat Nov 30 02:57:15 CET 2013
Entry published : Thu Nov 28 22:00:25 CET 2013
[TRACE-FeedID] in getFeedID
[TRACE-FeedID] return : 2
[TRACE-retrieveEntries]
getTimestamp : Sat Nov 30 03:09:14 CET 2013
	 Timestamp : 2013-11-30 03:09:14.0
[TRACE-retrieveEntries] nbEntries : 0 ; for pusblishedDate > Sat Nov 30 03:09:14 CET 2013
[TRACE-FeedID] in getFeedID
[TRACE-FeedID] return : 2
[TRACE-getFeedTitle] in getFeedID
[TRACE-getFeedTitle] return : Top Stories - Google News
[TRACE-FeedID] in getFeedID
[TRACE-FeedID] return : 2
[TRACE-getLastPublishedinFeed]
[TRACE-getLastPublishedinFeed] return : Sat Nov 30 03:09:14 CET 2013
==========================
Table Subscriptions
==========================
|1	|1	|2013-11-30 02:32:56.0	|2013-11-30 02:13:15.0	|
|1	|2	|2013-11-30 03:14:36.0	|2013-11-30 03:09:14.0	|
==========================
[TRACE-updateSubscription]
[TRACE-FeedID] in getFeedID
[TRACE-FeedID] return : 2
[TRACE-UserID] in getUserID
[TRACE-UserID] return : 1
getTimestamp : Sat Nov 30 03:15:37 CET 2013
	 Timestamp : 2013-11-30 03:15:37.309
getTimestamp : Sat Nov 30 03:09:14 CET 2013
	 Timestamp : 2013-11-30 03:09:14.0
[TRACE-updateSubscription] return : true
==========================
Table Subscriptions
==========================
|1	|1	|2013-11-30 02:32:56.0	|2013-11-30 02:13:15.0	|
|1	|2	|2013-11-30 03:15:37.0	|2013-11-30 03:09:14.0	|
==========================
==========================
Table Entries
==========================
|1	|1	|2013-11-30 01:39:33.0	|Ecosse : un hélicoptère s'écrase sur un pub de Glasgow - Le Parisien	|	|clob347: SPACE(3459 /* table: 18 id: 2 */)	|
|2	|1	|2013-11-30 01:30:57.0	|VIDEO. Fillette morte à Berck : une femme suspectée d'être la mère ... - Le Parisien	|	|clob348: SPACE(3593 /* table: 18 id: 4 */)	|
|3	|1	|2013-11-29 21:56:28.0	|Rohani exclut «à 100%» un démantèlement des installations - Tribune de Genève	|	|clob349: SPACE(1270 /* table: 18 id: 6 */)	|
|4	|1	|2013-11-30 01:55:22.0	|Bijoutier de la Marne : le soutien des habitants - Europe1	|	|clob350: SPACE(2794 /* table: 18 id: 8 */)	|
|5	|1	|2013-11-29 16:51:13.0	|Prostitution: l'Assemblée entame les débats, les opposants peu ... - Le Nouvel Observateur	|	|clob351: SPACE(3624 /* table: 18 id: 10 */)	|
|6	|1	|2013-11-30 02:13:15.0	|Evry (Essonne) : Manuel Valls candidat aux municipales - metronews	|	|clob352: SPACE(3337 /* table: 18 id: 12 */)	|
|7	|1	|2013-11-29 12:22:24.0	|Plus de financement dédié aux retraites-chapeaux à Air France - Challenges.fr	|	|clob353: SPACE(3449 /* table: 18 id: 14 */)	|
|8	|1	|2013-11-30 00:08:50.0	|Zone aérienne chinoise: Pékin appelé à réagir "sans hésiter" aux ... - Le Point	|	|clob354: SPACE(2581 /* table: 18 id: 16 */)	|
|9	|1	|2013-11-29 19:22:44.0	|Sécurité routière : un mouchard dans votre voiture - Le Parisien	|	|clob355: SPACE(3772 /* table: 18 id: 18 */)	|
|10	|1	|2013-11-29 19:33:37.0	|Attentats en Corse: 5 mises en examen à Paris - Le Figaro	|	|clob356: SPACE(1299 /* table: 18 id: 20 */)	|
|11	|1	|2013-11-30 01:39:33.0	|Ecosse : un hélicoptère s'écrase sur un pub de Glasgow - Le Parisien	|	|clob357: SPACE(3459 /* table: 18 id: 22 */)	|
|12	|1	|2013-11-30 01:30:57.0	|VIDEO. Fillette morte à Berck : une femme suspectée d'être la mère ... - Le Parisien	|	|clob358: SPACE(3593 /* table: 18 id: 24 */)	|
|13	|1	|2013-11-29 21:56:28.0	|Rohani exclut «à 100%» un démantèlement des installations - Tribune de Genève	|	|clob359: SPACE(1270 /* table: 18 id: 26 */)	|
|14	|1	|2013-11-30 02:00:58.0	|Bijoutier de la Marne : déchainement sur Facebook - Europe1	|	|clob360: SPACE(2812 /* table: 18 id: 28 */)	|
|15	|1	|2013-11-30 00:42:30.0	|Prostitution : première passe d'armes entre députés - Libération	|	|clob361: SPACE(3360 /* table: 18 id: 30 */)	|
|16	|1	|2013-11-30 01:39:33.0	|Ecosse : un hélicoptère s'écrase sur un pub de Glasgow - Le Parisien	|	|clob362: SPACE(3459 /* table: 18 id: 32 */)	|
|17	|1	|2013-11-30 01:30:57.0	|VIDEO. Fillette morte à Berck : une femme suspectée d'être la mère ... - Le Parisien	|	|clob363: SPACE(3593 /* table: 18 id: 34 */)	|
|18	|1	|2013-11-30 01:57:17.0	|Prostitution : le débat s'ouvre devant un hémicycle quasi désert - Le Monde	|	|clob364: SPACE(3110 /* table: 18 id: 36 */)	|
|19	|1	|2013-11-30 02:00:58.0	|Bijoutier de la Marne : déchainement sur Facebook - Europe1	|	|clob365: SPACE(2767 /* table: 18 id: 38 */)	|
|20	|1	|2013-11-30 01:39:33.0	|Ecosse : un hélicoptère s'écrase sur un pub de Glasgow - Le Parisien	|	|clob366: SPACE(3459 /* table: 18 id: 40 */)	|
|21	|1	|2013-11-30 01:30:57.0	|VIDEO. Fillette morte à Berck : une femme suspectée d'être la mère ... - Le Parisien	|	|clob367: SPACE(3593 /* table: 18 id: 42 */)	|
|22	|1	|2013-11-30 01:57:17.0	|Prostitution : le débat s'ouvre devant un hémicycle quasi désert - Le Monde	|	|clob368: SPACE(3110 /* table: 18 id: 44 */)	|
|23	|1	|2013-11-30 02:00:58.0	|Bijoutier de la Marne : déchainement sur Facebook - Europe1	|	|clob369: SPACE(2767 /* table: 18 id: 46 */)	|
|24	|2	|2013-11-30 01:55:58.0	|Police helicopter crash: 'Multiple injuries' at The Clutha pub in Glasgow - BBC News	|	|clob370: SPACE(3495 /* table: 18 id: 48 */)	|
|25	|2	|2013-11-30 01:48:46.0	|White House tree arrives as Obamas mull over next home - NBCNews.com	|	|clob371: SPACE(3132 /* table: 18 id: 50 */)	|
|26	|2	|2013-11-30 02:14:26.0	|Iraq war vet accused in homeless killings dies while awaiting trial - CNN	|	|clob372: SPACE(3047 /* table: 18 id: 52 */)	|
|27	|2	|2013-11-30 01:24:34.0	|Driver Shot Dragging Chicago-Area Police Officer - ABC News	|	|clob373: SPACE(3025 /* table: 18 id: 54 */)	|
|28	|2	|2013-11-30 02:33:00.0	|On Black Friday, Strikes and Counterstrikes at Wal-Mart's Stores - Businessweek	|	|clob374: SPACE(3518 /* table: 18 id: 56 */)	|
|29	|2	|2013-11-30 02:31:28.0	|Black Friday is big, but online shopping is even bigger - USA TODAY	|	|clob375: SPACE(3412 /* table: 18 id: 58 */)	|
|30	|2	|2013-11-30 01:52:39.0	|Obama Visits Activists Fasting for Immigration Reform - TIME	|	|clob376: SPACE(3167 /* table: 18 id: 60 */)	|
|31	|2	|2013-11-30 02:33:45.0	|Hope still for 'dead' Comet Ison - BBC News	|	|clob377: SPACE(3009 /* table: 18 id: 62 */)	|
|32	|2	|2013-11-30 01:01:04.0	|Josh Romney to the rescue! Mitt's son pulls four from mangled SUV - Washington Times	|	|clob378: SPACE(2842 /* table: 18 id: 64 */)	|
|33	|2	|2013-11-30 02:27:45.0	|Lee Rigby killing 'cowardly and callous' - BBC News	|	|clob379: SPACE(3566 /* table: 18 id: 66 */)	|
|34	|2	|2013-11-30 01:55:58.0	|Police helicopter crash: 'Multiple injuries' at The Clutha pub in Glasgow - BBC News	|	|clob380: SPACE(3495 /* table: 18 id: 68 */)	|
|35	|2	|2013-11-30 01:48:46.0	|White House tree arrives as Obamas mull over next home - NBCNews.com	|	|clob381: SPACE(3132 /* table: 18 id: 70 */)	|
|36	|2	|2013-11-30 02:14:26.0	|Iraq war vet accused in homeless killings dies while awaiting trial - CNN	|	|clob382: SPACE(3047 /* table: 18 id: 72 */)	|
|37	|2	|2013-11-30 01:24:34.0	|Driver Shot Dragging Chicago-Area Police Officer - ABC News	|	|clob383: SPACE(3025 /* table: 18 id: 74 */)	|
|38	|2	|2013-11-30 02:33:00.0	|On Black Friday, Strikes and Counterstrikes at Wal-Mart's Stores - Businessweek	|	|clob384: SPACE(3518 /* table: 18 id: 76 */)	|
|39	|2	|2013-11-30 02:31:28.0	|Black Friday is big, but online shopping is even bigger - USA TODAY	|	|clob385: SPACE(3412 /* table: 18 id: 78 */)	|
|40	|2	|2013-11-30 01:52:39.0	|Obama Visits Activists Fasting for Immigration Reform - TIME	|	|clob386: SPACE(3167 /* table: 18 id: 80 */)	|
|41	|2	|2013-11-30 01:55:58.0	|Police helicopter crash: 'Multiple injuries' at The Clutha pub in Glasgow - BBC News	|	|clob387: SPACE(3495 /* table: 18 id: 82 */)	|
|42	|2	|2013-11-30 01:48:46.0	|White House tree arrives as Obamas mull over next home - NBCNews.com	|	|clob388: SPACE(3132 /* table: 18 id: 84 */)	|
|43	|2	|2013-11-30 02:14:26.0	|Iraq war vet accused in homeless killings dies while awaiting trial - CNN	|	|clob389: SPACE(3047 /* table: 18 id: 86 */)	|
|44	|2	|2013-11-30 01:24:34.0	|Driver Shot Dragging Chicago-Area Police Officer - ABC News	|	|clob390: SPACE(3025 /* table: 18 id: 88 */)	|
|45	|2	|2013-11-30 02:33:00.0	|On Black Friday, Strikes and Counterstrikes at Wal-Mart's Stores - Businessweek	|	|clob391: SPACE(3518 /* table: 18 id: 90 */)	|
|46	|2	|2013-11-30 02:31:28.0	|Black Friday is big, but online shopping is even bigger - USA TODAY	|	|clob392: SPACE(3412 /* table: 18 id: 92 */)	|
|47	|2	|2013-11-30 01:52:39.0	|Obama Visits Activists Fasting for Immigration Reform - TIME	|	|clob393: SPACE(3167 /* table: 18 id: 94 */)	|
|48	|2	|2013-11-30 02:39:50.0	|Witness: 'No explosion,' just quiet after helicopter crashes into pub in Scotland - CNN	|	|clob394: SPACE(3210 /* table: 18 id: 96 */)	|
|49	|2	|2013-11-30 02:58:26.0	|On Black Friday, Strikes and Counterstrikes at Wal-Mart's Stores - Businessweek	|	|clob395: SPACE(3509 /* table: 18 id: 98 */)	|
|50	|2	|2013-11-30 02:36:29.0	|Obamas may stay on in D.C. if Sasha wishes - New York Daily News	|	|clob396: SPACE(3214 /* table: 18 id: 100 */)	|
|51	|2	|2013-11-30 02:45:20.0	|Driver shot by police after alleged theft - Chicago Tribune	|	|clob397: SPACE(3262 /* table: 18 id: 102 */)	|
|52	|2	|2013-11-30 02:56:01.0	|Black Friday is big, but online shopping is even bigger - USA TODAY	|	|clob398: SPACE(3531 /* table: 18 id: 104 */)	|
|53	|2	|2013-11-30 02:57:44.0	|Hope still for 'dead' Comet Ison - BBC News	|	|clob399: SPACE(3396 /* table: 18 id: 106 */)	|
|54	|2	|2013-11-30 02:43:46.0	|Lee Rigby killing 'cowardly and callous' - BBC News	|	|clob400: SPACE(3616 /* table: 18 id: 108 */)	|
|55	|2	|2013-11-30 03:02:33.0	|Black Friday is big, but online shopping is even bigger - USA TODAY	|	|clob401: SPACE(3531 /* table: 18 id: 110 */)	|
|56	|2	|2013-11-30 02:59:56.0	|On Black Friday, Strikes and Counterstrikes at Wal-Mart's Stores - Businessweek	|	|clob402: SPACE(3499 /* table: 18 id: 112 */)	|
|57	|2	|2013-11-30 02:59:26.0	|Hope still for 'dead' Comet Ison - BBC News	|	|clob403: SPACE(3232 /* table: 18 id: 114 */)	|
|58	|2	|2013-11-30 03:09:14.0	|Hope still for 'dead' Comet Ison - BBC News	|	|clob404: SPACE(3232 /* table: 18 id: 116 */)	|
==========================
Feed returned : Top Stories - Google News 
	size content : 0
nov. 30, 2013 3:15:51 AM org.springframework.web.servlet.PageNotFound noHandlerFound
WARNING: No mapping found for HTTP request with URI [/reader-services-0.1-SNAPSHOT/streams/streams/update] in DispatcherServlet with name 'rest'
