27 nov. 2013 00:00:40 org.apache.catalina.core.ApplicationContext log
INFO: SessionListener: contextDestroyed()
27 nov. 2013 00:00:40 org.apache.catalina.core.ApplicationContext log
INFO: ContextListener: contextDestroyed()
27 nov. 2013 00:00:40 org.apache.catalina.core.ApplicationContext log
INFO: Destroying Spring FrameworkServlet 'rest'
27 nov. 2013 00:00:41 org.apache.catalina.core.ApplicationContext log
INFO: Closing Spring root WebApplicationContext
27 nov. 2013 00:00:47 org.apache.catalina.core.ApplicationContext log
INFO: No Spring WebApplicationInitializer types detected on classpath
27 nov. 2013 00:00:47 org.apache.catalina.core.ApplicationContext log
INFO: Initializing Spring root WebApplicationContext
27 nov. 2013 00:00:48 org.apache.catalina.core.ApplicationContext log
INFO: Initializing Spring FrameworkServlet 'rest'
27 nov. 2013 00:00:49 org.apache.catalina.core.ApplicationContext log
INFO: ContextListener: contextInitialized()
27 nov. 2013 00:00:49 org.apache.catalina.core.ApplicationContext log
INFO: SessionListener: contextInitialized()
27 nov. 2013 00:00:49 org.apache.catalina.core.ApplicationContext log
INFO: ContextListener: attributeAdded('org.apache.jasper.compiler.TldLocationsCache', 'org.apache.jasper.compiler.TldLocationsCache@5d51fe8a')
27 nov. 2013 00:02:38 org.apache.catalina.core.ApplicationContext log
INFO: Destroying Spring FrameworkServlet 'rest'
27 nov. 2013 00:02:38 org.apache.catalina.core.ApplicationContext log
INFO: Closing Spring root WebApplicationContext
27 nov. 2013 00:02:48 org.apache.catalina.core.ApplicationContext log
INFO: No Spring WebApplicationInitializer types detected on classpath
27 nov. 2013 00:02:48 org.apache.catalina.core.ApplicationContext log
INFO: Initializing Spring root WebApplicationContext
27 nov. 2013 00:02:49 org.apache.catalina.core.ApplicationContext log
INFO: Initializing Spring FrameworkServlet 'rest'
27 nov. 2013 00:12:01 org.apache.catalina.core.ApplicationContext log
INFO: Destroying Spring FrameworkServlet 'rest'
27 nov. 2013 00:12:01 org.apache.catalina.core.ApplicationContext log
INFO: Closing Spring root WebApplicationContext
27 nov. 2013 00:12:12 org.apache.catalina.core.ApplicationContext log
INFO: No Spring WebApplicationInitializer types detected on classpath
27 nov. 2013 00:12:12 org.apache.catalina.core.ApplicationContext log
INFO: Initializing Spring root WebApplicationContext
27 nov. 2013 00:12:13 org.apache.catalina.core.ApplicationContext log
INFO: Initializing Spring FrameworkServlet 'rest'
27 nov. 2013 00:16:18 org.apache.catalina.core.ApplicationContext log
INFO: Destroying Spring FrameworkServlet 'rest'
27 nov. 2013 00:16:18 org.apache.catalina.core.ApplicationContext log
INFO: Closing Spring root WebApplicationContext
27 nov. 2013 00:16:27 org.apache.catalina.core.ApplicationContext log
INFO: No Spring WebApplicationInitializer types detected on classpath
27 nov. 2013 00:16:27 org.apache.catalina.core.ApplicationContext log
INFO: Initializing Spring root WebApplicationContext
27 nov. 2013 00:16:27 org.apache.catalina.core.ApplicationContext log
INFO: Initializing Spring FrameworkServlet 'rest'
27 nov. 2013 00:20:07 org.apache.catalina.core.ApplicationContext log
INFO: Destroying Spring FrameworkServlet 'rest'
27 nov. 2013 00:20:07 org.apache.catalina.core.ApplicationContext log
INFO: Closing Spring root WebApplicationContext
27 nov. 2013 00:20:14 org.apache.catalina.core.ApplicationContext log
INFO: No Spring WebApplicationInitializer types detected on classpath
27 nov. 2013 00:20:14 org.apache.catalina.core.ApplicationContext log
INFO: Initializing Spring root WebApplicationContext
27 nov. 2013 00:20:14 org.apache.catalina.core.ApplicationContext log
INFO: Initializing Spring FrameworkServlet 'rest'
27 nov. 2013 00:30:37 org.apache.catalina.core.ApplicationContext log
INFO: Destroying Spring FrameworkServlet 'rest'
27 nov. 2013 00:30:37 org.apache.catalina.core.ApplicationContext log
INFO: Closing Spring root WebApplicationContext
27 nov. 2013 00:30:45 org.apache.catalina.core.ApplicationContext log
INFO: No Spring WebApplicationInitializer types detected on classpath
27 nov. 2013 00:30:45 org.apache.catalina.core.ApplicationContext log
INFO: Initializing Spring root WebApplicationContext
27 nov. 2013 00:30:46 org.apache.catalina.core.ApplicationContext log
INFO: Initializing Spring FrameworkServlet 'rest'
27 nov. 2013 00:40:03 org.apache.catalina.core.ApplicationContext log
INFO: Destroying Spring FrameworkServlet 'rest'
27 nov. 2013 00:40:05 org.apache.catalina.core.ApplicationContext log
INFO: Closing Spring root WebApplicationContext
27 nov. 2013 00:40:13 org.apache.catalina.core.ApplicationContext log
INFO: No Spring WebApplicationInitializer types detected on classpath
27 nov. 2013 00:40:13 org.apache.catalina.core.ApplicationContext log
INFO: Initializing Spring root WebApplicationContext
27 nov. 2013 00:40:14 org.apache.catalina.core.ApplicationContext log
INFO: Initializing Spring FrameworkServlet 'rest'
27 nov. 2013 00:57:38 org.apache.catalina.core.ApplicationContext log
INFO: Destroying Spring FrameworkServlet 'rest'
27 nov. 2013 00:57:38 org.apache.catalina.core.ApplicationContext log
INFO: Closing Spring root WebApplicationContext
27 nov. 2013 00:57:49 org.apache.catalina.core.ApplicationContext log
INFO: No Spring WebApplicationInitializer types detected on classpath
27 nov. 2013 00:57:49 org.apache.catalina.core.ApplicationContext log
INFO: Initializing Spring root WebApplicationContext
27 nov. 2013 00:57:50 org.apache.catalina.core.ApplicationContext log
INFO: Initializing Spring FrameworkServlet 'rest'
27 nov. 2013 00:59:15 org.apache.catalina.core.ApplicationContext log
INFO: Destroying Spring FrameworkServlet 'rest'
27 nov. 2013 00:59:15 org.apache.catalina.core.ApplicationContext log
INFO: Closing Spring root WebApplicationContext
27 nov. 2013 00:59:23 org.apache.catalina.core.ApplicationContext log
INFO: No Spring WebApplicationInitializer types detected on classpath
27 nov. 2013 00:59:23 org.apache.catalina.core.ApplicationContext log
INFO: Initializing Spring root WebApplicationContext
27 nov. 2013 00:59:24 org.apache.catalina.core.ApplicationContext log
INFO: Initializing Spring FrameworkServlet 'rest'
27 nov. 2013 01:00:58 org.apache.catalina.core.ApplicationContext log
INFO: SessionListener: contextDestroyed()
27 nov. 2013 01:00:58 org.apache.catalina.core.ApplicationContext log
INFO: ContextListener: contextDestroyed()
27 nov. 2013 01:00:58 org.apache.catalina.core.ApplicationContext log
INFO: Destroying Spring FrameworkServlet 'rest'
27 nov. 2013 01:00:58 org.apache.catalina.core.ApplicationContext log
INFO: Closing Spring root WebApplicationContext
27 nov. 2013 01:01:17 org.apache.catalina.core.ApplicationContext log
INFO: No Spring WebApplicationInitializer types detected on classpath
27 nov. 2013 01:01:17 org.apache.catalina.core.ApplicationContext log
INFO: Initializing Spring root WebApplicationContext
27 nov. 2013 01:01:18 org.apache.catalina.core.ApplicationContext log
INFO: Initializing Spring FrameworkServlet 'rest'
27 nov. 2013 01:01:19 org.apache.catalina.core.ApplicationContext log
INFO: ContextListener: contextInitialized()
27 nov. 2013 01:01:19 org.apache.catalina.core.ApplicationContext log
INFO: SessionListener: contextInitialized()
27 nov. 2013 01:01:19 org.apache.catalina.core.ApplicationContext log
INFO: ContextListener: attributeAdded('org.apache.jasper.compiler.TldLocationsCache', 'org.apache.jasper.compiler.TldLocationsCache@da8e53c')
27 nov. 2013 01:07:45 org.apache.catalina.core.ApplicationContext log
INFO: Destroying Spring FrameworkServlet 'rest'
27 nov. 2013 01:07:45 org.apache.catalina.core.ApplicationContext log
INFO: Closing Spring root WebApplicationContext
27 nov. 2013 01:07:56 org.apache.catalina.core.ApplicationContext log
INFO: No Spring WebApplicationInitializer types detected on classpath
27 nov. 2013 01:07:56 org.apache.catalina.core.ApplicationContext log
INFO: Initializing Spring root WebApplicationContext
27 nov. 2013 01:07:56 org.apache.catalina.core.ApplicationContext log
INFO: Initializing Spring FrameworkServlet 'rest'
27 nov. 2013 01:10:58 org.apache.catalina.core.ApplicationContext log
INFO: Destroying Spring FrameworkServlet 'rest'
27 nov. 2013 01:10:58 org.apache.catalina.core.ApplicationContext log
INFO: Closing Spring root WebApplicationContext
27 nov. 2013 01:11:14 org.apache.catalina.core.ApplicationContext log
INFO: No Spring WebApplicationInitializer types detected on classpath
27 nov. 2013 01:11:14 org.apache.catalina.core.ApplicationContext log
INFO: Initializing Spring root WebApplicationContext
27 nov. 2013 01:11:15 org.apache.catalina.core.ApplicationContext log
INFO: Initializing Spring FrameworkServlet 'rest'
27 nov. 2013 01:19:05 org.apache.catalina.core.ApplicationContext log
INFO: Destroying Spring FrameworkServlet 'rest'
27 nov. 2013 01:19:05 org.apache.catalina.core.ApplicationContext log
INFO: Closing Spring root WebApplicationContext
27 nov. 2013 01:19:13 org.apache.catalina.core.ApplicationContext log
INFO: No Spring WebApplicationInitializer types detected on classpath
27 nov. 2013 01:19:13 org.apache.catalina.core.ApplicationContext log
INFO: Initializing Spring root WebApplicationContext
27 nov. 2013 01:19:14 org.apache.catalina.core.ApplicationContext log
INFO: Initializing Spring FrameworkServlet 'rest'
27 nov. 2013 01:52:09 org.apache.catalina.core.ApplicationContext log
INFO: SessionListener: contextDestroyed()
27 nov. 2013 01:52:09 org.apache.catalina.core.ApplicationContext log
INFO: ContextListener: contextDestroyed()
27 nov. 2013 01:52:09 org.apache.catalina.core.ApplicationContext log
INFO: Destroying Spring FrameworkServlet 'rest'
27 nov. 2013 01:52:09 org.apache.catalina.core.ApplicationContext log
INFO: Closing Spring root WebApplicationContext
nov. 27, 2013 11:47:18 PM org.apache.catalina.core.ApplicationContext log
INFO: No Spring WebApplicationInitializer types detected on classpath
nov. 27, 2013 11:47:19 PM org.apache.catalina.core.ApplicationContext log
INFO: Initializing Spring root WebApplicationContext
nov. 27, 2013 11:47:20 PM org.apache.catalina.core.ApplicationContext log
INFO: Initializing Spring FrameworkServlet 'rest'
nov. 27, 2013 11:47:22 PM org.apache.catalina.core.ApplicationContext log
INFO: ContextListener: contextInitialized()
nov. 27, 2013 11:47:22 PM org.apache.catalina.core.ApplicationContext log
INFO: SessionListener: contextInitialized()
nov. 27, 2013 11:47:22 PM org.apache.catalina.core.ApplicationContext log
INFO: ContextListener: attributeAdded('org.apache.jasper.compiler.TldLocationsCache', 'org.apache.jasper.compiler.TldLocationsCache@20b3ca83')
nov. 27, 2013 11:47:42 PM org.apache.catalina.core.ApplicationContext log
INFO: Destroying Spring FrameworkServlet 'rest'
nov. 27, 2013 11:47:42 PM org.apache.catalina.core.ApplicationContext log
INFO: Closing Spring root WebApplicationContext
