nov. 28, 2013 12:15:01 AM org.apache.catalina.core.ApplicationContext log
INFO: No Spring WebApplicationInitializer types detected on classpath
nov. 28, 2013 12:15:01 AM org.apache.catalina.core.ApplicationContext log
INFO: Initializing Spring root WebApplicationContext
nov. 28, 2013 12:18:23 AM org.apache.catalina.core.ApplicationContext log
INFO: Initializing Spring FrameworkServlet 'rest'
nov. 28, 2013 12:20:40 AM org.apache.catalina.core.ApplicationContext log
INFO: Destroying Spring FrameworkServlet 'rest'
nov. 28, 2013 12:20:40 AM org.apache.catalina.core.ApplicationContext log
INFO: Closing Spring root WebApplicationContext
nov. 28, 2013 12:20:52 AM org.apache.catalina.core.ApplicationContext log
INFO: No Spring WebApplicationInitializer types detected on classpath
nov. 28, 2013 12:20:52 AM org.apache.catalina.core.ApplicationContext log
INFO: Initializing Spring root WebApplicationContext
nov. 28, 2013 12:21:06 AM org.apache.catalina.core.ApplicationContext log
INFO: Initializing Spring FrameworkServlet 'rest'
nov. 28, 2013 12:24:30 AM org.apache.catalina.core.ApplicationContext log
INFO: SessionListener: contextDestroyed()
nov. 28, 2013 12:24:30 AM org.apache.catalina.core.ApplicationContext log
INFO: ContextListener: contextDestroyed()
nov. 28, 2013 12:24:30 AM org.apache.catalina.core.ApplicationContext log
INFO: Destroying Spring FrameworkServlet 'rest'
nov. 28, 2013 12:24:30 AM org.apache.catalina.core.ApplicationContext log
INFO: Closing Spring root WebApplicationContext
nov. 28, 2013 12:25:40 AM org.apache.catalina.core.ApplicationContext log
INFO: No Spring WebApplicationInitializer types detected on classpath
nov. 28, 2013 12:25:40 AM org.apache.catalina.core.ApplicationContext log
INFO: Initializing Spring root WebApplicationContext
nov. 28, 2013 12:25:47 AM org.apache.catalina.core.ApplicationContext log
INFO: ContextListener: contextInitialized()
nov. 28, 2013 12:25:47 AM org.apache.catalina.core.ApplicationContext log
INFO: SessionListener: contextInitialized()
nov. 28, 2013 12:25:47 AM org.apache.catalina.core.ApplicationContext log
INFO: ContextListener: attributeAdded('org.apache.jasper.compiler.TldLocationsCache', 'org.apache.jasper.compiler.TldLocationsCache@4f181113')
nov. 28, 2013 12:26:00 AM org.apache.catalina.core.ApplicationContext log
INFO: Closing Spring root WebApplicationContext
nov. 28, 2013 12:26:07 AM org.apache.catalina.core.ApplicationContext log
INFO: No Spring WebApplicationInitializer types detected on classpath
nov. 28, 2013 12:26:07 AM org.apache.catalina.core.ApplicationContext log
INFO: Initializing Spring root WebApplicationContext
nov. 28, 2013 12:26:27 AM org.apache.catalina.core.ApplicationContext log
INFO: Initializing Spring FrameworkServlet 'rest'
nov. 28, 2013 12:31:05 AM org.apache.catalina.core.ApplicationContext log
INFO: SessionListener: contextDestroyed()
nov. 28, 2013 12:31:05 AM org.apache.catalina.core.ApplicationContext log
INFO: ContextListener: contextDestroyed()
nov. 28, 2013 12:31:05 AM org.apache.catalina.core.ApplicationContext log
INFO: Destroying Spring FrameworkServlet 'rest'
nov. 28, 2013 12:31:05 AM org.apache.catalina.core.ApplicationContext log
INFO: Closing Spring root WebApplicationContext
nov. 28, 2013 12:34:44 AM org.apache.catalina.core.ApplicationContext log
INFO: No Spring WebApplicationInitializer types detected on classpath
nov. 28, 2013 12:34:44 AM org.apache.catalina.core.ApplicationContext log
INFO: Initializing Spring root WebApplicationContext
nov. 28, 2013 12:34:50 AM org.apache.catalina.core.ApplicationContext log
INFO: ContextListener: contextInitialized()
nov. 28, 2013 12:34:50 AM org.apache.catalina.core.ApplicationContext log
INFO: SessionListener: contextInitialized()
nov. 28, 2013 12:34:50 AM org.apache.catalina.core.ApplicationContext log
INFO: ContextListener: attributeAdded('org.apache.jasper.compiler.TldLocationsCache', 'org.apache.jasper.compiler.TldLocationsCache@6a7438e8')
nov. 28, 2013 12:35:20 AM org.apache.catalina.core.ApplicationContext log
INFO: Closing Spring root WebApplicationContext
nov. 28, 2013 12:36:32 AM org.apache.catalina.core.ApplicationContext log
INFO: No Spring WebApplicationInitializer types detected on classpath
nov. 28, 2013 12:36:32 AM org.apache.catalina.core.ApplicationContext log
INFO: Initializing Spring root WebApplicationContext
nov. 28, 2013 12:44:41 AM org.apache.catalina.core.ApplicationContext log
INFO: Closing Spring root WebApplicationContext
nov. 28, 2013 12:45:01 AM org.apache.catalina.core.ApplicationContext log
INFO: No Spring WebApplicationInitializer types detected on classpath
nov. 28, 2013 12:45:01 AM org.apache.catalina.core.ApplicationContext log
INFO: Initializing Spring root WebApplicationContext
nov. 28, 2013 12:46:04 AM org.apache.catalina.core.ApplicationContext log
INFO: SessionListener: contextDestroyed()
nov. 28, 2013 12:46:04 AM org.apache.catalina.core.ApplicationContext log
INFO: ContextListener: contextDestroyed()
nov. 28, 2013 12:46:04 AM org.apache.catalina.core.ApplicationContext log
INFO: Closing Spring root WebApplicationContext
nov. 28, 2013 12:46:21 AM org.apache.catalina.core.ApplicationContext log
INFO: No Spring WebApplicationInitializer types detected on classpath
nov. 28, 2013 12:46:22 AM org.apache.catalina.core.ApplicationContext log
INFO: Initializing Spring root WebApplicationContext
nov. 28, 2013 12:46:24 AM org.apache.catalina.core.ApplicationContext log
INFO: ContextListener: contextInitialized()
nov. 28, 2013 12:46:24 AM org.apache.catalina.core.ApplicationContext log
INFO: SessionListener: contextInitialized()
nov. 28, 2013 12:46:24 AM org.apache.catalina.core.ApplicationContext log
INFO: ContextListener: attributeAdded('org.apache.jasper.compiler.TldLocationsCache', 'org.apache.jasper.compiler.TldLocationsCache@7863940f')
nov. 28, 2013 12:46:31 AM org.apache.catalina.core.ApplicationContext log
INFO: Closing Spring root WebApplicationContext
nov. 28, 2013 12:46:59 AM org.apache.catalina.core.ApplicationContext log
INFO: No Spring WebApplicationInitializer types detected on classpath
nov. 28, 2013 12:46:59 AM org.apache.catalina.core.ApplicationContext log
INFO: Initializing Spring root WebApplicationContext
nov. 28, 2013 12:47:20 AM org.apache.catalina.core.ApplicationContext log
INFO: SessionListener: contextDestroyed()
nov. 28, 2013 12:47:20 AM org.apache.catalina.core.ApplicationContext log
INFO: ContextListener: contextDestroyed()
nov. 28, 2013 12:47:20 AM org.apache.catalina.core.ApplicationContext log
INFO: Closing Spring root WebApplicationContext
nov. 28, 2013 12:47:20 AM org.apache.catalina.core.ApplicationContext log
INFO: No Spring WebApplicationInitializer types detected on classpath
nov. 28, 2013 12:47:21 AM org.apache.catalina.core.ApplicationContext log
INFO: Initializing Spring root WebApplicationContext
nov. 28, 2013 12:47:26 AM org.apache.catalina.core.ApplicationContext log
INFO: ContextListener: contextInitialized()
nov. 28, 2013 12:47:26 AM org.apache.catalina.core.ApplicationContext log
INFO: SessionListener: contextInitialized()
nov. 28, 2013 12:47:26 AM org.apache.catalina.core.ApplicationContext log
INFO: ContextListener: attributeAdded('org.apache.jasper.compiler.TldLocationsCache', 'org.apache.jasper.compiler.TldLocationsCache@343492f4')
nov. 28, 2013 12:48:41 AM org.apache.catalina.core.ApplicationContext log
INFO: No Spring WebApplicationInitializer types detected on classpath
nov. 28, 2013 12:48:42 AM org.apache.catalina.core.ApplicationContext log
INFO: Initializing Spring root WebApplicationContext
nov. 28, 2013 12:48:50 AM org.apache.catalina.core.ApplicationContext log
INFO: ContextListener: contextInitialized()
nov. 28, 2013 12:48:50 AM org.apache.catalina.core.ApplicationContext log
INFO: SessionListener: contextInitialized()
nov. 28, 2013 12:48:50 AM org.apache.catalina.core.ApplicationContext log
INFO: ContextListener: attributeAdded('org.apache.jasper.compiler.TldLocationsCache', 'org.apache.jasper.compiler.TldLocationsCache@5964077')
nov. 28, 2013 12:48:51 AM org.apache.catalina.core.ApplicationContext log
INFO: SessionListener: contextDestroyed()
nov. 28, 2013 12:48:51 AM org.apache.catalina.core.ApplicationContext log
INFO: ContextListener: contextDestroyed()
nov. 28, 2013 12:48:51 AM org.apache.catalina.core.ApplicationContext log
INFO: Closing Spring root WebApplicationContext
nov. 28, 2013 12:49:13 AM org.apache.catalina.core.ApplicationContext log
INFO: No Spring WebApplicationInitializer types detected on classpath
nov. 28, 2013 12:49:13 AM org.apache.catalina.core.ApplicationContext log
INFO: Initializing Spring root WebApplicationContext
nov. 28, 2013 12:49:17 AM org.apache.catalina.core.ApplicationContext log
INFO: ContextListener: contextInitialized()
nov. 28, 2013 12:49:17 AM org.apache.catalina.core.ApplicationContext log
INFO: SessionListener: contextInitialized()
nov. 28, 2013 12:49:17 AM org.apache.catalina.core.ApplicationContext log
INFO: ContextListener: attributeAdded('org.apache.jasper.compiler.TldLocationsCache', 'org.apache.jasper.compiler.TldLocationsCache@64503824')
nov. 28, 2013 12:49:17 AM org.apache.catalina.core.ApplicationContext log
INFO: SessionListener: contextDestroyed()
nov. 28, 2013 12:49:17 AM org.apache.catalina.core.ApplicationContext log
INFO: ContextListener: contextDestroyed()
nov. 28, 2013 12:49:17 AM org.apache.catalina.core.ApplicationContext log
INFO: Closing Spring root WebApplicationContext
nov. 28, 2013 12:49:28 AM org.apache.catalina.core.ApplicationContext log
INFO: SessionListener: contextDestroyed()
nov. 28, 2013 12:49:28 AM org.apache.catalina.core.ApplicationContext log
INFO: ContextListener: contextDestroyed()
nov. 28, 2013 12:49:28 AM org.apache.catalina.core.ApplicationContext log
INFO: Closing Spring root WebApplicationContext
nov. 28, 2013 12:49:36 AM org.apache.catalina.core.ApplicationContext log
INFO: No Spring WebApplicationInitializer types detected on classpath
nov. 28, 2013 12:49:36 AM org.apache.catalina.core.ApplicationContext log
INFO: Initializing Spring root WebApplicationContext
nov. 28, 2013 12:49:39 AM org.apache.catalina.core.ApplicationContext log
INFO: ContextListener: contextInitialized()
nov. 28, 2013 12:49:39 AM org.apache.catalina.core.ApplicationContext log
INFO: SessionListener: contextInitialized()
nov. 28, 2013 12:49:39 AM org.apache.catalina.core.ApplicationContext log
INFO: ContextListener: attributeAdded('org.apache.jasper.compiler.TldLocationsCache', 'org.apache.jasper.compiler.TldLocationsCache@5f9332d')
nov. 28, 2013 12:49:47 AM org.apache.catalina.core.ApplicationContext log
INFO: Closing Spring root WebApplicationContext
nov. 28, 2013 12:49:54 AM org.apache.catalina.core.ApplicationContext log
INFO: SessionListener: contextDestroyed()
nov. 28, 2013 12:49:54 AM org.apache.catalina.core.ApplicationContext log
INFO: ContextListener: contextDestroyed()
nov. 28, 2013 12:50:08 AM org.apache.catalina.core.ApplicationContext log
INFO: ContextListener: contextInitialized()
nov. 28, 2013 12:50:08 AM org.apache.catalina.core.ApplicationContext log
INFO: SessionListener: contextInitialized()
nov. 28, 2013 12:50:08 AM org.apache.catalina.core.ApplicationContext log
INFO: ContextListener: attributeAdded('org.apache.jasper.compiler.TldLocationsCache', 'org.apache.jasper.compiler.TldLocationsCache@2a00e604')
nov. 28, 2013 12:50:29 AM org.apache.catalina.core.ApplicationContext log
INFO: No Spring WebApplicationInitializer types detected on classpath
nov. 28, 2013 12:50:29 AM org.apache.catalina.core.ApplicationContext log
INFO: Initializing Spring root WebApplicationContext
nov. 28, 2013 12:51:16 AM org.apache.catalina.core.ApplicationContext log
INFO: Closing Spring root WebApplicationContext
nov. 28, 2013 12:51:28 AM org.apache.catalina.core.ApplicationContext log
INFO: No Spring WebApplicationInitializer types detected on classpath
nov. 28, 2013 12:51:28 AM org.apache.catalina.core.ApplicationContext log
INFO: Initializing Spring root WebApplicationContext
nov. 28, 2013 1:06:04 AM org.apache.catalina.core.ApplicationContext log
INFO: Closing Spring root WebApplicationContext
nov. 28, 2013 1:06:11 AM org.apache.catalina.core.ApplicationContext log
INFO: No Spring WebApplicationInitializer types detected on classpath
nov. 28, 2013 1:06:11 AM org.apache.catalina.core.ApplicationContext log
INFO: Initializing Spring root WebApplicationContext
nov. 28, 2013 1:07:14 AM org.apache.catalina.core.ApplicationContext log
INFO: Initializing Spring FrameworkServlet 'rest'
nov. 28, 2013 1:41:49 AM org.apache.catalina.core.ApplicationContext log
INFO: Destroying Spring FrameworkServlet 'rest'
nov. 28, 2013 1:41:49 AM org.apache.catalina.core.ApplicationContext log
INFO: Closing Spring root WebApplicationContext
nov. 28, 2013 1:42:05 AM org.apache.catalina.core.ApplicationContext log
INFO: No Spring WebApplicationInitializer types detected on classpath
nov. 28, 2013 1:42:05 AM org.apache.catalina.core.ApplicationContext log
INFO: Initializing Spring root WebApplicationContext
nov. 28, 2013 1:42:43 AM org.apache.catalina.core.ApplicationContext log
INFO: SessionListener: contextDestroyed()
nov. 28, 2013 1:42:43 AM org.apache.catalina.core.ApplicationContext log
INFO: ContextListener: contextDestroyed()
nov. 28, 2013 1:42:43 AM org.apache.catalina.core.ApplicationContext log
INFO: Closing Spring root WebApplicationContext
nov. 28, 2013 1:43:20 AM org.apache.catalina.core.ApplicationContext log
INFO: No Spring WebApplicationInitializer types detected on classpath
nov. 28, 2013 1:43:20 AM org.apache.catalina.core.ApplicationContext log
INFO: Initializing Spring root WebApplicationContext
nov. 28, 2013 1:43:26 AM org.apache.catalina.core.ApplicationContext log
INFO: ContextListener: contextInitialized()
nov. 28, 2013 1:43:26 AM org.apache.catalina.core.ApplicationContext log
INFO: SessionListener: contextInitialized()
nov. 28, 2013 1:43:26 AM org.apache.catalina.core.ApplicationContext log
INFO: ContextListener: attributeAdded('org.apache.jasper.compiler.TldLocationsCache', 'org.apache.jasper.compiler.TldLocationsCache@6697724f')
nov. 28, 2013 1:46:27 AM org.apache.catalina.core.ApplicationContext log
INFO: SessionListener: contextDestroyed()
nov. 28, 2013 1:46:27 AM org.apache.catalina.core.ApplicationContext log
INFO: ContextListener: contextDestroyed()
nov. 28, 2013 1:46:27 AM org.apache.catalina.core.ApplicationContext log
INFO: Closing Spring root WebApplicationContext
nov. 28, 2013 1:46:56 AM org.apache.catalina.core.ApplicationContext log
INFO: No Spring WebApplicationInitializer types detected on classpath
nov. 28, 2013 1:46:56 AM org.apache.catalina.core.ApplicationContext log
INFO: Initializing Spring root WebApplicationContext
nov. 28, 2013 1:47:00 AM org.apache.catalina.core.ApplicationContext log
INFO: ContextListener: contextInitialized()
nov. 28, 2013 1:47:00 AM org.apache.catalina.core.ApplicationContext log
INFO: SessionListener: contextInitialized()
nov. 28, 2013 1:47:00 AM org.apache.catalina.core.ApplicationContext log
INFO: ContextListener: attributeAdded('org.apache.jasper.compiler.TldLocationsCache', 'org.apache.jasper.compiler.TldLocationsCache@3b409c5')
nov. 28, 2013 1:47:00 AM org.apache.catalina.core.ApplicationContext log
INFO: Closing Spring root WebApplicationContext
nov. 28, 2013 1:47:07 AM org.apache.catalina.core.ApplicationContext log
INFO: SessionListener: contextDestroyed()
nov. 28, 2013 1:47:07 AM org.apache.catalina.core.ApplicationContext log
INFO: ContextListener: contextDestroyed()
nov. 28, 2013 1:47:21 AM org.apache.catalina.core.ApplicationContext log
INFO: ContextListener: contextInitialized()
nov. 28, 2013 1:47:21 AM org.apache.catalina.core.ApplicationContext log
INFO: SessionListener: contextInitialized()
nov. 28, 2013 1:47:21 AM org.apache.catalina.core.ApplicationContext log
INFO: ContextListener: attributeAdded('org.apache.jasper.compiler.TldLocationsCache', 'org.apache.jasper.compiler.TldLocationsCache@3c6f7e0a')
nov. 28, 2013 1:47:26 AM org.apache.catalina.core.ApplicationContext log
INFO: No Spring WebApplicationInitializer types detected on classpath
nov. 28, 2013 1:47:27 AM org.apache.catalina.core.ApplicationContext log
INFO: Initializing Spring root WebApplicationContext
nov. 28, 2013 1:47:52 AM org.apache.catalina.core.ApplicationContext log
INFO: SessionListener: contextDestroyed()
nov. 28, 2013 1:47:52 AM org.apache.catalina.core.ApplicationContext log
INFO: ContextListener: contextDestroyed()
nov. 28, 2013 1:47:52 AM org.apache.catalina.core.ApplicationContext log
INFO: Closing Spring root WebApplicationContext
nov. 28, 2013 1:48:11 AM org.apache.catalina.core.ApplicationContext log
INFO: No Spring WebApplicationInitializer types detected on classpath
nov. 28, 2013 1:48:11 AM org.apache.catalina.core.ApplicationContext log
INFO: Initializing Spring root WebApplicationContext
nov. 28, 2013 1:48:13 AM org.apache.catalina.core.ApplicationContext log
INFO: ContextListener: contextInitialized()
nov. 28, 2013 1:48:13 AM org.apache.catalina.core.ApplicationContext log
INFO: SessionListener: contextInitialized()
nov. 28, 2013 1:48:13 AM org.apache.catalina.core.ApplicationContext log
INFO: ContextListener: attributeAdded('org.apache.jasper.compiler.TldLocationsCache', 'org.apache.jasper.compiler.TldLocationsCache@5575e85d')
nov. 28, 2013 1:48:13 AM org.apache.catalina.core.ApplicationContext log
INFO: Closing Spring root WebApplicationContext
nov. 28, 2013 1:48:19 AM org.apache.catalina.core.ApplicationContext log
INFO: SessionListener: contextDestroyed()
nov. 28, 2013 1:48:19 AM org.apache.catalina.core.ApplicationContext log
INFO: ContextListener: contextDestroyed()
nov. 28, 2013 1:48:30 AM org.apache.catalina.core.ApplicationContext log
INFO: ContextListener: contextInitialized()
nov. 28, 2013 1:48:30 AM org.apache.catalina.core.ApplicationContext log
INFO: SessionListener: contextInitialized()
nov. 28, 2013 1:48:30 AM org.apache.catalina.core.ApplicationContext log
INFO: ContextListener: attributeAdded('org.apache.jasper.compiler.TldLocationsCache', 'org.apache.jasper.compiler.TldLocationsCache@12977ada')
nov. 28, 2013 1:48:34 AM org.apache.catalina.core.ApplicationContext log
INFO: No Spring WebApplicationInitializer types detected on classpath
nov. 28, 2013 1:48:34 AM org.apache.catalina.core.ApplicationContext log
INFO: Initializing Spring root WebApplicationContext
nov. 28, 2013 1:48:56 AM org.apache.catalina.core.ApplicationContext log
INFO: Closing Spring root WebApplicationContext
nov. 28, 2013 1:49:01 AM org.apache.catalina.core.ApplicationContext log
INFO: SessionListener: contextDestroyed()
nov. 28, 2013 1:49:01 AM org.apache.catalina.core.ApplicationContext log
INFO: ContextListener: contextDestroyed()
nov. 28, 2013 1:49:10 AM org.apache.catalina.core.ApplicationContext log
INFO: ContextListener: contextInitialized()
nov. 28, 2013 1:49:10 AM org.apache.catalina.core.ApplicationContext log
INFO: SessionListener: contextInitialized()
nov. 28, 2013 1:49:10 AM org.apache.catalina.core.ApplicationContext log
INFO: ContextListener: attributeAdded('org.apache.jasper.compiler.TldLocationsCache', 'org.apache.jasper.compiler.TldLocationsCache@4b8bc03c')
nov. 28, 2013 1:49:24 AM org.apache.catalina.core.ApplicationContext log
INFO: No Spring WebApplicationInitializer types detected on classpath
nov. 28, 2013 1:49:24 AM org.apache.catalina.core.ApplicationContext log
INFO: Initializing Spring root WebApplicationContext
nov. 28, 2013 1:52:21 AM org.apache.catalina.core.ApplicationContext log
INFO: SessionListener: contextDestroyed()
nov. 28, 2013 1:52:21 AM org.apache.catalina.core.ApplicationContext log
INFO: ContextListener: contextDestroyed()
nov. 28, 2013 1:52:21 AM org.apache.catalina.core.ApplicationContext log
INFO: Closing Spring root WebApplicationContext
nov. 28, 2013 1:53:13 AM org.apache.catalina.core.ApplicationContext log
INFO: No Spring WebApplicationInitializer types detected on classpath
nov. 28, 2013 1:53:13 AM org.apache.catalina.core.ApplicationContext log
INFO: Initializing Spring root WebApplicationContext
nov. 28, 2013 1:53:22 AM org.apache.catalina.core.ApplicationContext log
INFO: ContextListener: contextInitialized()
nov. 28, 2013 1:53:22 AM org.apache.catalina.core.ApplicationContext log
INFO: SessionListener: contextInitialized()
nov. 28, 2013 1:53:22 AM org.apache.catalina.core.ApplicationContext log
INFO: ContextListener: attributeAdded('org.apache.jasper.compiler.TldLocationsCache', 'org.apache.jasper.compiler.TldLocationsCache@411c8a03')
nov. 28, 2013 1:53:22 AM org.apache.catalina.core.ApplicationContext log
INFO: Closing Spring root WebApplicationContext
nov. 28, 2013 1:53:31 AM org.apache.catalina.core.ApplicationContext log
INFO: SessionListener: contextDestroyed()
nov. 28, 2013 1:53:31 AM org.apache.catalina.core.ApplicationContext log
INFO: ContextListener: contextDestroyed()
nov. 28, 2013 1:53:40 AM org.apache.catalina.core.ApplicationContext log
INFO: ContextListener: contextInitialized()
nov. 28, 2013 1:53:40 AM org.apache.catalina.core.ApplicationContext log
INFO: SessionListener: contextInitialized()
nov. 28, 2013 1:53:40 AM org.apache.catalina.core.ApplicationContext log
INFO: ContextListener: attributeAdded('org.apache.jasper.compiler.TldLocationsCache', 'org.apache.jasper.compiler.TldLocationsCache@170287bf')
nov. 28, 2013 1:53:51 AM org.apache.catalina.core.ApplicationContext log
INFO: No Spring WebApplicationInitializer types detected on classpath
nov. 28, 2013 1:53:51 AM org.apache.catalina.core.ApplicationContext log
INFO: Initializing Spring root WebApplicationContext
nov. 28, 2013 1:55:03 AM org.apache.catalina.core.ApplicationContext log
INFO: Closing Spring root WebApplicationContext
nov. 28, 2013 1:55:08 AM org.apache.catalina.core.ApplicationContext log
INFO: SessionListener: contextDestroyed()
nov. 28, 2013 1:55:08 AM org.apache.catalina.core.ApplicationContext log
INFO: ContextListener: contextDestroyed()
nov. 28, 2013 1:55:21 AM org.apache.catalina.core.ApplicationContext log
INFO: ContextListener: contextInitialized()
nov. 28, 2013 1:55:21 AM org.apache.catalina.core.ApplicationContext log
INFO: SessionListener: contextInitialized()
nov. 28, 2013 1:55:21 AM org.apache.catalina.core.ApplicationContext log
INFO: ContextListener: attributeAdded('org.apache.jasper.compiler.TldLocationsCache', 'org.apache.jasper.compiler.TldLocationsCache@4b8bc03c')
nov. 28, 2013 1:55:51 AM org.apache.catalina.core.ApplicationContext log
INFO: No Spring WebApplicationInitializer types detected on classpath
nov. 28, 2013 1:55:51 AM org.apache.catalina.core.ApplicationContext log
INFO: Initializing Spring root WebApplicationContext
nov. 28, 2013 1:59:31 AM org.apache.catalina.core.ApplicationContext log
INFO: Closing Spring root WebApplicationContext
nov. 28, 2013 1:59:37 AM org.apache.catalina.core.ApplicationContext log
INFO: SessionListener: contextDestroyed()
nov. 28, 2013 1:59:37 AM org.apache.catalina.core.ApplicationContext log
INFO: ContextListener: contextDestroyed()
nov. 28, 2013 1:59:46 AM org.apache.catalina.core.ApplicationContext log
INFO: ContextListener: contextInitialized()
nov. 28, 2013 1:59:46 AM org.apache.catalina.core.ApplicationContext log
INFO: SessionListener: contextInitialized()
nov. 28, 2013 1:59:46 AM org.apache.catalina.core.ApplicationContext log
INFO: ContextListener: attributeAdded('org.apache.jasper.compiler.TldLocationsCache', 'org.apache.jasper.compiler.TldLocationsCache@3c6f7e0a')
nov. 28, 2013 2:00:14 AM org.apache.catalina.core.ApplicationContext log
INFO: No Spring WebApplicationInitializer types detected on classpath
nov. 28, 2013 2:00:14 AM org.apache.catalina.core.ApplicationContext log
INFO: Initializing Spring root WebApplicationContext
nov. 28, 2013 2:48:43 AM org.apache.catalina.core.ApplicationContext log
INFO: Closing Spring root WebApplicationContext
nov. 28, 2013 2:48:51 AM org.apache.catalina.core.ApplicationContext log
INFO: SessionListener: contextDestroyed()
nov. 28, 2013 2:48:51 AM org.apache.catalina.core.ApplicationContext log
INFO: ContextListener: contextDestroyed()
nov. 28, 2013 2:49:01 AM org.apache.catalina.core.ApplicationContext log
INFO: ContextListener: contextInitialized()
nov. 28, 2013 2:49:01 AM org.apache.catalina.core.ApplicationContext log
INFO: SessionListener: contextInitialized()
nov. 28, 2013 2:49:01 AM org.apache.catalina.core.ApplicationContext log
INFO: ContextListener: attributeAdded('org.apache.jasper.compiler.TldLocationsCache', 'org.apache.jasper.compiler.TldLocationsCache@778df39d')
nov. 28, 2013 2:49:19 AM org.apache.catalina.core.ApplicationContext log
INFO: No Spring WebApplicationInitializer types detected on classpath
nov. 28, 2013 2:49:19 AM org.apache.catalina.core.ApplicationContext log
INFO: Initializing Spring root WebApplicationContext
nov. 28, 2013 2:50:48 AM org.apache.catalina.core.ApplicationContext log
INFO: Initializing Spring FrameworkServlet 'rest'
nov. 28, 2013 2:53:23 AM org.apache.catalina.core.ApplicationContext log
INFO: Destroying Spring FrameworkServlet 'rest'
nov. 28, 2013 2:53:23 AM org.apache.catalina.core.ApplicationContext log
INFO: Closing Spring root WebApplicationContext
nov. 28, 2013 2:53:32 AM org.apache.catalina.core.ApplicationContext log
INFO: No Spring WebApplicationInitializer types detected on classpath
nov. 28, 2013 2:53:32 AM org.apache.catalina.core.ApplicationContext log
INFO: Initializing Spring root WebApplicationContext
nov. 28, 2013 2:53:53 AM org.apache.catalina.core.ApplicationContext log
INFO: Initializing Spring FrameworkServlet 'rest'
nov. 28, 2013 2:59:33 AM org.apache.catalina.core.ApplicationContext log
INFO: Destroying Spring FrameworkServlet 'rest'
nov. 28, 2013 2:59:33 AM org.apache.catalina.core.ApplicationContext log
INFO: Closing Spring root WebApplicationContext
nov. 28, 2013 2:59:43 AM org.apache.catalina.core.ApplicationContext log
INFO: SessionListener: contextDestroyed()
nov. 28, 2013 2:59:43 AM org.apache.catalina.core.ApplicationContext log
INFO: ContextListener: contextDestroyed()
nov. 28, 2013 2:59:49 AM org.apache.catalina.core.ApplicationContext log
INFO: ContextListener: contextInitialized()
nov. 28, 2013 2:59:49 AM org.apache.catalina.core.ApplicationContext log
INFO: SessionListener: contextInitialized()
nov. 28, 2013 2:59:49 AM org.apache.catalina.core.ApplicationContext log
INFO: ContextListener: attributeAdded('org.apache.jasper.compiler.TldLocationsCache', 'org.apache.jasper.compiler.TldLocationsCache@63055b68')
nov. 28, 2013 3:00:08 AM org.apache.catalina.core.ApplicationContext log
INFO: ContextListener: contextInitialized()
nov. 28, 2013 3:00:08 AM org.apache.catalina.core.ApplicationContext log
INFO: SessionListener: contextInitialized()
nov. 28, 2013 3:00:08 AM org.apache.catalina.core.ApplicationContext log
INFO: ContextListener: attributeAdded('org.apache.jasper.compiler.TldLocationsCache', 'org.apache.jasper.compiler.TldLocationsCache@51bb83c0')
nov. 28, 2013 3:00:09 AM org.apache.catalina.core.ApplicationContext log
INFO: SessionListener: contextDestroyed()
nov. 28, 2013 3:00:09 AM org.apache.catalina.core.ApplicationContext log
INFO: ContextListener: contextDestroyed()
nov. 28, 2013 3:00:31 AM org.apache.catalina.core.ApplicationContext log
INFO: SessionListener: contextDestroyed()
nov. 28, 2013 3:00:31 AM org.apache.catalina.core.ApplicationContext log
INFO: ContextListener: contextDestroyed()
nov. 28, 2013 3:00:36 AM org.apache.catalina.core.ApplicationContext log
INFO: ContextListener: contextInitialized()
nov. 28, 2013 3:00:36 AM org.apache.catalina.core.ApplicationContext log
INFO: SessionListener: contextInitialized()
nov. 28, 2013 3:00:36 AM org.apache.catalina.core.ApplicationContext log
INFO: ContextListener: attributeAdded('org.apache.jasper.compiler.TldLocationsCache', 'org.apache.jasper.compiler.TldLocationsCache@170287bf')
nov. 28, 2013 3:00:51 AM org.apache.catalina.core.ApplicationContext log
INFO: No Spring WebApplicationInitializer types detected on classpath
nov. 28, 2013 3:00:51 AM org.apache.catalina.core.ApplicationContext log
INFO: Initializing Spring root WebApplicationContext
nov. 28, 2013 3:02:49 AM org.apache.catalina.core.ApplicationContext log
INFO: Closing Spring root WebApplicationContext
nov. 28, 2013 3:02:56 AM org.apache.catalina.core.ApplicationContext log
INFO: SessionListener: contextDestroyed()
nov. 28, 2013 3:02:56 AM org.apache.catalina.core.ApplicationContext log
INFO: ContextListener: contextDestroyed()
nov. 28, 2013 3:03:03 AM org.apache.catalina.core.ApplicationContext log
INFO: ContextListener: contextInitialized()
nov. 28, 2013 3:03:03 AM org.apache.catalina.core.ApplicationContext log
INFO: SessionListener: contextInitialized()
nov. 28, 2013 3:03:03 AM org.apache.catalina.core.ApplicationContext log
INFO: ContextListener: attributeAdded('org.apache.jasper.compiler.TldLocationsCache', 'org.apache.jasper.compiler.TldLocationsCache@4abfa6aa')
nov. 28, 2013 3:03:19 AM org.apache.catalina.core.ApplicationContext log
INFO: No Spring WebApplicationInitializer types detected on classpath
nov. 28, 2013 3:03:19 AM org.apache.catalina.core.ApplicationContext log
INFO: Initializing Spring root WebApplicationContext
nov. 28, 2013 3:03:42 AM org.apache.catalina.core.ApplicationContext log
INFO: Closing Spring root WebApplicationContext
nov. 28, 2013 3:03:50 AM org.apache.catalina.core.ApplicationContext log
INFO: SessionListener: contextDestroyed()
nov. 28, 2013 3:03:50 AM org.apache.catalina.core.ApplicationContext log
INFO: ContextListener: contextDestroyed()
nov. 28, 2013 3:04:29 AM org.apache.catalina.core.ApplicationContext log
INFO: ContextListener: contextInitialized()
nov. 28, 2013 3:04:29 AM org.apache.catalina.core.ApplicationContext log
INFO: SessionListener: contextInitialized()
nov. 28, 2013 3:04:29 AM org.apache.catalina.core.ApplicationContext log
INFO: ContextListener: attributeAdded('org.apache.jasper.compiler.TldLocationsCache', 'org.apache.jasper.compiler.TldLocationsCache@733e994b')
nov. 28, 2013 3:04:45 AM org.apache.catalina.core.ApplicationContext log
INFO: No Spring WebApplicationInitializer types detected on classpath
nov. 28, 2013 3:04:45 AM org.apache.catalina.core.ApplicationContext log
INFO: Initializing Spring root WebApplicationContext
nov. 28, 2013 3:05:23 AM org.apache.catalina.core.ApplicationContext log
INFO: Closing Spring root WebApplicationContext
nov. 28, 2013 3:05:33 AM org.apache.catalina.core.ApplicationContext log
INFO: SessionListener: contextDestroyed()
nov. 28, 2013 3:05:33 AM org.apache.catalina.core.ApplicationContext log
INFO: ContextListener: contextDestroyed()
nov. 28, 2013 3:06:03 AM org.apache.catalina.core.ApplicationContext log
INFO: ContextListener: contextInitialized()
nov. 28, 2013 3:06:03 AM org.apache.catalina.core.ApplicationContext log
INFO: SessionListener: contextInitialized()
nov. 28, 2013 3:06:03 AM org.apache.catalina.core.ApplicationContext log
INFO: ContextListener: attributeAdded('org.apache.jasper.compiler.TldLocationsCache', 'org.apache.jasper.compiler.TldLocationsCache@12977ada')
nov. 28, 2013 3:06:07 AM org.apache.catalina.core.ApplicationContext log
INFO: No Spring WebApplicationInitializer types detected on classpath
nov. 28, 2013 3:06:07 AM org.apache.catalina.core.ApplicationContext log
INFO: Initializing Spring root WebApplicationContext
nov. 28, 2013 3:07:13 AM org.apache.catalina.core.ApplicationContext log
INFO: Closing Spring root WebApplicationContext
nov. 28, 2013 3:07:16 AM org.apache.catalina.core.ApplicationContext log
INFO: SessionListener: contextDestroyed()
nov. 28, 2013 3:07:16 AM org.apache.catalina.core.ApplicationContext log
INFO: ContextListener: contextDestroyed()
nov. 28, 2013 3:07:27 AM org.apache.catalina.core.ApplicationContext log
INFO: ContextListener: contextInitialized()
nov. 28, 2013 3:07:27 AM org.apache.catalina.core.ApplicationContext log
INFO: SessionListener: contextInitialized()
nov. 28, 2013 3:07:27 AM org.apache.catalina.core.ApplicationContext log
INFO: ContextListener: attributeAdded('org.apache.jasper.compiler.TldLocationsCache', 'org.apache.jasper.compiler.TldLocationsCache@443578f2')
nov. 28, 2013 3:08:11 AM org.apache.catalina.core.ApplicationContext log
INFO: No Spring WebApplicationInitializer types detected on classpath
nov. 28, 2013 3:08:11 AM org.apache.catalina.core.ApplicationContext log
INFO: Initializing Spring root WebApplicationContext
nov. 28, 2013 3:10:40 AM org.apache.catalina.core.ApplicationContext log
INFO: Closing Spring root WebApplicationContext
nov. 28, 2013 3:10:45 AM org.apache.catalina.core.ApplicationContext log
INFO: SessionListener: contextDestroyed()
nov. 28, 2013 3:10:45 AM org.apache.catalina.core.ApplicationContext log
INFO: ContextListener: contextDestroyed()
nov. 28, 2013 3:10:57 AM org.apache.catalina.core.ApplicationContext log
INFO: ContextListener: contextInitialized()
nov. 28, 2013 3:10:57 AM org.apache.catalina.core.ApplicationContext log
INFO: SessionListener: contextInitialized()
nov. 28, 2013 3:10:57 AM org.apache.catalina.core.ApplicationContext log
INFO: ContextListener: attributeAdded('org.apache.jasper.compiler.TldLocationsCache', 'org.apache.jasper.compiler.TldLocationsCache@4b8bc03c')
nov. 28, 2013 3:11:11 AM org.apache.catalina.core.ApplicationContext log
INFO: No Spring WebApplicationInitializer types detected on classpath
nov. 28, 2013 3:11:11 AM org.apache.catalina.core.ApplicationContext log
INFO: Initializing Spring root WebApplicationContext
nov. 28, 2013 3:14:35 AM org.apache.catalina.core.ApplicationContext log
INFO: Closing Spring root WebApplicationContext
nov. 28, 2013 3:14:45 AM org.apache.catalina.core.ApplicationContext log
INFO: SessionListener: contextDestroyed()
nov. 28, 2013 3:14:45 AM org.apache.catalina.core.ApplicationContext log
INFO: ContextListener: contextDestroyed()
nov. 28, 2013 3:14:58 AM org.apache.catalina.core.ApplicationContext log
INFO: ContextListener: contextInitialized()
nov. 28, 2013 3:14:58 AM org.apache.catalina.core.ApplicationContext log
INFO: SessionListener: contextInitialized()
nov. 28, 2013 3:14:58 AM org.apache.catalina.core.ApplicationContext log
INFO: ContextListener: attributeAdded('org.apache.jasper.compiler.TldLocationsCache', 'org.apache.jasper.compiler.TldLocationsCache@170287bf')
nov. 28, 2013 3:21:43 AM org.apache.catalina.core.ApplicationContext log
INFO: SessionListener: contextDestroyed()
nov. 28, 2013 3:21:43 AM org.apache.catalina.core.ApplicationContext log
INFO: ContextListener: contextDestroyed()
nov. 28, 2013 4:22:26 AM org.apache.catalina.core.ApplicationContext log
INFO: ContextListener: contextInitialized()
nov. 28, 2013 4:22:26 AM org.apache.catalina.core.ApplicationContext log
INFO: SessionListener: contextInitialized()
nov. 28, 2013 4:22:26 AM org.apache.catalina.core.ApplicationContext log
INFO: ContextListener: attributeAdded('org.apache.jasper.compiler.TldLocationsCache', 'org.apache.jasper.compiler.TldLocationsCache@1692012f')
nov. 28, 2013 4:22:52 AM org.apache.catalina.core.ApplicationContext log
INFO: No Spring WebApplicationInitializer types detected on classpath
nov. 28, 2013 4:22:52 AM org.apache.catalina.core.ApplicationContext log
INFO: Initializing Spring root WebApplicationContext
nov. 28, 2013 4:23:58 AM org.apache.catalina.core.ApplicationContext log
INFO: Closing Spring root WebApplicationContext
nov. 28, 2013 4:24:02 AM org.apache.catalina.core.ApplicationContext log
INFO: SessionListener: contextDestroyed()
nov. 28, 2013 4:24:02 AM org.apache.catalina.core.ApplicationContext log
INFO: ContextListener: contextDestroyed()
nov. 28, 2013 4:24:21 AM org.apache.catalina.core.ApplicationContext log
INFO: ContextListener: contextInitialized()
nov. 28, 2013 4:24:21 AM org.apache.catalina.core.ApplicationContext log
INFO: SessionListener: contextInitialized()
nov. 28, 2013 4:24:21 AM org.apache.catalina.core.ApplicationContext log
INFO: ContextListener: attributeAdded('org.apache.jasper.compiler.TldLocationsCache', 'org.apache.jasper.compiler.TldLocationsCache@3acbbfa1')
nov. 28, 2013 4:25:08 AM org.apache.catalina.core.ApplicationContext log
INFO: No Spring WebApplicationInitializer types detected on classpath
nov. 28, 2013 4:25:08 AM org.apache.catalina.core.ApplicationContext log
INFO: Initializing Spring root WebApplicationContext
nov. 28, 2013 4:28:50 AM org.apache.catalina.core.ApplicationContext log
INFO: Closing Spring root WebApplicationContext
nov. 28, 2013 4:28:58 AM org.apache.catalina.core.ApplicationContext log
INFO: SessionListener: contextDestroyed()
nov. 28, 2013 4:28:58 AM org.apache.catalina.core.ApplicationContext log
INFO: ContextListener: contextDestroyed()
nov. 28, 2013 4:29:06 AM org.apache.catalina.core.ApplicationContext log
INFO: ContextListener: contextInitialized()
nov. 28, 2013 4:29:06 AM org.apache.catalina.core.ApplicationContext log
INFO: SessionListener: contextInitialized()
nov. 28, 2013 4:29:06 AM org.apache.catalina.core.ApplicationContext log
INFO: ContextListener: attributeAdded('org.apache.jasper.compiler.TldLocationsCache', 'org.apache.jasper.compiler.TldLocationsCache@118eb4a8')
nov. 28, 2013 4:29:27 AM org.apache.catalina.core.ApplicationContext log
INFO: ContextListener: contextInitialized()
nov. 28, 2013 4:29:27 AM org.apache.catalina.core.ApplicationContext log
INFO: SessionListener: contextInitialized()
nov. 28, 2013 4:29:27 AM org.apache.catalina.core.ApplicationContext log
INFO: ContextListener: attributeAdded('org.apache.jasper.compiler.TldLocationsCache', 'org.apache.jasper.compiler.TldLocationsCache@30799905')
nov. 28, 2013 4:29:27 AM org.apache.catalina.core.ApplicationContext log
INFO: SessionListener: contextDestroyed()
nov. 28, 2013 4:29:27 AM org.apache.catalina.core.ApplicationContext log
INFO: ContextListener: contextDestroyed()
nov. 28, 2013 4:30:50 AM org.apache.catalina.core.ApplicationContext log
INFO: ContextListener: contextInitialized()
nov. 28, 2013 4:30:50 AM org.apache.catalina.core.ApplicationContext log
INFO: SessionListener: contextInitialized()
nov. 28, 2013 4:30:50 AM org.apache.catalina.core.ApplicationContext log
INFO: ContextListener: attributeAdded('org.apache.jasper.compiler.TldLocationsCache', 'org.apache.jasper.compiler.TldLocationsCache@19d6ba35')
nov. 28, 2013 4:30:50 AM org.apache.catalina.core.ApplicationContext log
INFO: SessionListener: contextDestroyed()
nov. 28, 2013 4:30:50 AM org.apache.catalina.core.ApplicationContext log
INFO: ContextListener: contextDestroyed()
nov. 28, 2013 4:31:11 AM org.apache.catalina.core.ApplicationContext log
INFO: SessionListener: contextDestroyed()
nov. 28, 2013 4:31:11 AM org.apache.catalina.core.ApplicationContext log
INFO: ContextListener: contextDestroyed()
nov. 28, 2013 4:31:18 AM org.apache.catalina.core.ApplicationContext log
INFO: ContextListener: contextInitialized()
nov. 28, 2013 4:31:18 AM org.apache.catalina.core.ApplicationContext log
INFO: SessionListener: contextInitialized()
nov. 28, 2013 4:31:18 AM org.apache.catalina.core.ApplicationContext log
INFO: ContextListener: attributeAdded('org.apache.jasper.compiler.TldLocationsCache', 'org.apache.jasper.compiler.TldLocationsCache@733e994b')
nov. 28, 2013 4:31:37 AM org.apache.catalina.core.ApplicationContext log
INFO: No Spring WebApplicationInitializer types detected on classpath
nov. 28, 2013 4:31:37 AM org.apache.catalina.core.ApplicationContext log
INFO: Initializing Spring root WebApplicationContext
nov. 28, 2013 4:33:28 AM org.apache.catalina.core.ApplicationContext log
INFO: Closing Spring root WebApplicationContext
nov. 28, 2013 4:33:39 AM org.apache.catalina.core.ApplicationContext log
INFO: SessionListener: contextDestroyed()
nov. 28, 2013 4:33:39 AM org.apache.catalina.core.ApplicationContext log
INFO: ContextListener: contextDestroyed()
nov. 28, 2013 4:33:59 AM org.apache.catalina.core.ApplicationContext log
INFO: ContextListener: contextInitialized()
nov. 28, 2013 4:33:59 AM org.apache.catalina.core.ApplicationContext log
INFO: SessionListener: contextInitialized()
nov. 28, 2013 4:33:59 AM org.apache.catalina.core.ApplicationContext log
INFO: ContextListener: attributeAdded('org.apache.jasper.compiler.TldLocationsCache', 'org.apache.jasper.compiler.TldLocationsCache@4b8bc03c')
nov. 28, 2013 4:34:17 AM org.apache.catalina.core.ApplicationContext log
INFO: No Spring WebApplicationInitializer types detected on classpath
nov. 28, 2013 4:34:17 AM org.apache.catalina.core.ApplicationContext log
INFO: Initializing Spring root WebApplicationContext
nov. 28, 2013 4:48:51 AM org.apache.catalina.core.ApplicationContext log
INFO: SessionListener: contextDestroyed()
nov. 28, 2013 4:48:51 AM org.apache.catalina.core.ApplicationContext log
INFO: ContextListener: contextDestroyed()
nov. 28, 2013 4:48:51 AM org.apache.catalina.core.ApplicationContext log
INFO: Closing Spring root WebApplicationContext
nov. 28, 2013 3:53:44 PM org.apache.catalina.core.ApplicationContext log
INFO: No Spring WebApplicationInitializer types detected on classpath
nov. 28, 2013 3:53:44 PM org.apache.catalina.core.ApplicationContext log
INFO: Initializing Spring root WebApplicationContext
nov. 28, 2013 3:53:50 PM org.apache.catalina.core.ApplicationContext log
INFO: ContextListener: contextInitialized()
nov. 28, 2013 3:53:50 PM org.apache.catalina.core.ApplicationContext log
INFO: SessionListener: contextInitialized()
nov. 28, 2013 3:53:50 PM org.apache.catalina.core.ApplicationContext log
INFO: ContextListener: attributeAdded('org.apache.jasper.compiler.TldLocationsCache', 'org.apache.jasper.compiler.TldLocationsCache@3bf26a3a')
nov. 28, 2013 3:56:27 PM org.apache.catalina.core.ApplicationContext log
INFO: Closing Spring root WebApplicationContext
nov. 28, 2013 3:56:41 PM org.apache.catalina.core.ApplicationContext log
INFO: SessionListener: contextDestroyed()
nov. 28, 2013 3:56:41 PM org.apache.catalina.core.ApplicationContext log
INFO: ContextListener: contextDestroyed()
nov. 28, 2013 3:56:57 PM org.apache.catalina.core.ApplicationContext log
INFO: ContextListener: contextInitialized()
nov. 28, 2013 3:56:57 PM org.apache.catalina.core.ApplicationContext log
INFO: SessionListener: contextInitialized()
nov. 28, 2013 3:56:57 PM org.apache.catalina.core.ApplicationContext log
INFO: ContextListener: attributeAdded('org.apache.jasper.compiler.TldLocationsCache', 'org.apache.jasper.compiler.TldLocationsCache@12977ada')
nov. 28, 2013 3:57:16 PM org.apache.catalina.core.ApplicationContext log
INFO: No Spring WebApplicationInitializer types detected on classpath
nov. 28, 2013 3:57:16 PM org.apache.catalina.core.ApplicationContext log
INFO: Initializing Spring root WebApplicationContext
nov. 28, 2013 3:58:25 PM org.apache.catalina.core.ApplicationContext log
INFO: SessionListener: contextDestroyed()
nov. 28, 2013 3:58:25 PM org.apache.catalina.core.ApplicationContext log
INFO: ContextListener: contextDestroyed()
nov. 28, 2013 3:58:25 PM org.apache.catalina.core.ApplicationContext log
INFO: Closing Spring root WebApplicationContext
nov. 28, 2013 3:58:32 PM org.apache.catalina.core.ApplicationContext log
INFO: No Spring WebApplicationInitializer types detected on classpath
nov. 28, 2013 3:58:32 PM org.apache.catalina.core.ApplicationContext log
INFO: Initializing Spring root WebApplicationContext
nov. 28, 2013 3:58:35 PM org.apache.catalina.core.ApplicationContext log
INFO: ContextListener: contextInitialized()
nov. 28, 2013 3:58:35 PM org.apache.catalina.core.ApplicationContext log
INFO: SessionListener: contextInitialized()
nov. 28, 2013 3:58:35 PM org.apache.catalina.core.ApplicationContext log
INFO: ContextListener: attributeAdded('org.apache.jasper.compiler.TldLocationsCache', 'org.apache.jasper.compiler.TldLocationsCache@272f0dfd')
nov. 28, 2013 3:58:52 PM org.apache.catalina.core.ApplicationContext log
INFO: SessionListener: contextDestroyed()
nov. 28, 2013 3:58:52 PM org.apache.catalina.core.ApplicationContext log
INFO: ContextListener: contextDestroyed()
nov. 28, 2013 3:58:52 PM org.apache.catalina.core.ApplicationContext log
INFO: Closing Spring root WebApplicationContext
nov. 28, 2013 3:59:09 PM org.apache.catalina.core.ApplicationContext log
INFO: No Spring WebApplicationInitializer types detected on classpath
nov. 28, 2013 3:59:09 PM org.apache.catalina.core.ApplicationContext log
INFO: Initializing Spring root WebApplicationContext
nov. 28, 2013 3:59:16 PM org.apache.catalina.core.ApplicationContext log
INFO: ContextListener: contextInitialized()
nov. 28, 2013 3:59:16 PM org.apache.catalina.core.ApplicationContext log
INFO: SessionListener: contextInitialized()
nov. 28, 2013 3:59:16 PM org.apache.catalina.core.ApplicationContext log
INFO: ContextListener: attributeAdded('org.apache.jasper.compiler.TldLocationsCache', 'org.apache.jasper.compiler.TldLocationsCache@1f5d282a')
nov. 28, 2013 4:00:51 PM org.apache.catalina.core.ApplicationContext log
INFO: Closing Spring root WebApplicationContext
nov. 28, 2013 4:00:56 PM org.apache.catalina.core.ApplicationContext log
INFO: SessionListener: contextDestroyed()
nov. 28, 2013 4:00:56 PM org.apache.catalina.core.ApplicationContext log
INFO: ContextListener: contextDestroyed()
nov. 28, 2013 4:01:07 PM org.apache.catalina.core.ApplicationContext log
INFO: ContextListener: contextInitialized()
nov. 28, 2013 4:01:07 PM org.apache.catalina.core.ApplicationContext log
INFO: SessionListener: contextInitialized()
nov. 28, 2013 4:01:07 PM org.apache.catalina.core.ApplicationContext log
INFO: ContextListener: attributeAdded('org.apache.jasper.compiler.TldLocationsCache', 'org.apache.jasper.compiler.TldLocationsCache@3c6f7e0a')
nov. 28, 2013 4:01:09 PM org.apache.catalina.core.ApplicationContext log
INFO: SessionListener: contextDestroyed()
nov. 28, 2013 4:01:09 PM org.apache.catalina.core.ApplicationContext log
INFO: ContextListener: contextDestroyed()
nov. 28, 2013 4:01:26 PM org.apache.catalina.core.ApplicationContext log
INFO: ContextListener: contextInitialized()
nov. 28, 2013 4:01:26 PM org.apache.catalina.core.ApplicationContext log
INFO: SessionListener: contextInitialized()
nov. 28, 2013 4:01:26 PM org.apache.catalina.core.ApplicationContext log
INFO: ContextListener: attributeAdded('org.apache.jasper.compiler.TldLocationsCache', 'org.apache.jasper.compiler.TldLocationsCache@60e0f17a')
nov. 28, 2013 4:01:37 PM org.apache.catalina.core.ApplicationContext log
INFO: No Spring WebApplicationInitializer types detected on classpath
nov. 28, 2013 4:01:37 PM org.apache.catalina.core.ApplicationContext log
INFO: Initializing Spring root WebApplicationContext
nov. 28, 2013 4:03:34 PM org.apache.catalina.core.ApplicationContext log
INFO: SessionListener: contextDestroyed()
nov. 28, 2013 4:03:34 PM org.apache.catalina.core.ApplicationContext log
INFO: ContextListener: contextDestroyed()
nov. 28, 2013 4:03:34 PM org.apache.catalina.core.ApplicationContext log
INFO: Closing Spring root WebApplicationContext
nov. 28, 2013 4:03:47 PM org.apache.catalina.core.ApplicationContext log
INFO: No Spring WebApplicationInitializer types detected on classpath
nov. 28, 2013 4:03:47 PM org.apache.catalina.core.ApplicationContext log
INFO: Initializing Spring root WebApplicationContext
nov. 28, 2013 4:03:56 PM org.apache.catalina.core.ApplicationContext log
INFO: ContextListener: contextInitialized()
nov. 28, 2013 4:03:56 PM org.apache.catalina.core.ApplicationContext log
INFO: SessionListener: contextInitialized()
nov. 28, 2013 4:03:56 PM org.apache.catalina.core.ApplicationContext log
INFO: ContextListener: attributeAdded('org.apache.jasper.compiler.TldLocationsCache', 'org.apache.jasper.compiler.TldLocationsCache@6403745f')
nov. 28, 2013 4:03:56 PM org.apache.catalina.core.ApplicationContext log
INFO: Closing Spring root WebApplicationContext
nov. 28, 2013 4:04:01 PM org.apache.catalina.core.ApplicationContext log
INFO: SessionListener: contextDestroyed()
nov. 28, 2013 4:04:01 PM org.apache.catalina.core.ApplicationContext log
INFO: ContextListener: contextDestroyed()
nov. 28, 2013 4:04:19 PM org.apache.catalina.core.ApplicationContext log
INFO: ContextListener: contextInitialized()
nov. 28, 2013 4:04:19 PM org.apache.catalina.core.ApplicationContext log
INFO: SessionListener: contextInitialized()
nov. 28, 2013 4:04:19 PM org.apache.catalina.core.ApplicationContext log
INFO: ContextListener: attributeAdded('org.apache.jasper.compiler.TldLocationsCache', 'org.apache.jasper.compiler.TldLocationsCache@3bbbe185')
nov. 28, 2013 4:04:36 PM org.apache.catalina.core.ApplicationContext log
INFO: No Spring WebApplicationInitializer types detected on classpath
nov. 28, 2013 4:04:36 PM org.apache.catalina.core.ApplicationContext log
INFO: Initializing Spring root WebApplicationContext
nov. 28, 2013 4:05:45 PM org.apache.catalina.core.ApplicationContext log
INFO: SessionListener: contextDestroyed()
nov. 28, 2013 4:05:45 PM org.apache.catalina.core.ApplicationContext log
INFO: ContextListener: contextDestroyed()
nov. 28, 2013 4:05:45 PM org.apache.catalina.core.ApplicationContext log
INFO: Closing Spring root WebApplicationContext
nov. 28, 2013 4:05:53 PM org.apache.catalina.core.ApplicationContext log
INFO: No Spring WebApplicationInitializer types detected on classpath
nov. 28, 2013 4:05:53 PM org.apache.catalina.core.ApplicationContext log
INFO: Initializing Spring root WebApplicationContext
nov. 28, 2013 4:05:59 PM org.apache.catalina.core.ApplicationContext log
INFO: ContextListener: contextInitialized()
nov. 28, 2013 4:05:59 PM org.apache.catalina.core.ApplicationContext log
INFO: SessionListener: contextInitialized()
nov. 28, 2013 4:05:59 PM org.apache.catalina.core.ApplicationContext log
INFO: ContextListener: attributeAdded('org.apache.jasper.compiler.TldLocationsCache', 'org.apache.jasper.compiler.TldLocationsCache@527ddc43')
nov. 28, 2013 4:05:59 PM org.apache.catalina.core.ApplicationContext log
INFO: Closing Spring root WebApplicationContext
nov. 28, 2013 4:28:02 PM org.apache.catalina.core.ApplicationContext log
INFO: SessionListener: contextDestroyed()
nov. 28, 2013 4:28:02 PM org.apache.catalina.core.ApplicationContext log
INFO: ContextListener: contextDestroyed()
nov. 28, 2013 4:29:00 PM org.apache.catalina.core.ApplicationContext log
INFO: ContextListener: contextInitialized()
nov. 28, 2013 4:29:00 PM org.apache.catalina.core.ApplicationContext log
INFO: SessionListener: contextInitialized()
nov. 28, 2013 4:29:00 PM org.apache.catalina.core.ApplicationContext log
INFO: ContextListener: attributeAdded('org.apache.jasper.compiler.TldLocationsCache', 'org.apache.jasper.compiler.TldLocationsCache@4b8bc03c')
nov. 28, 2013 4:29:12 PM org.apache.catalina.core.ApplicationContext log
INFO: No Spring WebApplicationInitializer types detected on classpath
nov. 28, 2013 4:29:12 PM org.apache.catalina.core.ApplicationContext log
INFO: Initializing Spring root WebApplicationContext
nov. 28, 2013 4:33:58 PM org.apache.catalina.core.ApplicationContext log
INFO: Closing Spring root WebApplicationContext
nov. 28, 2013 4:34:11 PM org.apache.catalina.core.ApplicationContext log
INFO: SessionListener: contextDestroyed()
nov. 28, 2013 4:34:11 PM org.apache.catalina.core.ApplicationContext log
INFO: ContextListener: contextDestroyed()
nov. 28, 2013 4:35:27 PM org.apache.catalina.core.ApplicationContext log
INFO: ContextListener: contextInitialized()
nov. 28, 2013 4:35:27 PM org.apache.catalina.core.ApplicationContext log
INFO: SessionListener: contextInitialized()
nov. 28, 2013 4:35:27 PM org.apache.catalina.core.ApplicationContext log
INFO: ContextListener: attributeAdded('org.apache.jasper.compiler.TldLocationsCache', 'org.apache.jasper.compiler.TldLocationsCache@443578f2')
nov. 28, 2013 4:35:55 PM org.apache.catalina.core.ApplicationContext log
INFO: No Spring WebApplicationInitializer types detected on classpath
nov. 28, 2013 4:35:55 PM org.apache.catalina.core.ApplicationContext log
INFO: Initializing Spring root WebApplicationContext
nov. 28, 2013 4:36:09 PM org.apache.catalina.core.ApplicationContext log
INFO: SessionListener: contextDestroyed()
nov. 28, 2013 4:36:09 PM org.apache.catalina.core.ApplicationContext log
INFO: ContextListener: contextDestroyed()
nov. 28, 2013 4:36:09 PM org.apache.catalina.core.ApplicationContext log
INFO: Closing Spring root WebApplicationContext
nov. 28, 2013 4:36:26 PM org.apache.catalina.core.ApplicationContext log
INFO: No Spring WebApplicationInitializer types detected on classpath
nov. 28, 2013 4:36:26 PM org.apache.catalina.core.ApplicationContext log
INFO: Initializing Spring root WebApplicationContext
nov. 28, 2013 4:36:33 PM org.apache.catalina.core.ApplicationContext log
INFO: ContextListener: contextInitialized()
nov. 28, 2013 4:36:33 PM org.apache.catalina.core.ApplicationContext log
INFO: SessionListener: contextInitialized()
nov. 28, 2013 4:36:33 PM org.apache.catalina.core.ApplicationContext log
INFO: ContextListener: attributeAdded('org.apache.jasper.compiler.TldLocationsCache', 'org.apache.jasper.compiler.TldLocationsCache@41de8862')
nov. 28, 2013 4:36:40 PM org.apache.catalina.core.ApplicationContext log
INFO: Closing Spring root WebApplicationContext
nov. 28, 2013 4:36:55 PM org.apache.catalina.core.ApplicationContext log
INFO: No Spring WebApplicationInitializer types detected on classpath
nov. 28, 2013 4:36:55 PM org.apache.catalina.core.ApplicationContext log
INFO: Initializing Spring root WebApplicationContext
nov. 28, 2013 4:37:24 PM org.apache.catalina.core.ApplicationContext log
INFO: SessionListener: contextDestroyed()
nov. 28, 2013 4:37:24 PM org.apache.catalina.core.ApplicationContext log
INFO: ContextListener: contextDestroyed()
nov. 28, 2013 4:37:25 PM org.apache.catalina.core.ApplicationContext log
INFO: Closing Spring root WebApplicationContext
nov. 28, 2013 4:37:30 PM org.apache.catalina.core.ApplicationContext log
INFO: No Spring WebApplicationInitializer types detected on classpath
nov. 28, 2013 4:37:31 PM org.apache.catalina.core.ApplicationContext log
INFO: Initializing Spring root WebApplicationContext
nov. 28, 2013 4:37:33 PM org.apache.catalina.core.ApplicationContext log
INFO: ContextListener: contextInitialized()
nov. 28, 2013 4:37:33 PM org.apache.catalina.core.ApplicationContext log
INFO: SessionListener: contextInitialized()
nov. 28, 2013 4:37:33 PM org.apache.catalina.core.ApplicationContext log
INFO: ContextListener: attributeAdded('org.apache.jasper.compiler.TldLocationsCache', 'org.apache.jasper.compiler.TldLocationsCache@36632125')
nov. 28, 2013 4:37:34 PM org.apache.catalina.core.ApplicationContext log
INFO: Closing Spring root WebApplicationContext
nov. 28, 2013 4:37:41 PM org.apache.catalina.core.ApplicationContext log
INFO: SessionListener: contextDestroyed()
nov. 28, 2013 4:37:41 PM org.apache.catalina.core.ApplicationContext log
INFO: ContextListener: contextDestroyed()
nov. 28, 2013 4:37:47 PM org.apache.catalina.core.ApplicationContext log
INFO: ContextListener: contextInitialized()
nov. 28, 2013 4:37:47 PM org.apache.catalina.core.ApplicationContext log
INFO: SessionListener: contextInitialized()
nov. 28, 2013 4:37:47 PM org.apache.catalina.core.ApplicationContext log
INFO: ContextListener: attributeAdded('org.apache.jasper.compiler.TldLocationsCache', 'org.apache.jasper.compiler.TldLocationsCache@461f79b5')
nov. 28, 2013 4:38:09 PM org.apache.catalina.core.ApplicationContext log
INFO: ContextListener: contextInitialized()
nov. 28, 2013 4:38:09 PM org.apache.catalina.core.ApplicationContext log
INFO: SessionListener: contextInitialized()
nov. 28, 2013 4:38:09 PM org.apache.catalina.core.ApplicationContext log
INFO: ContextListener: attributeAdded('org.apache.jasper.compiler.TldLocationsCache', 'org.apache.jasper.compiler.TldLocationsCache@347e12a')
nov. 28, 2013 4:38:10 PM org.apache.catalina.core.ApplicationContext log
INFO: SessionListener: contextDestroyed()
nov. 28, 2013 4:38:10 PM org.apache.catalina.core.ApplicationContext log
INFO: ContextListener: contextDestroyed()
nov. 28, 2013 4:38:24 PM org.apache.catalina.core.ApplicationContext log
INFO: SessionListener: contextDestroyed()
nov. 28, 2013 4:38:24 PM org.apache.catalina.core.ApplicationContext log
INFO: ContextListener: contextDestroyed()
nov. 28, 2013 4:38:36 PM org.apache.catalina.core.ApplicationContext log
INFO: ContextListener: contextInitialized()
nov. 28, 2013 4:38:36 PM org.apache.catalina.core.ApplicationContext log
INFO: SessionListener: contextInitialized()
nov. 28, 2013 4:38:36 PM org.apache.catalina.core.ApplicationContext log
INFO: ContextListener: attributeAdded('org.apache.jasper.compiler.TldLocationsCache', 'org.apache.jasper.compiler.TldLocationsCache@260674ca')
nov. 28, 2013 4:38:55 PM org.apache.catalina.core.ApplicationContext log
INFO: No Spring WebApplicationInitializer types detected on classpath
nov. 28, 2013 4:38:55 PM org.apache.catalina.core.ApplicationContext log
INFO: Initializing Spring root WebApplicationContext
nov. 28, 2013 4:39:31 PM org.apache.catalina.core.ApplicationContext log
INFO: Initializing Spring FrameworkServlet 'rest'
nov. 28, 2013 4:40:51 PM org.apache.catalina.core.ApplicationContext log
INFO: Destroying Spring FrameworkServlet 'rest'
nov. 28, 2013 4:40:51 PM org.apache.catalina.core.ApplicationContext log
INFO: Closing Spring root WebApplicationContext
nov. 28, 2013 4:41:07 PM org.apache.catalina.core.ApplicationContext log
INFO: No Spring WebApplicationInitializer types detected on classpath
nov. 28, 2013 4:41:07 PM org.apache.catalina.core.ApplicationContext log
INFO: Initializing Spring root WebApplicationContext
nov. 28, 2013 4:46:05 PM org.apache.catalina.core.ApplicationContext log
INFO: Closing Spring root WebApplicationContext
nov. 28, 2013 4:46:10 PM org.apache.catalina.core.ApplicationContext log
INFO: SessionListener: contextDestroyed()
nov. 28, 2013 4:46:10 PM org.apache.catalina.core.ApplicationContext log
INFO: ContextListener: contextDestroyed()
nov. 28, 2013 4:46:26 PM org.apache.catalina.core.ApplicationContext log
INFO: ContextListener: contextInitialized()
nov. 28, 2013 4:46:26 PM org.apache.catalina.core.ApplicationContext log
INFO: SessionListener: contextInitialized()
nov. 28, 2013 4:46:26 PM org.apache.catalina.core.ApplicationContext log
INFO: ContextListener: attributeAdded('org.apache.jasper.compiler.TldLocationsCache', 'org.apache.jasper.compiler.TldLocationsCache@3c6f7e0a')
nov. 28, 2013 4:46:36 PM org.apache.catalina.core.ApplicationContext log
INFO: No Spring WebApplicationInitializer types detected on classpath
nov. 28, 2013 4:46:36 PM org.apache.catalina.core.ApplicationContext log
INFO: Initializing Spring root WebApplicationContext
nov. 28, 2013 4:46:52 PM org.apache.catalina.core.ApplicationContext log
INFO: Initializing Spring FrameworkServlet 'rest'
nov. 28, 2013 4:48:26 PM org.apache.catalina.core.ApplicationContext log
INFO: Destroying Spring FrameworkServlet 'rest'
nov. 28, 2013 4:48:26 PM org.apache.catalina.core.ApplicationContext log
INFO: Closing Spring root WebApplicationContext
nov. 28, 2013 4:48:30 PM org.apache.catalina.core.ApplicationContext log
INFO: SessionListener: contextDestroyed()
nov. 28, 2013 4:48:30 PM org.apache.catalina.core.ApplicationContext log
INFO: ContextListener: contextDestroyed()
nov. 28, 2013 4:48:42 PM org.apache.catalina.core.ApplicationContext log
INFO: ContextListener: contextInitialized()
nov. 28, 2013 4:48:42 PM org.apache.catalina.core.ApplicationContext log
INFO: SessionListener: contextInitialized()
nov. 28, 2013 4:48:42 PM org.apache.catalina.core.ApplicationContext log
INFO: ContextListener: attributeAdded('org.apache.jasper.compiler.TldLocationsCache', 'org.apache.jasper.compiler.TldLocationsCache@28d3e49a')
nov. 28, 2013 4:48:59 PM org.apache.catalina.core.ApplicationContext log
INFO: No Spring WebApplicationInitializer types detected on classpath
nov. 28, 2013 4:48:59 PM org.apache.catalina.core.ApplicationContext log
INFO: Initializing Spring root WebApplicationContext
nov. 28, 2013 4:49:12 PM org.apache.catalina.core.ApplicationContext log
INFO: Initializing Spring FrameworkServlet 'rest'
nov. 28, 2013 4:51:57 PM org.apache.catalina.core.ApplicationContext log
INFO: Destroying Spring FrameworkServlet 'rest'
nov. 28, 2013 4:51:57 PM org.apache.catalina.core.ApplicationContext log
INFO: Closing Spring root WebApplicationContext
nov. 28, 2013 4:52:13 PM org.apache.catalina.core.ApplicationContext log
INFO: No Spring WebApplicationInitializer types detected on classpath
nov. 28, 2013 4:52:13 PM org.apache.catalina.core.ApplicationContext log
INFO: Initializing Spring root WebApplicationContext
nov. 28, 2013 4:52:27 PM org.apache.catalina.core.ApplicationContext log
INFO: Initializing Spring FrameworkServlet 'rest'
nov. 28, 2013 4:55:07 PM org.apache.catalina.core.ApplicationContext log
INFO: Destroying Spring FrameworkServlet 'rest'
nov. 28, 2013 4:55:07 PM org.apache.catalina.core.ApplicationContext log
INFO: Closing Spring root WebApplicationContext
nov. 28, 2013 4:55:15 PM org.apache.catalina.core.ApplicationContext log
INFO: No Spring WebApplicationInitializer types detected on classpath
nov. 28, 2013 4:55:15 PM org.apache.catalina.core.ApplicationContext log
INFO: Initializing Spring root WebApplicationContext
nov. 28, 2013 4:55:25 PM org.apache.catalina.core.ApplicationContext log
INFO: Initializing Spring FrameworkServlet 'rest'
nov. 28, 2013 4:56:47 PM org.apache.catalina.core.ApplicationContext log
INFO: Destroying Spring FrameworkServlet 'rest'
nov. 28, 2013 4:56:47 PM org.apache.catalina.core.ApplicationContext log
INFO: Closing Spring root WebApplicationContext
nov. 28, 2013 4:56:57 PM org.apache.catalina.core.ApplicationContext log
INFO: No Spring WebApplicationInitializer types detected on classpath
nov. 28, 2013 4:56:57 PM org.apache.catalina.core.ApplicationContext log
INFO: Initializing Spring root WebApplicationContext
nov. 28, 2013 4:57:06 PM org.apache.catalina.core.ApplicationContext log
INFO: Initializing Spring FrameworkServlet 'rest'
nov. 28, 2013 5:26:20 PM org.apache.catalina.core.ApplicationContext log
INFO: Destroying Spring FrameworkServlet 'rest'
nov. 28, 2013 5:26:20 PM org.apache.catalina.core.ApplicationContext log
INFO: Closing Spring root WebApplicationContext
nov. 28, 2013 5:26:33 PM org.apache.catalina.core.ApplicationContext log
INFO: No Spring WebApplicationInitializer types detected on classpath
nov. 28, 2013 5:26:33 PM org.apache.catalina.core.ApplicationContext log
INFO: Initializing Spring root WebApplicationContext
nov. 28, 2013 5:27:58 PM org.apache.catalina.core.ApplicationContext log
INFO: Initializing Spring FrameworkServlet 'rest'
nov. 28, 2013 5:44:16 PM org.apache.catalina.core.ApplicationContext log
INFO: Destroying Spring FrameworkServlet 'rest'
nov. 28, 2013 5:44:16 PM org.apache.catalina.core.ApplicationContext log
INFO: Closing Spring root WebApplicationContext
nov. 28, 2013 5:44:29 PM org.apache.catalina.core.ApplicationContext log
INFO: No Spring WebApplicationInitializer types detected on classpath
nov. 28, 2013 5:44:29 PM org.apache.catalina.core.ApplicationContext log
INFO: Initializing Spring root WebApplicationContext
nov. 28, 2013 5:45:49 PM org.apache.catalina.core.ApplicationContext log
INFO: SessionListener: contextDestroyed()
nov. 28, 2013 5:45:49 PM org.apache.catalina.core.ApplicationContext log
INFO: ContextListener: contextDestroyed()
nov. 28, 2013 5:45:49 PM org.apache.catalina.core.ApplicationContext log
INFO: Closing Spring root WebApplicationContext
nov. 28, 2013 5:45:55 PM org.apache.catalina.core.ApplicationContext log
INFO: No Spring WebApplicationInitializer types detected on classpath
nov. 28, 2013 5:45:55 PM org.apache.catalina.core.ApplicationContext log
INFO: Initializing Spring root WebApplicationContext
nov. 28, 2013 5:46:11 PM org.apache.catalina.core.ApplicationContext log
INFO: ContextListener: contextInitialized()
nov. 28, 2013 5:46:11 PM org.apache.catalina.core.ApplicationContext log
INFO: SessionListener: contextInitialized()
nov. 28, 2013 5:46:11 PM org.apache.catalina.core.ApplicationContext log
INFO: ContextListener: attributeAdded('org.apache.jasper.compiler.TldLocationsCache', 'org.apache.jasper.compiler.TldLocationsCache@64015331')
nov. 28, 2013 5:46:11 PM org.apache.catalina.core.ApplicationContext log
INFO: Closing Spring root WebApplicationContext
nov. 28, 2013 5:46:17 PM org.apache.catalina.core.ApplicationContext log
INFO: SessionListener: contextDestroyed()
nov. 28, 2013 5:46:17 PM org.apache.catalina.core.ApplicationContext log
INFO: ContextListener: contextDestroyed()
nov. 28, 2013 5:46:30 PM org.apache.catalina.core.ApplicationContext log
INFO: ContextListener: contextInitialized()
nov. 28, 2013 5:46:30 PM org.apache.catalina.core.ApplicationContext log
INFO: SessionListener: contextInitialized()
nov. 28, 2013 5:46:30 PM org.apache.catalina.core.ApplicationContext log
INFO: ContextListener: attributeAdded('org.apache.jasper.compiler.TldLocationsCache', 'org.apache.jasper.compiler.TldLocationsCache@2f5fea9c')
nov. 28, 2013 5:46:45 PM org.apache.catalina.core.ApplicationContext log
INFO: No Spring WebApplicationInitializer types detected on classpath
nov. 28, 2013 5:46:45 PM org.apache.catalina.core.ApplicationContext log
INFO: Initializing Spring root WebApplicationContext
nov. 28, 2013 5:47:08 PM org.apache.catalina.core.ApplicationContext log
INFO: Initializing Spring FrameworkServlet 'rest'
nov. 28, 2013 5:50:21 PM org.apache.catalina.core.ApplicationContext log
INFO: Destroying Spring FrameworkServlet 'rest'
nov. 28, 2013 5:50:21 PM org.apache.catalina.core.ApplicationContext log
INFO: Closing Spring root WebApplicationContext
nov. 28, 2013 5:50:45 PM org.apache.catalina.core.ApplicationContext log
INFO: No Spring WebApplicationInitializer types detected on classpath
nov. 28, 2013 5:50:45 PM org.apache.catalina.core.ApplicationContext log
INFO: Initializing Spring root WebApplicationContext
nov. 28, 2013 5:50:57 PM org.apache.catalina.core.ApplicationContext log
INFO: Initializing Spring FrameworkServlet 'rest'
nov. 28, 2013 6:09:18 PM org.apache.catalina.core.ApplicationContext log
INFO: Destroying Spring FrameworkServlet 'rest'
nov. 28, 2013 6:09:18 PM org.apache.catalina.core.ApplicationContext log
INFO: Closing Spring root WebApplicationContext
nov. 28, 2013 6:09:30 PM org.apache.catalina.core.ApplicationContext log
INFO: No Spring WebApplicationInitializer types detected on classpath
nov. 28, 2013 6:09:30 PM org.apache.catalina.core.ApplicationContext log
INFO: Initializing Spring root WebApplicationContext
nov. 28, 2013 6:09:47 PM org.apache.catalina.core.ApplicationContext log
INFO: Initializing Spring FrameworkServlet 'rest'
nov. 28, 2013 6:18:27 PM org.apache.catalina.core.ApplicationContext log
INFO: Destroying Spring FrameworkServlet 'rest'
nov. 28, 2013 6:18:27 PM org.apache.catalina.core.ApplicationContext log
INFO: Closing Spring root WebApplicationContext
nov. 28, 2013 6:19:36 PM org.apache.catalina.core.ApplicationContext log
INFO: No Spring WebApplicationInitializer types detected on classpath
nov. 28, 2013 6:19:36 PM org.apache.catalina.core.ApplicationContext log
INFO: Initializing Spring root WebApplicationContext
nov. 28, 2013 6:20:53 PM org.apache.catalina.core.ApplicationContext log
INFO: Initializing Spring FrameworkServlet 'rest'
nov. 28, 2013 6:29:02 PM org.apache.catalina.core.ApplicationContext log
INFO: SessionListener: contextDestroyed()
nov. 28, 2013 6:29:02 PM org.apache.catalina.core.ApplicationContext log
INFO: ContextListener: contextDestroyed()
nov. 28, 2013 6:29:02 PM org.apache.catalina.core.ApplicationContext log
INFO: Destroying Spring FrameworkServlet 'rest'
nov. 28, 2013 6:29:02 PM org.apache.catalina.core.ApplicationContext log
INFO: Closing Spring root WebApplicationContext
