nov. 29, 2013 11:13:59 AM org.apache.catalina.core.ApplicationContext log
INFO: No Spring WebApplicationInitializer types detected on classpath
nov. 29, 2013 11:13:59 AM org.apache.catalina.core.ApplicationContext log
INFO: Initializing Spring root WebApplicationContext
nov. 29, 2013 11:14:03 AM org.apache.catalina.core.ApplicationContext log
INFO: ContextListener: contextInitialized()
nov. 29, 2013 11:14:03 AM org.apache.catalina.core.ApplicationContext log
INFO: SessionListener: contextInitialized()
nov. 29, 2013 11:14:03 AM org.apache.catalina.core.ApplicationContext log
INFO: ContextListener: attributeAdded('org.apache.jasper.compiler.TldLocationsCache', 'org.apache.jasper.compiler.TldLocationsCache@a0e2cc7')
nov. 29, 2013 11:14:15 AM org.apache.catalina.core.ApplicationContext log
INFO: Closing Spring root WebApplicationContext
nov. 29, 2013 11:14:28 AM org.apache.catalina.core.ApplicationContext log
INFO: SessionListener: contextDestroyed()
nov. 29, 2013 11:14:28 AM org.apache.catalina.core.ApplicationContext log
INFO: ContextListener: contextDestroyed()
nov. 29, 2013 11:14:48 AM org.apache.catalina.core.ApplicationContext log
INFO: ContextListener: contextInitialized()
nov. 29, 2013 11:14:48 AM org.apache.catalina.core.ApplicationContext log
INFO: SessionListener: contextInitialized()
nov. 29, 2013 11:14:48 AM org.apache.catalina.core.ApplicationContext log
INFO: ContextListener: attributeAdded('org.apache.jasper.compiler.TldLocationsCache', 'org.apache.jasper.compiler.TldLocationsCache@1084027e')
nov. 29, 2013 11:15:33 AM org.apache.catalina.core.ApplicationContext log
INFO: No Spring WebApplicationInitializer types detected on classpath
nov. 29, 2013 11:15:33 AM org.apache.catalina.core.ApplicationContext log
INFO: Initializing Spring root WebApplicationContext
nov. 29, 2013 11:17:06 AM org.apache.catalina.core.ApplicationContext log
INFO: Initializing Spring FrameworkServlet 'rest'
nov. 29, 2013 11:23:04 AM org.apache.catalina.core.ApplicationContext log
INFO: Destroying Spring FrameworkServlet 'rest'
nov. 29, 2013 11:23:04 AM org.apache.catalina.core.ApplicationContext log
INFO: Closing Spring root WebApplicationContext
nov. 29, 2013 11:23:11 AM org.apache.catalina.core.ApplicationContext log
INFO: SessionListener: contextDestroyed()
nov. 29, 2013 11:23:11 AM org.apache.catalina.core.ApplicationContext log
INFO: ContextListener: contextDestroyed()
nov. 29, 2013 11:23:23 AM org.apache.catalina.core.ApplicationContext log
INFO: ContextListener: contextInitialized()
nov. 29, 2013 11:23:23 AM org.apache.catalina.core.ApplicationContext log
INFO: SessionListener: contextInitialized()
nov. 29, 2013 11:23:23 AM org.apache.catalina.core.ApplicationContext log
INFO: ContextListener: attributeAdded('org.apache.jasper.compiler.TldLocationsCache', 'org.apache.jasper.compiler.TldLocationsCache@2bd30166')
nov. 29, 2013 11:23:28 AM org.apache.catalina.core.ApplicationContext log
INFO: No Spring WebApplicationInitializer types detected on classpath
nov. 29, 2013 11:23:29 AM org.apache.catalina.core.ApplicationContext log
INFO: Initializing Spring root WebApplicationContext
nov. 29, 2013 11:23:49 AM org.apache.catalina.core.ApplicationContext log
INFO: Initializing Spring FrameworkServlet 'rest'
nov. 29, 2013 11:27:53 AM org.apache.catalina.core.ApplicationContext log
INFO: Destroying Spring FrameworkServlet 'rest'
nov. 29, 2013 11:27:53 AM org.apache.catalina.core.ApplicationContext log
INFO: Closing Spring root WebApplicationContext
nov. 29, 2013 11:28:15 AM org.apache.catalina.core.ApplicationContext log
INFO: No Spring WebApplicationInitializer types detected on classpath
nov. 29, 2013 11:28:15 AM org.apache.catalina.core.ApplicationContext log
INFO: Initializing Spring root WebApplicationContext
nov. 29, 2013 11:28:27 AM org.apache.catalina.core.ApplicationContext log
INFO: Initializing Spring FrameworkServlet 'rest'
nov. 29, 2013 11:31:19 AM org.apache.catalina.core.ApplicationContext log
INFO: Destroying Spring FrameworkServlet 'rest'
nov. 29, 2013 11:31:19 AM org.apache.catalina.core.ApplicationContext log
INFO: Closing Spring root WebApplicationContext
nov. 29, 2013 11:31:37 AM org.apache.catalina.core.ApplicationContext log
INFO: No Spring WebApplicationInitializer types detected on classpath
nov. 29, 2013 11:31:37 AM org.apache.catalina.core.ApplicationContext log
INFO: Initializing Spring root WebApplicationContext
nov. 29, 2013 11:31:52 AM org.apache.catalina.core.ApplicationContext log
INFO: Initializing Spring FrameworkServlet 'rest'
nov. 29, 2013 12:10:16 PM org.apache.catalina.core.ApplicationContext log
INFO: Destroying Spring FrameworkServlet 'rest'
nov. 29, 2013 12:10:16 PM org.apache.catalina.core.ApplicationContext log
INFO: Closing Spring root WebApplicationContext
nov. 29, 2013 12:10:52 PM org.apache.catalina.core.ApplicationContext log
INFO: No Spring WebApplicationInitializer types detected on classpath
nov. 29, 2013 12:10:52 PM org.apache.catalina.core.ApplicationContext log
INFO: Initializing Spring root WebApplicationContext
nov. 29, 2013 12:11:06 PM org.apache.catalina.core.ApplicationContext log
INFO: Initializing Spring FrameworkServlet 'rest'
nov. 29, 2013 12:13:46 PM org.apache.catalina.core.ApplicationContext log
INFO: Destroying Spring FrameworkServlet 'rest'
nov. 29, 2013 12:13:46 PM org.apache.catalina.core.ApplicationContext log
INFO: Closing Spring root WebApplicationContext
nov. 29, 2013 12:14:02 PM org.apache.catalina.core.ApplicationContext log
INFO: SessionListener: contextDestroyed()
nov. 29, 2013 12:14:02 PM org.apache.catalina.core.ApplicationContext log
INFO: ContextListener: contextDestroyed()
nov. 29, 2013 12:14:11 PM org.apache.catalina.core.ApplicationContext log
INFO: ContextListener: contextInitialized()
nov. 29, 2013 12:14:12 PM org.apache.catalina.core.ApplicationContext log
INFO: SessionListener: contextInitialized()
nov. 29, 2013 12:14:12 PM org.apache.catalina.core.ApplicationContext log
INFO: ContextListener: attributeAdded('org.apache.jasper.compiler.TldLocationsCache', 'org.apache.jasper.compiler.TldLocationsCache@12c24609')
nov. 29, 2013 12:14:24 PM org.apache.catalina.core.ApplicationContext log
INFO: No Spring WebApplicationInitializer types detected on classpath
nov. 29, 2013 12:14:24 PM org.apache.catalina.core.ApplicationContext log
INFO: Initializing Spring root WebApplicationContext
nov. 29, 2013 12:15:25 PM org.apache.catalina.core.ApplicationContext log
INFO: Initializing Spring FrameworkServlet 'rest'
nov. 29, 2013 12:20:23 PM org.apache.catalina.core.ApplicationContext log
INFO: Destroying Spring FrameworkServlet 'rest'
nov. 29, 2013 12:20:23 PM org.apache.catalina.core.ApplicationContext log
INFO: Closing Spring root WebApplicationContext
nov. 29, 2013 12:20:26 PM org.apache.catalina.core.ApplicationContext log
INFO: SessionListener: contextDestroyed()
nov. 29, 2013 12:20:26 PM org.apache.catalina.core.ApplicationContext log
INFO: ContextListener: contextDestroyed()
nov. 29, 2013 12:20:36 PM org.apache.catalina.core.ApplicationContext log
INFO: ContextListener: contextInitialized()
nov. 29, 2013 12:20:36 PM org.apache.catalina.core.ApplicationContext log
INFO: SessionListener: contextInitialized()
nov. 29, 2013 12:20:36 PM org.apache.catalina.core.ApplicationContext log
INFO: ContextListener: attributeAdded('org.apache.jasper.compiler.TldLocationsCache', 'org.apache.jasper.compiler.TldLocationsCache@3c6f7e0a')
nov. 29, 2013 12:20:51 PM org.apache.catalina.core.ApplicationContext log
INFO: No Spring WebApplicationInitializer types detected on classpath
nov. 29, 2013 12:20:51 PM org.apache.catalina.core.ApplicationContext log
INFO: Initializing Spring root WebApplicationContext
nov. 29, 2013 12:22:16 PM org.apache.catalina.core.ApplicationContext log
INFO: Initializing Spring FrameworkServlet 'rest'
nov. 29, 2013 12:28:50 PM org.apache.catalina.core.ApplicationContext log
INFO: Destroying Spring FrameworkServlet 'rest'
nov. 29, 2013 12:28:50 PM org.apache.catalina.core.ApplicationContext log
INFO: Closing Spring root WebApplicationContext
