nov. 30, 2013 12:13:14 AM org.apache.catalina.core.ApplicationContext log
INFO: HTMLManager: list: Listing contexts for virtual host 'localhost'
nov. 30, 2013 12:13:17 AM org.apache.catalina.core.ApplicationContext log
INFO: HTMLManager: undeploy: Undeploying web application at '/reader-services-0.1-SNAPSHOT'
nov. 30, 2013 12:13:18 AM org.apache.catalina.core.ApplicationContext log
INFO: HTMLManager: list: Listing contexts for virtual host 'localhost'
nov. 30, 2013 12:13:57 AM org.apache.catalina.core.ApplicationContext log
INFO: HTMLManager: init: Associated with Deployer 'Catalina:type=Deployer,host=localhost'
nov. 30, 2013 12:13:57 AM org.apache.catalina.core.ApplicationContext log
INFO: HTMLManager: init: Global resources are available
nov. 30, 2013 12:14:01 AM org.apache.catalina.core.ApplicationContext log
INFO: HTMLManager: list: Listing contexts for virtual host 'localhost'
nov. 30, 2013 12:22:47 AM org.apache.catalina.core.ApplicationContext log
INFO: HTMLManager: undeploy: Undeploying web application at '/reader-services-0.1-SNAPSHOT'
nov. 30, 2013 12:22:48 AM org.apache.catalina.core.ApplicationContext log
INFO: HTMLManager: list: Listing contexts for virtual host 'localhost'
nov. 30, 2013 12:23:07 AM org.apache.catalina.core.ApplicationContext log
INFO: HTMLManager: list: Listing contexts for virtual host 'localhost'
nov. 30, 2013 12:30:17 AM org.apache.catalina.core.ApplicationContext log
INFO: HTMLManager: undeploy: Undeploying web application at '/reader-services-0.1-SNAPSHOT'
nov. 30, 2013 12:30:18 AM org.apache.catalina.core.ApplicationContext log
INFO: HTMLManager: list: Listing contexts for virtual host 'localhost'
nov. 30, 2013 12:30:33 AM org.apache.catalina.core.ApplicationContext log
INFO: HTMLManager: list: Listing contexts for virtual host 'localhost'
nov. 30, 2013 12:58:00 AM org.apache.catalina.core.ApplicationContext log
INFO: HTMLManager: undeploy: Undeploying web application at '/reader-services-0.1-SNAPSHOT'
nov. 30, 2013 12:58:00 AM org.apache.catalina.core.ApplicationContext log
INFO: HTMLManager: list: Listing contexts for virtual host 'localhost'
nov. 30, 2013 12:58:14 AM org.apache.catalina.core.ApplicationContext log
INFO: HTMLManager: list: Listing contexts for virtual host 'localhost'
nov. 30, 2013 1:06:00 AM org.apache.catalina.core.ApplicationContext log
INFO: HTMLManager: undeploy: Undeploying web application at '/reader-services-0.1-SNAPSHOT'
nov. 30, 2013 1:06:01 AM org.apache.catalina.core.ApplicationContext log
INFO: HTMLManager: list: Listing contexts for virtual host 'localhost'
nov. 30, 2013 1:06:16 AM org.apache.catalina.core.ApplicationContext log
INFO: HTMLManager: list: Listing contexts for virtual host 'localhost'
nov. 30, 2013 1:08:18 AM org.apache.catalina.core.ApplicationContext log
INFO: HTMLManager: undeploy: Undeploying web application at '/reader-services-0.1-SNAPSHOT'
nov. 30, 2013 1:08:19 AM org.apache.catalina.core.ApplicationContext log
INFO: HTMLManager: list: Listing contexts for virtual host 'localhost'
nov. 30, 2013 1:08:34 AM org.apache.catalina.core.ApplicationContext log
INFO: HTMLManager: list: Listing contexts for virtual host 'localhost'
nov. 30, 2013 1:28:18 AM org.apache.catalina.core.ApplicationContext log
INFO: HTMLManager: undeploy: Undeploying web application at '/reader-services-0.1-SNAPSHOT'
nov. 30, 2013 1:28:19 AM org.apache.catalina.core.ApplicationContext log
INFO: HTMLManager: list: Listing contexts for virtual host 'localhost'
nov. 30, 2013 1:28:30 AM org.apache.catalina.core.ApplicationContext log
INFO: HTMLManager: list: Listing contexts for virtual host 'localhost'
nov. 30, 2013 1:42:36 AM org.apache.catalina.core.ApplicationContext log
INFO: HTMLManager: undeploy: Undeploying web application at '/reader-services-0.1-SNAPSHOT'
nov. 30, 2013 1:42:37 AM org.apache.catalina.core.ApplicationContext log
INFO: HTMLManager: list: Listing contexts for virtual host 'localhost'
nov. 30, 2013 1:42:49 AM org.apache.catalina.core.ApplicationContext log
INFO: HTMLManager: list: Listing contexts for virtual host 'localhost'
nov. 30, 2013 1:46:21 AM org.apache.catalina.core.ApplicationContext log
INFO: HTMLManager: undeploy: Undeploying web application at '/reader-services-0.1-SNAPSHOT'
nov. 30, 2013 1:46:22 AM org.apache.catalina.core.ApplicationContext log
INFO: HTMLManager: list: Listing contexts for virtual host 'localhost'
nov. 30, 2013 1:46:32 AM org.apache.catalina.core.ApplicationContext log
INFO: HTMLManager: list: Listing contexts for virtual host 'localhost'
nov. 30, 2013 1:49:54 AM org.apache.catalina.core.ApplicationContext log
INFO: HTMLManager: undeploy: Undeploying web application at '/reader-services-0.1-SNAPSHOT'
nov. 30, 2013 1:49:55 AM org.apache.catalina.core.ApplicationContext log
INFO: HTMLManager: list: Listing contexts for virtual host 'localhost'
nov. 30, 2013 1:50:03 AM org.apache.catalina.core.ApplicationContext log
INFO: HTMLManager: install: Installing web application '/' from 'null'
nov. 30, 2013 1:50:03 AM org.apache.catalina.core.ApplicationContext log
INFO: HTMLManager: list: Listing contexts for virtual host 'localhost'
nov. 30, 2013 1:50:11 AM org.apache.catalina.core.ApplicationContext log
INFO: HTMLManager: list: Listing contexts for virtual host 'localhost'
nov. 30, 2013 1:53:58 AM org.apache.catalina.core.ApplicationContext log
INFO: HTMLManager: undeploy: Undeploying web application at '/reader-services-0.1-SNAPSHOT'
nov. 30, 2013 1:53:59 AM org.apache.catalina.core.ApplicationContext log
INFO: HTMLManager: list: Listing contexts for virtual host 'localhost'
nov. 30, 2013 1:55:05 AM org.apache.catalina.core.ApplicationContext log
INFO: HTMLManager: init: Associated with Deployer 'Catalina:type=Deployer,host=localhost'
nov. 30, 2013 1:55:05 AM org.apache.catalina.core.ApplicationContext log
INFO: HTMLManager: init: Global resources are available
nov. 30, 2013 1:55:08 AM org.apache.catalina.core.ApplicationContext log
INFO: HTMLManager: list: Listing contexts for virtual host 'localhost'
nov. 30, 2013 2:00:01 AM org.apache.catalina.core.ApplicationContext log
INFO: HTMLManager: undeploy: Undeploying web application at '/reader-services-0.1-SNAPSHOT'
nov. 30, 2013 2:00:02 AM org.apache.catalina.core.ApplicationContext log
INFO: HTMLManager: list: Listing contexts for virtual host 'localhost'
nov. 30, 2013 2:00:14 AM org.apache.catalina.core.ApplicationContext log
INFO: HTMLManager: list: Listing contexts for virtual host 'localhost'
nov. 30, 2013 2:13:47 AM org.apache.catalina.core.ApplicationContext log
INFO: HTMLManager: undeploy: Undeploying web application at '/reader-services-0.1-SNAPSHOT'
nov. 30, 2013 2:13:47 AM org.apache.catalina.core.ApplicationContext log
INFO: HTMLManager: list: Listing contexts for virtual host 'localhost'
nov. 30, 2013 2:13:55 AM org.apache.catalina.core.ApplicationContext log
INFO: HTMLManager: list: Listing contexts for virtual host 'localhost'
nov. 30, 2013 2:16:36 AM org.apache.catalina.core.ApplicationContext log
INFO: HTMLManager: undeploy: Undeploying web application at '/reader-services-0.1-SNAPSHOT'
nov. 30, 2013 2:16:37 AM org.apache.catalina.core.ApplicationContext log
INFO: HTMLManager: list: Listing contexts for virtual host 'localhost'
nov. 30, 2013 2:17:10 AM org.apache.catalina.core.ApplicationContext log
INFO: HTMLManager: init: Associated with Deployer 'Catalina:type=Deployer,host=localhost'
nov. 30, 2013 2:17:10 AM org.apache.catalina.core.ApplicationContext log
INFO: HTMLManager: init: Global resources are available
nov. 30, 2013 2:17:13 AM org.apache.catalina.core.ApplicationContext log
INFO: HTMLManager: list: Listing contexts for virtual host 'localhost'
nov. 30, 2013 2:27:06 AM org.apache.catalina.core.ApplicationContext log
INFO: HTMLManager: undeploy: Undeploying web application at '/reader-services-0.1-SNAPSHOT'
nov. 30, 2013 2:27:07 AM org.apache.catalina.core.ApplicationContext log
INFO: HTMLManager: list: Listing contexts for virtual host 'localhost'
nov. 30, 2013 2:27:25 AM org.apache.catalina.core.ApplicationContext log
INFO: HTMLManager: list: Listing contexts for virtual host 'localhost'
nov. 30, 2013 2:52:48 AM org.apache.catalina.core.ApplicationContext log
INFO: HTMLManager: undeploy: Undeploying web application at '/reader-services-0.1-SNAPSHOT'
nov. 30, 2013 2:52:49 AM org.apache.catalina.core.ApplicationContext log
INFO: HTMLManager: list: Listing contexts for virtual host 'localhost'
nov. 30, 2013 2:53:08 AM org.apache.catalina.core.ApplicationContext log
INFO: HTMLManager: list: Listing contexts for virtual host 'localhost'
nov. 30, 2013 3:01:04 AM org.apache.catalina.core.ApplicationContext log
INFO: HTMLManager: undeploy: Undeploying web application at '/reader-services-0.1-SNAPSHOT'
nov. 30, 2013 3:01:05 AM org.apache.catalina.core.ApplicationContext log
INFO: HTMLManager: list: Listing contexts for virtual host 'localhost'
nov. 30, 2013 3:01:17 AM org.apache.catalina.core.ApplicationContext log
INFO: HTMLManager: list: Listing contexts for virtual host 'localhost'
nov. 30, 2013 3:14:10 AM org.apache.catalina.core.ApplicationContext log
INFO: HTMLManager: undeploy: Undeploying web application at '/reader-services-0.1-SNAPSHOT'
nov. 30, 2013 3:14:11 AM org.apache.catalina.core.ApplicationContext log
INFO: HTMLManager: list: Listing contexts for virtual host 'localhost'
nov. 30, 2013 3:14:23 AM org.apache.catalina.core.ApplicationContext log
INFO: HTMLManager: list: Listing contexts for virtual host 'localhost'
