nov. 28, 2013 12:15:03 AM org.apache.catalina.core.ApplicationContext log
INFO: HTMLManager: list: Listing contexts for virtual host 'localhost'
nov. 28, 2013 12:20:40 AM org.apache.catalina.core.ApplicationContext log
INFO: HTMLManager: undeploy: Undeploying web application at '/reader-services-0.1-SNAPSHOT'
nov. 28, 2013 12:20:41 AM org.apache.catalina.core.ApplicationContext log
INFO: HTMLManager: list: Listing contexts for virtual host 'localhost'
nov. 28, 2013 12:20:57 AM org.apache.catalina.core.ApplicationContext log
INFO: HTMLManager: list: Listing contexts for virtual host 'localhost'
nov. 28, 2013 12:25:49 AM org.apache.catalina.core.ApplicationContext log
INFO: HTMLManager: init: Associated with Deployer 'Catalina:type=Deployer,host=localhost'
nov. 28, 2013 12:25:49 AM org.apache.catalina.core.ApplicationContext log
INFO: HTMLManager: init: Global resources are available
nov. 28, 2013 12:25:49 AM org.apache.catalina.core.ApplicationContext log
INFO: HTMLManager: list: Listing contexts for virtual host 'localhost'
nov. 28, 2013 12:25:57 AM org.apache.catalina.core.ApplicationContext log
INFO: HTMLManager: list: Listing contexts for virtual host 'localhost'
nov. 28, 2013 12:26:00 AM org.apache.catalina.core.ApplicationContext log
INFO: HTMLManager: undeploy: Undeploying web application at '/reader-services-0.1-SNAPSHOT'
nov. 28, 2013 12:26:01 AM org.apache.catalina.core.ApplicationContext log
INFO: HTMLManager: list: Listing contexts for virtual host 'localhost'
nov. 28, 2013 12:26:13 AM org.apache.catalina.core.ApplicationContext log
INFO: HTMLManager: list: Listing contexts for virtual host 'localhost'
nov. 28, 2013 12:35:18 AM org.apache.catalina.core.ApplicationContext log
INFO: HTMLManager: init: Associated with Deployer 'Catalina:type=Deployer,host=localhost'
nov. 28, 2013 12:35:18 AM org.apache.catalina.core.ApplicationContext log
INFO: HTMLManager: init: Global resources are available
nov. 28, 2013 12:35:18 AM org.apache.catalina.core.ApplicationContext log
INFO: HTMLManager: list: Listing contexts for virtual host 'localhost'
nov. 28, 2013 12:35:20 AM org.apache.catalina.core.ApplicationContext log
INFO: HTMLManager: undeploy: Undeploying web application at '/reader-services-0.1-SNAPSHOT'
nov. 28, 2013 12:35:21 AM org.apache.catalina.core.ApplicationContext log
INFO: HTMLManager: list: Listing contexts for virtual host 'localhost'
nov. 28, 2013 12:36:37 AM org.apache.catalina.core.ApplicationContext log
INFO: HTMLManager: list: Listing contexts for virtual host 'localhost'
nov. 28, 2013 12:44:41 AM org.apache.catalina.core.ApplicationContext log
INFO: HTMLManager: undeploy: Undeploying web application at '/reader-services-0.1-SNAPSHOT'
nov. 28, 2013 12:44:42 AM org.apache.catalina.core.ApplicationContext log
INFO: HTMLManager: list: Listing contexts for virtual host 'localhost'
nov. 28, 2013 12:45:06 AM org.apache.catalina.core.ApplicationContext log
INFO: HTMLManager: list: Listing contexts for virtual host 'localhost'
nov. 28, 2013 12:46:28 AM org.apache.catalina.core.ApplicationContext log
INFO: HTMLManager: init: Associated with Deployer 'Catalina:type=Deployer,host=localhost'
nov. 28, 2013 12:46:28 AM org.apache.catalina.core.ApplicationContext log
INFO: HTMLManager: init: Global resources are available
nov. 28, 2013 12:46:28 AM org.apache.catalina.core.ApplicationContext log
INFO: HTMLManager: list: Listing contexts for virtual host 'localhost'
nov. 28, 2013 12:46:31 AM org.apache.catalina.core.ApplicationContext log
INFO: HTMLManager: undeploy: Undeploying web application at '/reader-services-0.1-SNAPSHOT'
nov. 28, 2013 12:46:32 AM org.apache.catalina.core.ApplicationContext log
INFO: HTMLManager: list: Listing contexts for virtual host 'localhost'
nov. 28, 2013 12:47:01 AM org.apache.catalina.core.ApplicationContext log
INFO: HTMLManager: list: Listing contexts for virtual host 'localhost'
nov. 28, 2013 12:49:45 AM org.apache.catalina.core.ApplicationContext log
INFO: HTMLManager: init: Associated with Deployer 'Catalina:type=Deployer,host=localhost'
nov. 28, 2013 12:49:45 AM org.apache.catalina.core.ApplicationContext log
INFO: HTMLManager: init: Global resources are available
nov. 28, 2013 12:49:45 AM org.apache.catalina.core.ApplicationContext log
INFO: HTMLManager: list: Listing contexts for virtual host 'localhost'
nov. 28, 2013 12:49:47 AM org.apache.catalina.core.ApplicationContext log
INFO: HTMLManager: undeploy: Undeploying web application at '/reader-services-0.1-SNAPSHOT'
nov. 28, 2013 12:49:48 AM org.apache.catalina.core.ApplicationContext log
INFO: HTMLManager: list: Listing contexts for virtual host 'localhost'
nov. 28, 2013 12:50:16 AM org.apache.catalina.core.ApplicationContext log
INFO: HTMLManager: init: Associated with Deployer 'Catalina:type=Deployer,host=localhost'
nov. 28, 2013 12:50:16 AM org.apache.catalina.core.ApplicationContext log
INFO: HTMLManager: init: Global resources are available
nov. 28, 2013 12:50:16 AM org.apache.catalina.core.ApplicationContext log
INFO: HTMLManager: list: Listing contexts for virtual host 'localhost'
nov. 28, 2013 12:50:31 AM org.apache.catalina.core.ApplicationContext log
INFO: HTMLManager: list: Listing contexts for virtual host 'localhost'
nov. 28, 2013 12:51:16 AM org.apache.catalina.core.ApplicationContext log
INFO: HTMLManager: undeploy: Undeploying web application at '/reader-services-0.1-SNAPSHOT'
nov. 28, 2013 12:51:17 AM org.apache.catalina.core.ApplicationContext log
INFO: HTMLManager: list: Listing contexts for virtual host 'localhost'
nov. 28, 2013 12:51:31 AM org.apache.catalina.core.ApplicationContext log
INFO: HTMLManager: list: Listing contexts for virtual host 'localhost'
nov. 28, 2013 1:06:04 AM org.apache.catalina.core.ApplicationContext log
INFO: HTMLManager: undeploy: Undeploying web application at '/reader-services-0.1-SNAPSHOT'
nov. 28, 2013 1:06:05 AM org.apache.catalina.core.ApplicationContext log
INFO: HTMLManager: list: Listing contexts for virtual host 'localhost'
nov. 28, 2013 1:06:14 AM org.apache.catalina.core.ApplicationContext log
INFO: HTMLManager: list: Listing contexts for virtual host 'localhost'
nov. 28, 2013 1:41:45 AM org.apache.catalina.core.ApplicationContext log
INFO: HTMLManager: list: Listing contexts for virtual host 'localhost'
nov. 28, 2013 1:41:49 AM org.apache.catalina.core.ApplicationContext log
INFO: HTMLManager: undeploy: Undeploying web application at '/reader-services-0.1-SNAPSHOT'
nov. 28, 2013 1:41:50 AM org.apache.catalina.core.ApplicationContext log
INFO: HTMLManager: list: Listing contexts for virtual host 'localhost'
nov. 28, 2013 1:41:59 AM org.apache.catalina.core.ApplicationContext log
INFO: HTMLManager: list: Listing contexts for virtual host 'localhost'
nov. 28, 2013 1:42:07 AM org.apache.catalina.core.ApplicationContext log
INFO: HTMLManager: list: Listing contexts for virtual host 'localhost'
nov. 28, 2013 1:43:28 AM org.apache.catalina.core.ApplicationContext log
INFO: HTMLManager: init: Associated with Deployer 'Catalina:type=Deployer,host=localhost'
nov. 28, 2013 1:43:28 AM org.apache.catalina.core.ApplicationContext log
INFO: HTMLManager: init: Global resources are available
nov. 28, 2013 1:43:28 AM org.apache.catalina.core.ApplicationContext log
INFO: HTMLManager: list: Listing contexts for virtual host 'localhost'
nov. 28, 2013 1:47:00 AM org.apache.catalina.core.ApplicationContext log
INFO: HTMLManager: init: Associated with Deployer 'Catalina:type=Deployer,host=localhost'
nov. 28, 2013 1:47:00 AM org.apache.catalina.core.ApplicationContext log
INFO: HTMLManager: init: Global resources are available
nov. 28, 2013 1:47:00 AM org.apache.catalina.core.ApplicationContext log
INFO: HTMLManager: undeploy: Undeploying web application at '/reader-services-0.1-SNAPSHOT'
nov. 28, 2013 1:47:01 AM org.apache.catalina.core.ApplicationContext log
INFO: HTMLManager: list: Listing contexts for virtual host 'localhost'
nov. 28, 2013 1:47:25 AM org.apache.catalina.core.ApplicationContext log
INFO: HTMLManager: init: Associated with Deployer 'Catalina:type=Deployer,host=localhost'
nov. 28, 2013 1:47:25 AM org.apache.catalina.core.ApplicationContext log
INFO: HTMLManager: init: Global resources are available
nov. 28, 2013 1:47:29 AM org.apache.catalina.core.ApplicationContext log
INFO: HTMLManager: list: Listing contexts for virtual host 'localhost'
nov. 28, 2013 1:48:13 AM org.apache.catalina.core.ApplicationContext log
INFO: HTMLManager: init: Associated with Deployer 'Catalina:type=Deployer,host=localhost'
nov. 28, 2013 1:48:13 AM org.apache.catalina.core.ApplicationContext log
INFO: HTMLManager: init: Global resources are available
nov. 28, 2013 1:48:13 AM org.apache.catalina.core.ApplicationContext log
INFO: HTMLManager: undeploy: Undeploying web application at '/reader-services-0.1-SNAPSHOT'
nov. 28, 2013 1:48:14 AM org.apache.catalina.core.ApplicationContext log
INFO: HTMLManager: list: Listing contexts for virtual host 'localhost'
nov. 28, 2013 1:48:33 AM org.apache.catalina.core.ApplicationContext log
INFO: HTMLManager: init: Associated with Deployer 'Catalina:type=Deployer,host=localhost'
nov. 28, 2013 1:48:33 AM org.apache.catalina.core.ApplicationContext log
INFO: HTMLManager: init: Global resources are available
nov. 28, 2013 1:48:37 AM org.apache.catalina.core.ApplicationContext log
INFO: HTMLManager: list: Listing contexts for virtual host 'localhost'
nov. 28, 2013 1:48:56 AM org.apache.catalina.core.ApplicationContext log
INFO: HTMLManager: undeploy: Undeploying web application at '/reader-services-0.1-SNAPSHOT'
nov. 28, 2013 1:48:57 AM org.apache.catalina.core.ApplicationContext log
INFO: HTMLManager: list: Listing contexts for virtual host 'localhost'
nov. 28, 2013 1:49:22 AM org.apache.catalina.core.ApplicationContext log
INFO: HTMLManager: init: Associated with Deployer 'Catalina:type=Deployer,host=localhost'
nov. 28, 2013 1:49:22 AM org.apache.catalina.core.ApplicationContext log
INFO: HTMLManager: init: Global resources are available
nov. 28, 2013 1:49:25 AM org.apache.catalina.core.ApplicationContext log
INFO: HTMLManager: list: Listing contexts for virtual host 'localhost'
nov. 28, 2013 1:53:22 AM org.apache.catalina.core.ApplicationContext log
INFO: HTMLManager: init: Associated with Deployer 'Catalina:type=Deployer,host=localhost'
nov. 28, 2013 1:53:22 AM org.apache.catalina.core.ApplicationContext log
INFO: HTMLManager: init: Global resources are available
nov. 28, 2013 1:53:22 AM org.apache.catalina.core.ApplicationContext log
INFO: HTMLManager: undeploy: Undeploying web application at '/reader-services-0.1-SNAPSHOT'
nov. 28, 2013 1:53:23 AM org.apache.catalina.core.ApplicationContext log
INFO: HTMLManager: list: Listing contexts for virtual host 'localhost'
nov. 28, 2013 1:53:50 AM org.apache.catalina.core.ApplicationContext log
INFO: HTMLManager: init: Associated with Deployer 'Catalina:type=Deployer,host=localhost'
nov. 28, 2013 1:53:50 AM org.apache.catalina.core.ApplicationContext log
INFO: HTMLManager: init: Global resources are available
nov. 28, 2013 1:53:53 AM org.apache.catalina.core.ApplicationContext log
INFO: HTMLManager: list: Listing contexts for virtual host 'localhost'
nov. 28, 2013 1:55:03 AM org.apache.catalina.core.ApplicationContext log
INFO: HTMLManager: undeploy: Undeploying web application at '/reader-services-0.1-SNAPSHOT'
nov. 28, 2013 1:55:04 AM org.apache.catalina.core.ApplicationContext log
INFO: HTMLManager: list: Listing contexts for virtual host 'localhost'
nov. 28, 2013 1:55:50 AM org.apache.catalina.core.ApplicationContext log
INFO: HTMLManager: init: Associated with Deployer 'Catalina:type=Deployer,host=localhost'
nov. 28, 2013 1:55:50 AM org.apache.catalina.core.ApplicationContext log
INFO: HTMLManager: init: Global resources are available
nov. 28, 2013 1:55:52 AM org.apache.catalina.core.ApplicationContext log
INFO: HTMLManager: list: Listing contexts for virtual host 'localhost'
nov. 28, 2013 1:59:31 AM org.apache.catalina.core.ApplicationContext log
INFO: HTMLManager: undeploy: Undeploying web application at '/reader-services-0.1-SNAPSHOT'
nov. 28, 2013 1:59:32 AM org.apache.catalina.core.ApplicationContext log
INFO: HTMLManager: list: Listing contexts for virtual host 'localhost'
nov. 28, 2013 2:00:13 AM org.apache.catalina.core.ApplicationContext log
INFO: HTMLManager: init: Associated with Deployer 'Catalina:type=Deployer,host=localhost'
nov. 28, 2013 2:00:13 AM org.apache.catalina.core.ApplicationContext log
INFO: HTMLManager: init: Global resources are available
nov. 28, 2013 2:00:18 AM org.apache.catalina.core.ApplicationContext log
INFO: HTMLManager: list: Listing contexts for virtual host 'localhost'
nov. 28, 2013 2:48:40 AM org.apache.catalina.core.ApplicationContext log
INFO: HTMLManager: list: Listing contexts for virtual host 'localhost'
nov. 28, 2013 2:48:43 AM org.apache.catalina.core.ApplicationContext log
INFO: HTMLManager: undeploy: Undeploying web application at '/reader-services-0.1-SNAPSHOT'
nov. 28, 2013 2:48:44 AM org.apache.catalina.core.ApplicationContext log
INFO: HTMLManager: list: Listing contexts for virtual host 'localhost'
nov. 28, 2013 2:49:18 AM org.apache.catalina.core.ApplicationContext log
INFO: HTMLManager: init: Associated with Deployer 'Catalina:type=Deployer,host=localhost'
nov. 28, 2013 2:49:18 AM org.apache.catalina.core.ApplicationContext log
INFO: HTMLManager: init: Global resources are available
nov. 28, 2013 2:49:21 AM org.apache.catalina.core.ApplicationContext log
INFO: HTMLManager: list: Listing contexts for virtual host 'localhost'
nov. 28, 2013 2:53:23 AM org.apache.catalina.core.ApplicationContext log
INFO: HTMLManager: undeploy: Undeploying web application at '/reader-services-0.1-SNAPSHOT'
nov. 28, 2013 2:53:24 AM org.apache.catalina.core.ApplicationContext log
INFO: HTMLManager: list: Listing contexts for virtual host 'localhost'
nov. 28, 2013 2:53:35 AM org.apache.catalina.core.ApplicationContext log
INFO: HTMLManager: list: Listing contexts for virtual host 'localhost'
nov. 28, 2013 2:59:33 AM org.apache.catalina.core.ApplicationContext log
INFO: HTMLManager: undeploy: Undeploying web application at '/reader-services-0.1-SNAPSHOT'
nov. 28, 2013 2:59:34 AM org.apache.catalina.core.ApplicationContext log
INFO: HTMLManager: list: Listing contexts for virtual host 'localhost'
nov. 28, 2013 3:00:36 AM org.apache.catalina.core.ApplicationContext log
INFO: HTMLManager: init: Associated with Deployer 'Catalina:type=Deployer,host=localhost'
nov. 28, 2013 3:00:36 AM org.apache.catalina.core.ApplicationContext log
INFO: HTMLManager: init: Global resources are available
nov. 28, 2013 3:00:36 AM org.apache.catalina.core.ApplicationContext log
INFO: HTMLManager: list: Listing contexts for virtual host 'localhost'
nov. 28, 2013 3:00:52 AM org.apache.catalina.core.ApplicationContext log
INFO: HTMLManager: list: Listing contexts for virtual host 'localhost'
nov. 28, 2013 3:02:49 AM org.apache.catalina.core.ApplicationContext log
INFO: HTMLManager: undeploy: Undeploying web application at '/reader-services-0.1-SNAPSHOT'
nov. 28, 2013 3:02:50 AM org.apache.catalina.core.ApplicationContext log
INFO: HTMLManager: list: Listing contexts for virtual host 'localhost'
nov. 28, 2013 3:03:18 AM org.apache.catalina.core.ApplicationContext log
INFO: HTMLManager: init: Associated with Deployer 'Catalina:type=Deployer,host=localhost'
nov. 28, 2013 3:03:18 AM org.apache.catalina.core.ApplicationContext log
INFO: HTMLManager: init: Global resources are available
nov. 28, 2013 3:03:22 AM org.apache.catalina.core.ApplicationContext log
INFO: HTMLManager: list: Listing contexts for virtual host 'localhost'
nov. 28, 2013 3:03:42 AM org.apache.catalina.core.ApplicationContext log
INFO: HTMLManager: undeploy: Undeploying web application at '/reader-services-0.1-SNAPSHOT'
nov. 28, 2013 3:03:42 AM org.apache.catalina.core.ApplicationContext log
INFO: HTMLManager: list: Listing contexts for virtual host 'localhost'
nov. 28, 2013 3:04:38 AM org.apache.catalina.core.ApplicationContext log
INFO: HTMLManager: init: Associated with Deployer 'Catalina:type=Deployer,host=localhost'
nov. 28, 2013 3:04:38 AM org.apache.catalina.core.ApplicationContext log
INFO: HTMLManager: init: Global resources are available
nov. 28, 2013 3:04:38 AM org.apache.catalina.core.ApplicationContext log
INFO: HTMLManager: list: Listing contexts for virtual host 'localhost'
nov. 28, 2013 3:04:47 AM org.apache.catalina.core.ApplicationContext log
INFO: HTMLManager: list: Listing contexts for virtual host 'localhost'
nov. 28, 2013 3:05:23 AM org.apache.catalina.core.ApplicationContext log
INFO: HTMLManager: undeploy: Undeploying web application at '/reader-services-0.1-SNAPSHOT'
nov. 28, 2013 3:05:24 AM org.apache.catalina.core.ApplicationContext log
INFO: HTMLManager: list: Listing contexts for virtual host 'localhost'
nov. 28, 2013 3:06:06 AM org.apache.catalina.core.ApplicationContext log
INFO: HTMLManager: init: Associated with Deployer 'Catalina:type=Deployer,host=localhost'
nov. 28, 2013 3:06:06 AM org.apache.catalina.core.ApplicationContext log
INFO: HTMLManager: init: Global resources are available
nov. 28, 2013 3:06:09 AM org.apache.catalina.core.ApplicationContext log
INFO: HTMLManager: list: Listing contexts for virtual host 'localhost'
nov. 28, 2013 3:07:13 AM org.apache.catalina.core.ApplicationContext log
INFO: HTMLManager: undeploy: Undeploying web application at '/reader-services-0.1-SNAPSHOT'
nov. 28, 2013 3:07:14 AM org.apache.catalina.core.ApplicationContext log
INFO: HTMLManager: list: Listing contexts for virtual host 'localhost'
nov. 28, 2013 3:08:10 AM org.apache.catalina.core.ApplicationContext log
INFO: HTMLManager: init: Associated with Deployer 'Catalina:type=Deployer,host=localhost'
nov. 28, 2013 3:08:10 AM org.apache.catalina.core.ApplicationContext log
INFO: HTMLManager: init: Global resources are available
nov. 28, 2013 3:08:13 AM org.apache.catalina.core.ApplicationContext log
INFO: HTMLManager: list: Listing contexts for virtual host 'localhost'
nov. 28, 2013 3:10:40 AM org.apache.catalina.core.ApplicationContext log
INFO: HTMLManager: undeploy: Undeploying web application at '/reader-services-0.1-SNAPSHOT'
nov. 28, 2013 3:10:41 AM org.apache.catalina.core.ApplicationContext log
INFO: HTMLManager: list: Listing contexts for virtual host 'localhost'
nov. 28, 2013 3:11:10 AM org.apache.catalina.core.ApplicationContext log
INFO: HTMLManager: init: Associated with Deployer 'Catalina:type=Deployer,host=localhost'
nov. 28, 2013 3:11:10 AM org.apache.catalina.core.ApplicationContext log
INFO: HTMLManager: init: Global resources are available
nov. 28, 2013 3:11:13 AM org.apache.catalina.core.ApplicationContext log
INFO: HTMLManager: list: Listing contexts for virtual host 'localhost'
nov. 28, 2013 3:14:35 AM org.apache.catalina.core.ApplicationContext log
INFO: HTMLManager: undeploy: Undeploying web application at '/reader-services-0.1-SNAPSHOT'
nov. 28, 2013 3:14:35 AM org.apache.catalina.core.ApplicationContext log
INFO: HTMLManager: list: Listing contexts for virtual host 'localhost'
nov. 28, 2013 4:22:34 AM org.apache.catalina.core.ApplicationContext log
INFO: HTMLManager: init: Associated with Deployer 'Catalina:type=Deployer,host=localhost'
nov. 28, 2013 4:22:34 AM org.apache.catalina.core.ApplicationContext log
INFO: HTMLManager: init: Global resources are available
nov. 28, 2013 4:22:45 AM org.apache.catalina.core.ApplicationContext log
INFO: HTMLManager: list: Listing contexts for virtual host 'localhost'
nov. 28, 2013 4:22:54 AM org.apache.catalina.core.ApplicationContext log
INFO: HTMLManager: list: Listing contexts for virtual host 'localhost'
nov. 28, 2013 4:23:58 AM org.apache.catalina.core.ApplicationContext log
INFO: HTMLManager: undeploy: Undeploying web application at '/reader-services-0.1-SNAPSHOT'
nov. 28, 2013 4:23:59 AM org.apache.catalina.core.ApplicationContext log
INFO: HTMLManager: list: Listing contexts for virtual host 'localhost'
nov. 28, 2013 4:25:07 AM org.apache.catalina.core.ApplicationContext log
INFO: HTMLManager: init: Associated with Deployer 'Catalina:type=Deployer,host=localhost'
nov. 28, 2013 4:25:07 AM org.apache.catalina.core.ApplicationContext log
INFO: HTMLManager: init: Global resources are available
nov. 28, 2013 4:25:10 AM org.apache.catalina.core.ApplicationContext log
INFO: HTMLManager: list: Listing contexts for virtual host 'localhost'
nov. 28, 2013 4:28:50 AM org.apache.catalina.core.ApplicationContext log
INFO: HTMLManager: undeploy: Undeploying web application at '/reader-services-0.1-SNAPSHOT'
nov. 28, 2013 4:28:51 AM org.apache.catalina.core.ApplicationContext log
INFO: HTMLManager: list: Listing contexts for virtual host 'localhost'
nov. 28, 2013 4:31:23 AM org.apache.catalina.core.ApplicationContext log
INFO: HTMLManager: init: Associated with Deployer 'Catalina:type=Deployer,host=localhost'
nov. 28, 2013 4:31:23 AM org.apache.catalina.core.ApplicationContext log
INFO: HTMLManager: init: Global resources are available
nov. 28, 2013 4:31:23 AM org.apache.catalina.core.ApplicationContext log
INFO: HTMLManager: list: Listing contexts for virtual host 'localhost'
nov. 28, 2013 4:31:38 AM org.apache.catalina.core.ApplicationContext log
INFO: HTMLManager: list: Listing contexts for virtual host 'localhost'
nov. 28, 2013 4:33:28 AM org.apache.catalina.core.ApplicationContext log
INFO: HTMLManager: undeploy: Undeploying web application at '/reader-services-0.1-SNAPSHOT'
nov. 28, 2013 4:33:29 AM org.apache.catalina.core.ApplicationContext log
INFO: HTMLManager: list: Listing contexts for virtual host 'localhost'
nov. 28, 2013 4:34:15 AM org.apache.catalina.core.ApplicationContext log
INFO: HTMLManager: init: Associated with Deployer 'Catalina:type=Deployer,host=localhost'
nov. 28, 2013 4:34:15 AM org.apache.catalina.core.ApplicationContext log
INFO: HTMLManager: init: Global resources are available
nov. 28, 2013 4:34:18 AM org.apache.catalina.core.ApplicationContext log
INFO: HTMLManager: list: Listing contexts for virtual host 'localhost'
nov. 28, 2013 3:53:58 PM org.apache.catalina.core.ApplicationContext log
INFO: HTMLManager: init: Associated with Deployer 'Catalina:type=Deployer,host=localhost'
nov. 28, 2013 3:53:58 PM org.apache.catalina.core.ApplicationContext log
INFO: HTMLManager: init: Global resources are available
nov. 28, 2013 3:53:58 PM org.apache.catalina.core.ApplicationContext log
INFO: HTMLManager: list: Listing contexts for virtual host 'localhost'
nov. 28, 2013 3:56:27 PM org.apache.catalina.core.ApplicationContext log
INFO: HTMLManager: undeploy: Undeploying web application at '/reader-services-0.1-SNAPSHOT'
nov. 28, 2013 3:56:28 PM org.apache.catalina.core.ApplicationContext log
INFO: HTMLManager: list: Listing contexts for virtual host 'localhost'
nov. 28, 2013 3:57:15 PM org.apache.catalina.core.ApplicationContext log
INFO: HTMLManager: init: Associated with Deployer 'Catalina:type=Deployer,host=localhost'
nov. 28, 2013 3:57:15 PM org.apache.catalina.core.ApplicationContext log
INFO: HTMLManager: init: Global resources are available
nov. 28, 2013 3:57:18 PM org.apache.catalina.core.ApplicationContext log
INFO: HTMLManager: list: Listing contexts for virtual host 'localhost'
nov. 28, 2013 4:00:51 PM org.apache.catalina.core.ApplicationContext log
INFO: HTMLManager: init: Associated with Deployer 'Catalina:type=Deployer,host=localhost'
nov. 28, 2013 4:00:51 PM org.apache.catalina.core.ApplicationContext log
INFO: HTMLManager: init: Global resources are available
nov. 28, 2013 4:00:51 PM org.apache.catalina.core.ApplicationContext log
INFO: HTMLManager: undeploy: Undeploying web application at '/reader-services-0.1-SNAPSHOT'
nov. 28, 2013 4:00:52 PM org.apache.catalina.core.ApplicationContext log
INFO: HTMLManager: list: Listing contexts for virtual host 'localhost'
nov. 28, 2013 4:01:36 PM org.apache.catalina.core.ApplicationContext log
INFO: HTMLManager: init: Associated with Deployer 'Catalina:type=Deployer,host=localhost'
nov. 28, 2013 4:01:36 PM org.apache.catalina.core.ApplicationContext log
INFO: HTMLManager: init: Global resources are available
nov. 28, 2013 4:01:38 PM org.apache.catalina.core.ApplicationContext log
INFO: HTMLManager: list: Listing contexts for virtual host 'localhost'
nov. 28, 2013 4:03:56 PM org.apache.catalina.core.ApplicationContext log
INFO: HTMLManager: init: Associated with Deployer 'Catalina:type=Deployer,host=localhost'
nov. 28, 2013 4:03:56 PM org.apache.catalina.core.ApplicationContext log
INFO: HTMLManager: init: Global resources are available
nov. 28, 2013 4:03:56 PM org.apache.catalina.core.ApplicationContext log
INFO: HTMLManager: undeploy: Undeploying web application at '/reader-services-0.1-SNAPSHOT'
nov. 28, 2013 4:03:57 PM org.apache.catalina.core.ApplicationContext log
INFO: HTMLManager: list: Listing contexts for virtual host 'localhost'
nov. 28, 2013 4:04:35 PM org.apache.catalina.core.ApplicationContext log
INFO: HTMLManager: init: Associated with Deployer 'Catalina:type=Deployer,host=localhost'
nov. 28, 2013 4:04:35 PM org.apache.catalina.core.ApplicationContext log
INFO: HTMLManager: init: Global resources are available
nov. 28, 2013 4:04:37 PM org.apache.catalina.core.ApplicationContext log
INFO: HTMLManager: list: Listing contexts for virtual host 'localhost'
nov. 28, 2013 4:05:59 PM org.apache.catalina.core.ApplicationContext log
INFO: HTMLManager: init: Associated with Deployer 'Catalina:type=Deployer,host=localhost'
nov. 28, 2013 4:05:59 PM org.apache.catalina.core.ApplicationContext log
INFO: HTMLManager: init: Global resources are available
nov. 28, 2013 4:05:59 PM org.apache.catalina.core.ApplicationContext log
INFO: HTMLManager: undeploy: Undeploying web application at '/reader-services-0.1-SNAPSHOT'
nov. 28, 2013 4:06:00 PM org.apache.catalina.core.ApplicationContext log
INFO: HTMLManager: list: Listing contexts for virtual host 'localhost'
nov. 28, 2013 4:29:11 PM org.apache.catalina.core.ApplicationContext log
INFO: HTMLManager: init: Associated with Deployer 'Catalina:type=Deployer,host=localhost'
nov. 28, 2013 4:29:11 PM org.apache.catalina.core.ApplicationContext log
INFO: HTMLManager: init: Global resources are available
nov. 28, 2013 4:29:14 PM org.apache.catalina.core.ApplicationContext log
INFO: HTMLManager: list: Listing contexts for virtual host 'localhost'
nov. 28, 2013 4:33:52 PM org.apache.catalina.core.ApplicationContext log
INFO: HTMLManager: list: Listing contexts for virtual host 'localhost'
nov. 28, 2013 4:33:58 PM org.apache.catalina.core.ApplicationContext log
INFO: HTMLManager: undeploy: Undeploying web application at '/reader-services-0.1-SNAPSHOT'
nov. 28, 2013 4:33:59 PM org.apache.catalina.core.ApplicationContext log
INFO: HTMLManager: list: Listing contexts for virtual host 'localhost'
nov. 28, 2013 4:35:54 PM org.apache.catalina.core.ApplicationContext log
INFO: HTMLManager: init: Associated with Deployer 'Catalina:type=Deployer,host=localhost'
nov. 28, 2013 4:35:54 PM org.apache.catalina.core.ApplicationContext log
INFO: HTMLManager: init: Global resources are available
nov. 28, 2013 4:35:57 PM org.apache.catalina.core.ApplicationContext log
INFO: HTMLManager: list: Listing contexts for virtual host 'localhost'
nov. 28, 2013 4:36:40 PM org.apache.catalina.core.ApplicationContext log
INFO: HTMLManager: init: Associated with Deployer 'Catalina:type=Deployer,host=localhost'
nov. 28, 2013 4:36:40 PM org.apache.catalina.core.ApplicationContext log
INFO: HTMLManager: init: Global resources are available
nov. 28, 2013 4:36:40 PM org.apache.catalina.core.ApplicationContext log
INFO: HTMLManager: undeploy: Undeploying web application at '/reader-services-0.1-SNAPSHOT'
nov. 28, 2013 4:36:41 PM org.apache.catalina.core.ApplicationContext log
INFO: HTMLManager: list: Listing contexts for virtual host 'localhost'
nov. 28, 2013 4:37:00 PM org.apache.catalina.core.ApplicationContext log
INFO: HTMLManager: list: Listing contexts for virtual host 'localhost'
nov. 28, 2013 4:37:34 PM org.apache.catalina.core.ApplicationContext log
INFO: HTMLManager: init: Associated with Deployer 'Catalina:type=Deployer,host=localhost'
nov. 28, 2013 4:37:34 PM org.apache.catalina.core.ApplicationContext log
INFO: HTMLManager: init: Global resources are available
nov. 28, 2013 4:37:34 PM org.apache.catalina.core.ApplicationContext log
INFO: HTMLManager: undeploy: Undeploying web application at '/reader-services-0.1-SNAPSHOT'
nov. 28, 2013 4:37:35 PM org.apache.catalina.core.ApplicationContext log
INFO: HTMLManager: list: Listing contexts for virtual host 'localhost'
nov. 28, 2013 4:38:41 PM org.apache.catalina.core.ApplicationContext log
INFO: HTMLManager: init: Associated with Deployer 'Catalina:type=Deployer,host=localhost'
nov. 28, 2013 4:38:41 PM org.apache.catalina.core.ApplicationContext log
INFO: HTMLManager: init: Global resources are available
nov. 28, 2013 4:38:41 PM org.apache.catalina.core.ApplicationContext log
INFO: HTMLManager: list: Listing contexts for virtual host 'localhost'
nov. 28, 2013 4:38:56 PM org.apache.catalina.core.ApplicationContext log
INFO: HTMLManager: list: Listing contexts for virtual host 'localhost'
nov. 28, 2013 4:40:51 PM org.apache.catalina.core.ApplicationContext log
INFO: HTMLManager: undeploy: Undeploying web application at '/reader-services-0.1-SNAPSHOT'
nov. 28, 2013 4:40:52 PM org.apache.catalina.core.ApplicationContext log
INFO: HTMLManager: list: Listing contexts for virtual host 'localhost'
nov. 28, 2013 4:41:12 PM org.apache.catalina.core.ApplicationContext log
INFO: HTMLManager: list: Listing contexts for virtual host 'localhost'
nov. 28, 2013 4:46:05 PM org.apache.catalina.core.ApplicationContext log
INFO: HTMLManager: undeploy: Undeploying web application at '/reader-services-0.1-SNAPSHOT'
nov. 28, 2013 4:46:06 PM org.apache.catalina.core.ApplicationContext log
INFO: HTMLManager: list: Listing contexts for virtual host 'localhost'
nov. 28, 2013 4:46:35 PM org.apache.catalina.core.ApplicationContext log
INFO: HTMLManager: init: Associated with Deployer 'Catalina:type=Deployer,host=localhost'
nov. 28, 2013 4:46:35 PM org.apache.catalina.core.ApplicationContext log
INFO: HTMLManager: init: Global resources are available
nov. 28, 2013 4:46:38 PM org.apache.catalina.core.ApplicationContext log
INFO: HTMLManager: list: Listing contexts for virtual host 'localhost'
nov. 28, 2013 4:48:26 PM org.apache.catalina.core.ApplicationContext log
INFO: HTMLManager: undeploy: Undeploying web application at '/reader-services-0.1-SNAPSHOT'
nov. 28, 2013 4:48:27 PM org.apache.catalina.core.ApplicationContext log
INFO: HTMLManager: list: Listing contexts for virtual host 'localhost'
nov. 28, 2013 4:48:58 PM org.apache.catalina.core.ApplicationContext log
INFO: HTMLManager: init: Associated with Deployer 'Catalina:type=Deployer,host=localhost'
nov. 28, 2013 4:48:58 PM org.apache.catalina.core.ApplicationContext log
INFO: HTMLManager: init: Global resources are available
nov. 28, 2013 4:49:01 PM org.apache.catalina.core.ApplicationContext log
INFO: HTMLManager: list: Listing contexts for virtual host 'localhost'
nov. 28, 2013 4:51:57 PM org.apache.catalina.core.ApplicationContext log
INFO: HTMLManager: undeploy: Undeploying web application at '/reader-services-0.1-SNAPSHOT'
nov. 28, 2013 4:51:58 PM org.apache.catalina.core.ApplicationContext log
INFO: HTMLManager: list: Listing contexts for virtual host 'localhost'
nov. 28, 2013 4:52:15 PM org.apache.catalina.core.ApplicationContext log
INFO: HTMLManager: list: Listing contexts for virtual host 'localhost'
nov. 28, 2013 4:55:07 PM org.apache.catalina.core.ApplicationContext log
INFO: HTMLManager: undeploy: Undeploying web application at '/reader-services-0.1-SNAPSHOT'
nov. 28, 2013 4:55:08 PM org.apache.catalina.core.ApplicationContext log
INFO: HTMLManager: list: Listing contexts for virtual host 'localhost'
nov. 28, 2013 4:55:17 PM org.apache.catalina.core.ApplicationContext log
INFO: HTMLManager: list: Listing contexts for virtual host 'localhost'
nov. 28, 2013 4:56:47 PM org.apache.catalina.core.ApplicationContext log
INFO: HTMLManager: undeploy: Undeploying web application at '/reader-services-0.1-SNAPSHOT'
nov. 28, 2013 4:56:48 PM org.apache.catalina.core.ApplicationContext log
INFO: HTMLManager: list: Listing contexts for virtual host 'localhost'
nov. 28, 2013 4:56:59 PM org.apache.catalina.core.ApplicationContext log
INFO: HTMLManager: list: Listing contexts for virtual host 'localhost'
nov. 28, 2013 5:26:20 PM org.apache.catalina.core.ApplicationContext log
INFO: HTMLManager: undeploy: Undeploying web application at '/reader-services-0.1-SNAPSHOT'
nov. 28, 2013 5:26:21 PM org.apache.catalina.core.ApplicationContext log
INFO: HTMLManager: list: Listing contexts for virtual host 'localhost'
nov. 28, 2013 5:26:36 PM org.apache.catalina.core.ApplicationContext log
INFO: HTMLManager: list: Listing contexts for virtual host 'localhost'
nov. 28, 2013 5:44:16 PM org.apache.catalina.core.ApplicationContext log
INFO: HTMLManager: undeploy: Undeploying web application at '/reader-services-0.1-SNAPSHOT'
nov. 28, 2013 5:44:17 PM org.apache.catalina.core.ApplicationContext log
INFO: HTMLManager: list: Listing contexts for virtual host 'localhost'
nov. 28, 2013 5:44:33 PM org.apache.catalina.core.ApplicationContext log
INFO: HTMLManager: list: Listing contexts for virtual host 'localhost'
nov. 28, 2013 5:46:11 PM org.apache.catalina.core.ApplicationContext log
INFO: HTMLManager: init: Associated with Deployer 'Catalina:type=Deployer,host=localhost'
nov. 28, 2013 5:46:11 PM org.apache.catalina.core.ApplicationContext log
INFO: HTMLManager: init: Global resources are available
nov. 28, 2013 5:46:11 PM org.apache.catalina.core.ApplicationContext log
INFO: HTMLManager: undeploy: Undeploying web application at '/reader-services-0.1-SNAPSHOT'
nov. 28, 2013 5:46:12 PM org.apache.catalina.core.ApplicationContext log
INFO: HTMLManager: list: Listing contexts for virtual host 'localhost'
nov. 28, 2013 5:46:44 PM org.apache.catalina.core.ApplicationContext log
INFO: HTMLManager: init: Associated with Deployer 'Catalina:type=Deployer,host=localhost'
nov. 28, 2013 5:46:44 PM org.apache.catalina.core.ApplicationContext log
INFO: HTMLManager: init: Global resources are available
nov. 28, 2013 5:46:47 PM org.apache.catalina.core.ApplicationContext log
INFO: HTMLManager: list: Listing contexts for virtual host 'localhost'
nov. 28, 2013 5:50:21 PM org.apache.catalina.core.ApplicationContext log
INFO: HTMLManager: undeploy: Undeploying web application at '/reader-services-0.1-SNAPSHOT'
nov. 28, 2013 5:50:22 PM org.apache.catalina.core.ApplicationContext log
INFO: HTMLManager: list: Listing contexts for virtual host 'localhost'
nov. 28, 2013 5:50:48 PM org.apache.catalina.core.ApplicationContext log
INFO: HTMLManager: list: Listing contexts for virtual host 'localhost'
nov. 28, 2013 6:09:18 PM org.apache.catalina.core.ApplicationContext log
INFO: HTMLManager: undeploy: Undeploying web application at '/reader-services-0.1-SNAPSHOT'
nov. 28, 2013 6:09:19 PM org.apache.catalina.core.ApplicationContext log
INFO: HTMLManager: list: Listing contexts for virtual host 'localhost'
nov. 28, 2013 6:09:33 PM org.apache.catalina.core.ApplicationContext log
INFO: HTMLManager: list: Listing contexts for virtual host 'localhost'
nov. 28, 2013 6:18:27 PM org.apache.catalina.core.ApplicationContext log
INFO: HTMLManager: undeploy: Undeploying web application at '/reader-services-0.1-SNAPSHOT'
nov. 28, 2013 6:18:28 PM org.apache.catalina.core.ApplicationContext log
INFO: HTMLManager: list: Listing contexts for virtual host 'localhost'
nov. 28, 2013 6:19:39 PM org.apache.catalina.core.ApplicationContext log
INFO: HTMLManager: list: Listing contexts for virtual host 'localhost'
