26 nov. 2013 11:25:39 org.apache.catalina.core.ApplicationContext log
INFO: HTMLManager: init: Associated with Deployer 'Catalina:type=Deployer,host=localhost'
26 nov. 2013 11:25:39 org.apache.catalina.core.ApplicationContext log
INFO: HTMLManager: init: Global resources are available
26 nov. 2013 11:25:39 org.apache.catalina.core.ApplicationContext log
INFO: HTMLManager: list: Listing contexts for virtual host 'localhost'
26 nov. 2013 11:32:41 org.apache.catalina.core.ApplicationContext log
INFO: HTMLManager: list: Listing contexts for virtual host 'localhost'
26 nov. 2013 11:42:10 org.apache.catalina.core.ApplicationContext log
INFO: HTMLManager: list: Listing contexts for virtual host 'localhost'
26 nov. 2013 11:44:29 org.apache.catalina.core.ApplicationContext log
INFO: HTMLManager: list: Listing contexts for virtual host 'localhost'
26 nov. 2013 11:44:44 org.apache.catalina.core.ApplicationContext log
INFO: HTMLManager: list: Listing contexts for virtual host 'localhost'
26 nov. 2013 11:44:51 org.apache.catalina.core.ApplicationContext log
INFO: HTMLManager: undeploy: Undeploying web application at '/reader-services-0.1-SNAPSHOT'
26 nov. 2013 11:44:53 org.apache.catalina.core.ApplicationContext log
INFO: HTMLManager: list: Listing contexts for virtual host 'localhost'
26 nov. 2013 11:45:00 org.apache.catalina.core.ApplicationContext log
INFO: HTMLManager: list: Listing contexts for virtual host 'localhost'
26 nov. 2013 11:46:30 org.apache.catalina.core.ApplicationContext log
INFO: HTMLManager: list: Listing contexts for virtual host 'localhost'
26 nov. 2013 11:46:34 org.apache.catalina.core.ApplicationContext log
INFO: HTMLManager: undeploy: Undeploying web application at '/reader-services-0.1-SNAPSHOT'
26 nov. 2013 11:46:34 org.apache.catalina.core.ApplicationContext log
INFO: HTMLManager: list: Listing contexts for virtual host 'localhost'
26 nov. 2013 11:46:36 org.apache.catalina.core.ApplicationContext log
INFO: HTMLManager: install: Installing web application '/' from 'null'
26 nov. 2013 11:46:36 org.apache.catalina.core.ApplicationContext log
INFO: HTMLManager: list: Listing contexts for virtual host 'localhost'
26 nov. 2013 11:46:44 org.apache.catalina.core.ApplicationContext log
INFO: HTMLManager: list: Listing contexts for virtual host 'localhost'
26 nov. 2013 13:23:48 org.apache.catalina.core.ApplicationContext log
INFO: HTMLManager: list: Listing contexts for virtual host 'localhost'
26 nov. 2013 13:23:50 org.apache.catalina.core.ApplicationContext log
INFO: HTMLManager: stop: Stopping web application '/reader-services-0.1-SNAPSHOT'
26 nov. 2013 13:23:51 org.apache.catalina.core.ApplicationContext log
INFO: HTMLManager: list: Listing contexts for virtual host 'localhost'
26 nov. 2013 13:23:52 org.apache.catalina.core.ApplicationContext log
INFO: HTMLManager: undeploy: Undeploying web application at '/reader-services-0.1-SNAPSHOT'
26 nov. 2013 13:23:53 org.apache.catalina.core.ApplicationContext log
INFO: HTMLManager: list: Listing contexts for virtual host 'localhost'
26 nov. 2013 13:24:04 org.apache.catalina.core.ApplicationContext log
INFO: HTMLManager: list: Listing contexts for virtual host 'localhost'
26 nov. 2013 13:36:37 org.apache.catalina.core.ApplicationContext log
INFO: HTMLManager: list: Listing contexts for virtual host 'localhost'
26 nov. 2013 13:36:41 org.apache.catalina.core.ApplicationContext log
INFO: HTMLManager: stop: Stopping web application '/reader-services-0.1-SNAPSHOT'
26 nov. 2013 13:36:41 org.apache.catalina.core.ApplicationContext log
INFO: HTMLManager: list: Listing contexts for virtual host 'localhost'
26 nov. 2013 13:36:42 org.apache.catalina.core.ApplicationContext log
INFO: HTMLManager: undeploy: Undeploying web application at '/reader-services-0.1-SNAPSHOT'
26 nov. 2013 13:36:42 org.apache.catalina.core.ApplicationContext log
INFO: HTMLManager: list: Listing contexts for virtual host 'localhost'
26 nov. 2013 13:38:46 org.apache.catalina.core.ApplicationContext log
INFO: HTMLManager: list: Listing contexts for virtual host 'localhost'
26 nov. 2013 13:44:44 org.apache.catalina.core.ApplicationContext log
INFO: HTMLManager: list: Listing contexts for virtual host 'localhost'
26 nov. 2013 13:44:46 org.apache.catalina.core.ApplicationContext log
INFO: HTMLManager: undeploy: Undeploying web application at '/reader-services-0.1-SNAPSHOT'
26 nov. 2013 13:44:47 org.apache.catalina.core.ApplicationContext log
INFO: HTMLManager: list: Listing contexts for virtual host 'localhost'
26 nov. 2013 13:46:30 org.apache.catalina.core.ApplicationContext log
INFO: HTMLManager: list: Listing contexts for virtual host 'localhost'
26 nov. 2013 16:27:37 org.apache.catalina.core.ApplicationContext log
INFO: HTMLManager: init: Associated with Deployer 'Catalina:type=Deployer,host=localhost'
26 nov. 2013 16:27:37 org.apache.catalina.core.ApplicationContext log
INFO: HTMLManager: init: Global resources are available
26 nov. 2013 16:27:37 org.apache.catalina.core.ApplicationContext log
INFO: HTMLManager: list: Listing contexts for virtual host 'localhost'
26 nov. 2013 16:27:44 org.apache.catalina.core.ApplicationContext log
INFO: HTMLManager: stop: Stopping web application '/reader-services-0.1-SNAPSHOT'
26 nov. 2013 16:27:44 org.apache.catalina.core.ApplicationContext log
INFO: HTMLManager: list: Listing contexts for virtual host 'localhost'
26 nov. 2013 16:27:47 org.apache.catalina.core.ApplicationContext log
INFO: HTMLManager: undeploy: Undeploying web application at '/reader-services-0.1-SNAPSHOT'
26 nov. 2013 16:27:47 org.apache.catalina.core.ApplicationContext log
INFO: HTMLManager: list: Listing contexts for virtual host 'localhost'
26 nov. 2013 16:31:15 org.apache.catalina.core.ApplicationContext log
INFO: HTMLManager: list: Listing contexts for virtual host 'localhost'
26 nov. 2013 16:36:12 org.apache.catalina.core.ApplicationContext log
INFO: HTMLManager: list: Listing contexts for virtual host 'localhost'
26 nov. 2013 16:36:14 org.apache.catalina.core.ApplicationContext log
INFO: HTMLManager: stop: Stopping web application '/reader-services-0.1-SNAPSHOT'
26 nov. 2013 16:36:14 org.apache.catalina.core.ApplicationContext log
INFO: HTMLManager: list: Listing contexts for virtual host 'localhost'
26 nov. 2013 16:36:16 org.apache.catalina.core.ApplicationContext log
INFO: HTMLManager: undeploy: Undeploying web application at '/reader-services-0.1-SNAPSHOT'
26 nov. 2013 16:36:17 org.apache.catalina.core.ApplicationContext log
INFO: HTMLManager: list: Listing contexts for virtual host 'localhost'
26 nov. 2013 16:36:22 org.apache.catalina.core.ApplicationContext log
INFO: HTMLManager: list: Listing contexts for virtual host 'localhost'
26 nov. 2013 16:36:45 org.apache.catalina.core.ApplicationContext log
INFO: HTMLManager: list: Listing contexts for virtual host 'localhost'
26 nov. 2013 16:40:53 org.apache.catalina.core.ApplicationContext log
INFO: HTMLManager: list: Listing contexts for virtual host 'localhost'
26 nov. 2013 16:40:56 org.apache.catalina.core.ApplicationContext log
INFO: HTMLManager: stop: Stopping web application '/reader-services-0.1-SNAPSHOT'
26 nov. 2013 16:40:56 org.apache.catalina.core.ApplicationContext log
INFO: HTMLManager: list: Listing contexts for virtual host 'localhost'
26 nov. 2013 16:40:58 org.apache.catalina.core.ApplicationContext log
INFO: HTMLManager: undeploy: Undeploying web application at '/reader-services-0.1-SNAPSHOT'
26 nov. 2013 16:40:58 org.apache.catalina.core.ApplicationContext log
INFO: HTMLManager: list: Listing contexts for virtual host 'localhost'
26 nov. 2013 16:42:08 org.apache.catalina.core.ApplicationContext log
INFO: HTMLManager: list: Listing contexts for virtual host 'localhost'
26 nov. 2013 16:43:25 org.apache.catalina.core.ApplicationContext log
INFO: HTMLManager: stop: Stopping web application '/reader-services-0.1-SNAPSHOT'
26 nov. 2013 16:43:25 org.apache.catalina.core.ApplicationContext log
INFO: HTMLManager: list: Listing contexts for virtual host 'localhost'
26 nov. 2013 16:43:26 org.apache.catalina.core.ApplicationContext log
INFO: HTMLManager: undeploy: Undeploying web application at '/reader-services-0.1-SNAPSHOT'
26 nov. 2013 16:43:27 org.apache.catalina.core.ApplicationContext log
INFO: HTMLManager: list: Listing contexts for virtual host 'localhost'
26 nov. 2013 16:45:27 org.apache.catalina.core.ApplicationContext log
INFO: HTMLManager: list: Listing contexts for virtual host 'localhost'
26 nov. 2013 23:13:44 org.apache.catalina.core.ApplicationContext log
INFO: HTMLManager: init: Associated with Deployer 'Catalina:type=Deployer,host=localhost'
26 nov. 2013 23:13:44 org.apache.catalina.core.ApplicationContext log
INFO: HTMLManager: init: Global resources are available
26 nov. 2013 23:13:44 org.apache.catalina.core.ApplicationContext log
INFO: HTMLManager: list: Listing contexts for virtual host 'localhost'
26 nov. 2013 23:13:58 org.apache.catalina.core.ApplicationContext log
INFO: HTMLManager: undeploy: Undeploying web application at '/reader-services-0.1-SNAPSHOT'
26 nov. 2013 23:14:00 org.apache.catalina.core.ApplicationContext log
INFO: HTMLManager: list: Listing contexts for virtual host 'localhost'
26 nov. 2013 23:41:33 org.apache.catalina.core.ApplicationContext log
INFO: HTMLManager: list: Listing contexts for virtual host 'localhost'
26 nov. 2013 23:50:34 org.apache.catalina.core.ApplicationContext log
INFO: HTMLManager: init: Associated with Deployer 'Catalina:type=Deployer,host=localhost'
26 nov. 2013 23:50:34 org.apache.catalina.core.ApplicationContext log
INFO: HTMLManager: init: Global resources are available
26 nov. 2013 23:50:34 org.apache.catalina.core.ApplicationContext log
INFO: HTMLManager: undeploy: Undeploying web application at '/reader-services-0.1-SNAPSHOT'
26 nov. 2013 23:50:35 org.apache.catalina.core.ApplicationContext log
INFO: HTMLManager: list: Listing contexts for virtual host 'localhost'
26 nov. 2013 23:50:44 org.apache.catalina.core.ApplicationContext log
INFO: HTMLManager: list: Listing contexts for virtual host 'localhost'
26 nov. 2013 23:51:48 org.apache.catalina.core.ApplicationContext log
INFO: HTMLManager: list: Listing contexts for virtual host 'localhost'
26 nov. 2013 23:56:10 org.apache.catalina.core.ApplicationContext log
INFO: HTMLManager: init: Associated with Deployer 'Catalina:type=Deployer,host=localhost'
26 nov. 2013 23:56:10 org.apache.catalina.core.ApplicationContext log
INFO: HTMLManager: init: Global resources are available
26 nov. 2013 23:56:10 org.apache.catalina.core.ApplicationContext log
INFO: HTMLManager: list: Listing contexts for virtual host 'localhost'
26 nov. 2013 23:56:14 org.apache.catalina.core.ApplicationContext log
INFO: HTMLManager: undeploy: Undeploying web application at '/reader-services-0.1-SNAPSHOT'
26 nov. 2013 23:56:15 org.apache.catalina.core.ApplicationContext log
INFO: HTMLManager: list: Listing contexts for virtual host 'localhost'
26 nov. 2013 23:56:25 org.apache.catalina.core.ApplicationContext log
INFO: HTMLManager: list: Listing contexts for virtual host 'localhost'
26 nov. 2013 23:58:32 org.apache.catalina.core.ApplicationContext log
INFO: HTMLManager: undeploy: Undeploying web application at '/reader-services-0.1-SNAPSHOT'
26 nov. 2013 23:58:33 org.apache.catalina.core.ApplicationContext log
INFO: HTMLManager: list: Listing contexts for virtual host 'localhost'
26 nov. 2013 23:58:59 org.apache.catalina.core.ApplicationContext log
INFO: HTMLManager: list: Listing contexts for virtual host 'localhost'
