nov. 29, 2013 11:14:11 AM org.apache.catalina.core.ApplicationContext log
INFO: HTMLManager: init: Associated with Deployer 'Catalina:type=Deployer,host=localhost'
nov. 29, 2013 11:14:11 AM org.apache.catalina.core.ApplicationContext log
INFO: HTMLManager: init: Global resources are available
nov. 29, 2013 11:14:11 AM org.apache.catalina.core.ApplicationContext log
INFO: HTMLManager: list: Listing contexts for virtual host 'localhost'
nov. 29, 2013 11:14:15 AM org.apache.catalina.core.ApplicationContext log
INFO: HTMLManager: undeploy: Undeploying web application at '/reader-services-0.1-SNAPSHOT'
nov. 29, 2013 11:14:16 AM org.apache.catalina.core.ApplicationContext log
INFO: HTMLManager: list: Listing contexts for virtual host 'localhost'
nov. 29, 2013 11:15:32 AM org.apache.catalina.core.ApplicationContext log
INFO: HTMLManager: init: Associated with Deployer 'Catalina:type=Deployer,host=localhost'
nov. 29, 2013 11:15:32 AM org.apache.catalina.core.ApplicationContext log
INFO: HTMLManager: init: Global resources are available
nov. 29, 2013 11:15:35 AM org.apache.catalina.core.ApplicationContext log
INFO: HTMLManager: list: Listing contexts for virtual host 'localhost'
nov. 29, 2013 11:23:04 AM org.apache.catalina.core.ApplicationContext log
INFO: HTMLManager: undeploy: Undeploying web application at '/reader-services-0.1-SNAPSHOT'
nov. 29, 2013 11:23:05 AM org.apache.catalina.core.ApplicationContext log
INFO: HTMLManager: list: Listing contexts for virtual host 'localhost'
nov. 29, 2013 11:23:27 AM org.apache.catalina.core.ApplicationContext log
INFO: HTMLManager: init: Associated with Deployer 'Catalina:type=Deployer,host=localhost'
nov. 29, 2013 11:23:27 AM org.apache.catalina.core.ApplicationContext log
INFO: HTMLManager: init: Global resources are available
nov. 29, 2013 11:23:30 AM org.apache.catalina.core.ApplicationContext log
INFO: HTMLManager: list: Listing contexts for virtual host 'localhost'
nov. 29, 2013 11:27:51 AM org.apache.catalina.core.ApplicationContext log
INFO: HTMLManager: undeploy: Undeploying web application at '/reader-services-0.1-SNAPSHOT'
nov. 29, 2013 11:27:54 AM org.apache.catalina.core.ApplicationContext log
INFO: HTMLManager: list: Listing contexts for virtual host 'localhost'
nov. 29, 2013 11:28:18 AM org.apache.catalina.core.ApplicationContext log
INFO: HTMLManager: list: Listing contexts for virtual host 'localhost'
nov. 29, 2013 11:31:19 AM org.apache.catalina.core.ApplicationContext log
INFO: HTMLManager: undeploy: Undeploying web application at '/reader-services-0.1-SNAPSHOT'
nov. 29, 2013 11:31:20 AM org.apache.catalina.core.ApplicationContext log
INFO: HTMLManager: list: Listing contexts for virtual host 'localhost'
nov. 29, 2013 11:31:39 AM org.apache.catalina.core.ApplicationContext log
INFO: HTMLManager: list: Listing contexts for virtual host 'localhost'
nov. 29, 2013 12:10:13 PM org.apache.catalina.core.ApplicationContext log
INFO: HTMLManager: list: Listing contexts for virtual host 'localhost'
nov. 29, 2013 12:10:16 PM org.apache.catalina.core.ApplicationContext log
INFO: HTMLManager: undeploy: Undeploying web application at '/reader-services-0.1-SNAPSHOT'
nov. 29, 2013 12:10:17 PM org.apache.catalina.core.ApplicationContext log
INFO: HTMLManager: list: Listing contexts for virtual host 'localhost'
nov. 29, 2013 12:10:54 PM org.apache.catalina.core.ApplicationContext log
INFO: HTMLManager: list: Listing contexts for virtual host 'localhost'
nov. 29, 2013 12:13:46 PM org.apache.catalina.core.ApplicationContext log
INFO: HTMLManager: undeploy: Undeploying web application at '/reader-services-0.1-SNAPSHOT'
nov. 29, 2013 12:13:47 PM org.apache.catalina.core.ApplicationContext log
INFO: HTMLManager: list: Listing contexts for virtual host 'localhost'
nov. 29, 2013 12:14:23 PM org.apache.catalina.core.ApplicationContext log
INFO: HTMLManager: init: Associated with Deployer 'Catalina:type=Deployer,host=localhost'
nov. 29, 2013 12:14:23 PM org.apache.catalina.core.ApplicationContext log
INFO: HTMLManager: init: Global resources are available
nov. 29, 2013 12:14:26 PM org.apache.catalina.core.ApplicationContext log
INFO: HTMLManager: list: Listing contexts for virtual host 'localhost'
nov. 29, 2013 12:20:23 PM org.apache.catalina.core.ApplicationContext log
INFO: HTMLManager: undeploy: Undeploying web application at '/reader-services-0.1-SNAPSHOT'
nov. 29, 2013 12:20:23 PM org.apache.catalina.core.ApplicationContext log
INFO: HTMLManager: list: Listing contexts for virtual host 'localhost'
nov. 29, 2013 12:20:50 PM org.apache.catalina.core.ApplicationContext log
INFO: HTMLManager: init: Associated with Deployer 'Catalina:type=Deployer,host=localhost'
nov. 29, 2013 12:20:50 PM org.apache.catalina.core.ApplicationContext log
INFO: HTMLManager: init: Global resources are available
nov. 29, 2013 12:20:53 PM org.apache.catalina.core.ApplicationContext log
INFO: HTMLManager: list: Listing contexts for virtual host 'localhost'
nov. 29, 2013 12:28:50 PM org.apache.catalina.core.ApplicationContext log
INFO: HTMLManager: undeploy: Undeploying web application at '/reader-services-0.1-SNAPSHOT'
nov. 29, 2013 12:28:51 PM org.apache.catalina.core.ApplicationContext log
INFO: HTMLManager: list: Listing contexts for virtual host 'localhost'
