27 nov. 2013 00:02:21 org.apache.catalina.core.ApplicationContext log
INFO: HTMLManager: init: Associated with Deployer 'Catalina:type=Deployer,host=localhost'
27 nov. 2013 00:02:21 org.apache.catalina.core.ApplicationContext log
INFO: HTMLManager: init: Global resources are available
27 nov. 2013 00:02:21 org.apache.catalina.core.ApplicationContext log
INFO: HTMLManager: list: Listing contexts for virtual host 'localhost'
27 nov. 2013 00:02:38 org.apache.catalina.core.ApplicationContext log
INFO: HTMLManager: undeploy: Undeploying web application at '/reader-services-0.1-SNAPSHOT'
27 nov. 2013 00:02:39 org.apache.catalina.core.ApplicationContext log
INFO: HTMLManager: list: Listing contexts for virtual host 'localhost'
27 nov. 2013 00:02:49 org.apache.catalina.core.ApplicationContext log
INFO: HTMLManager: list: Listing contexts for virtual host 'localhost'
27 nov. 2013 00:12:01 org.apache.catalina.core.ApplicationContext log
INFO: HTMLManager: undeploy: Undeploying web application at '/reader-services-0.1-SNAPSHOT'
27 nov. 2013 00:12:02 org.apache.catalina.core.ApplicationContext log
INFO: HTMLManager: list: Listing contexts for virtual host 'localhost'
27 nov. 2013 00:12:13 org.apache.catalina.core.ApplicationContext log
INFO: HTMLManager: list: Listing contexts for virtual host 'localhost'
27 nov. 2013 00:16:18 org.apache.catalina.core.ApplicationContext log
INFO: HTMLManager: undeploy: Undeploying web application at '/reader-services-0.1-SNAPSHOT'
27 nov. 2013 00:16:19 org.apache.catalina.core.ApplicationContext log
INFO: HTMLManager: list: Listing contexts for virtual host 'localhost'
27 nov. 2013 00:16:27 org.apache.catalina.core.ApplicationContext log
INFO: HTMLManager: list: Listing contexts for virtual host 'localhost'
27 nov. 2013 00:20:07 org.apache.catalina.core.ApplicationContext log
INFO: HTMLManager: undeploy: Undeploying web application at '/reader-services-0.1-SNAPSHOT'
27 nov. 2013 00:20:08 org.apache.catalina.core.ApplicationContext log
INFO: HTMLManager: list: Listing contexts for virtual host 'localhost'
27 nov. 2013 00:20:15 org.apache.catalina.core.ApplicationContext log
INFO: HTMLManager: list: Listing contexts for virtual host 'localhost'
27 nov. 2013 00:30:37 org.apache.catalina.core.ApplicationContext log
INFO: HTMLManager: undeploy: Undeploying web application at '/reader-services-0.1-SNAPSHOT'
27 nov. 2013 00:30:38 org.apache.catalina.core.ApplicationContext log
INFO: HTMLManager: list: Listing contexts for virtual host 'localhost'
27 nov. 2013 00:30:46 org.apache.catalina.core.ApplicationContext log
INFO: HTMLManager: list: Listing contexts for virtual host 'localhost'
27 nov. 2013 00:40:03 org.apache.catalina.core.ApplicationContext log
INFO: HTMLManager: undeploy: Undeploying web application at '/reader-services-0.1-SNAPSHOT'
27 nov. 2013 00:40:06 org.apache.catalina.core.ApplicationContext log
INFO: HTMLManager: list: Listing contexts for virtual host 'localhost'
27 nov. 2013 00:40:14 org.apache.catalina.core.ApplicationContext log
INFO: HTMLManager: list: Listing contexts for virtual host 'localhost'
27 nov. 2013 00:57:38 org.apache.catalina.core.ApplicationContext log
INFO: HTMLManager: undeploy: Undeploying web application at '/reader-services-0.1-SNAPSHOT'
27 nov. 2013 00:57:39 org.apache.catalina.core.ApplicationContext log
INFO: HTMLManager: list: Listing contexts for virtual host 'localhost'
27 nov. 2013 00:57:50 org.apache.catalina.core.ApplicationContext log
INFO: HTMLManager: list: Listing contexts for virtual host 'localhost'
27 nov. 2013 00:59:15 org.apache.catalina.core.ApplicationContext log
INFO: HTMLManager: undeploy: Undeploying web application at '/reader-services-0.1-SNAPSHOT'
27 nov. 2013 00:59:16 org.apache.catalina.core.ApplicationContext log
INFO: HTMLManager: list: Listing contexts for virtual host 'localhost'
27 nov. 2013 00:59:24 org.apache.catalina.core.ApplicationContext log
INFO: HTMLManager: list: Listing contexts for virtual host 'localhost'
27 nov. 2013 01:07:45 org.apache.catalina.core.ApplicationContext log
INFO: HTMLManager: init: Associated with Deployer 'Catalina:type=Deployer,host=localhost'
27 nov. 2013 01:07:45 org.apache.catalina.core.ApplicationContext log
INFO: HTMLManager: init: Global resources are available
27 nov. 2013 01:07:45 org.apache.catalina.core.ApplicationContext log
INFO: HTMLManager: undeploy: Undeploying web application at '/reader-services-0.1-SNAPSHOT'
27 nov. 2013 01:07:46 org.apache.catalina.core.ApplicationContext log
INFO: HTMLManager: list: Listing contexts for virtual host 'localhost'
27 nov. 2013 01:07:57 org.apache.catalina.core.ApplicationContext log
INFO: HTMLManager: list: Listing contexts for virtual host 'localhost'
27 nov. 2013 01:10:58 org.apache.catalina.core.ApplicationContext log
INFO: HTMLManager: undeploy: Undeploying web application at '/reader-services-0.1-SNAPSHOT'
27 nov. 2013 01:10:59 org.apache.catalina.core.ApplicationContext log
INFO: HTMLManager: list: Listing contexts for virtual host 'localhost'
27 nov. 2013 01:11:15 org.apache.catalina.core.ApplicationContext log
INFO: HTMLManager: list: Listing contexts for virtual host 'localhost'
27 nov. 2013 01:19:05 org.apache.catalina.core.ApplicationContext log
INFO: HTMLManager: undeploy: Undeploying web application at '/reader-services-0.1-SNAPSHOT'
27 nov. 2013 01:19:06 org.apache.catalina.core.ApplicationContext log
INFO: HTMLManager: list: Listing contexts for virtual host 'localhost'
27 nov. 2013 01:19:14 org.apache.catalina.core.ApplicationContext log
INFO: HTMLManager: list: Listing contexts for virtual host 'localhost'
nov. 27, 2013 11:47:36 PM org.apache.catalina.core.ApplicationContext log
INFO: HTMLManager: init: Associated with Deployer 'Catalina:type=Deployer,host=localhost'
nov. 27, 2013 11:47:36 PM org.apache.catalina.core.ApplicationContext log
INFO: HTMLManager: init: Global resources are available
nov. 27, 2013 11:47:36 PM org.apache.catalina.core.ApplicationContext log
INFO: HTMLManager: list: Listing contexts for virtual host 'localhost'
nov. 27, 2013 11:47:42 PM org.apache.catalina.core.ApplicationContext log
INFO: HTMLManager: undeploy: Undeploying web application at '/reader-services-0.1-SNAPSHOT'
nov. 27, 2013 11:47:43 PM org.apache.catalina.core.ApplicationContext log
INFO: HTMLManager: list: Listing contexts for virtual host 'localhost'
nov. 27, 2013 11:53:04 PM org.apache.catalina.core.ApplicationContext log
INFO: HTMLManager: list: Listing contexts for virtual host 'localhost'
